[0.420s] Invoking command in '/home/ds/your_workspace/build/husky_simulator': AMENT_PREFIX_PATH=/home/ds/your_workspace/install/husky_gazebo:/home/ds/your_workspace/install/husky_control:/home/ds/your_workspace/install/husky_description:${AMENT_PREFIX_PATH} CMAKE_PREFIX_PATH=/home/ds/your_workspace/install/husky_gazebo:/home/ds/your_workspace/install/husky_control:/home/ds/your_workspace/install/husky_description:/opt/ros/humble /usr/bin/cmake --build /home/ds/your_workspace/build/husky_simulator -- -j8 -l8
[0.448s] Invoked command in '/home/ds/your_workspace/build/husky_simulator' returned '0': AMENT_PREFIX_PATH=/home/ds/your_workspace/install/husky_gazebo:/home/ds/your_workspace/install/husky_control:/home/ds/your_workspace/install/husky_description:${AMENT_PREFIX_PATH} CMAKE_PREFIX_PATH=/home/ds/your_workspace/install/husky_gazebo:/home/ds/your_workspace/install/husky_control:/home/ds/your_workspace/install/husky_description:/opt/ros/humble /usr/bin/cmake --build /home/ds/your_workspace/build/husky_simulator -- -j8 -l8
[0.468s] Invoking command in '/home/ds/your_workspace/build/husky_simulator': AMENT_PREFIX_PATH=/home/ds/your_workspace/install/husky_gazebo:/home/ds/your_workspace/install/husky_control:/home/ds/your_workspace/install/husky_description:${AMENT_PREFIX_PATH} CMAKE_PREFIX_PATH=/home/ds/your_workspace/install/husky_gazebo:/home/ds/your_workspace/install/husky_control:/home/ds/your_workspace/install/husky_description:/opt/ros/humble /usr/bin/cmake --install /home/ds/your_workspace/build/husky_simulator
[0.473s] -- Install configuration: ""
[0.473s] -- Execute custom install script
[0.474s] -- Up-to-date symlink: /home/ds/your_workspace/install/husky_simulator/share/ament_index/resource_index/package_run_dependencies/husky_simulator
[0.474s] -- Up-to-date symlink: /home/ds/your_workspace/install/husky_simulator/share/ament_index/resource_index/parent_prefix_path/husky_simulator
[0.474s] -- Up-to-date symlink: /home/ds/your_workspace/install/husky_simulator/share/husky_simulator/environment/ament_prefix_path.sh
[0.474s] -- Up-to-date symlink: /home/ds/your_workspace/install/husky_simulator/share/husky_simulator/environment/ament_prefix_path.dsv
[0.475s] -- Up-to-date symlink: /home/ds/your_workspace/install/husky_simulator/share/husky_simulator/environment/path.sh
[0.475s] -- Up-to-date symlink: /home/ds/your_workspace/install/husky_simulator/share/husky_simulator/environment/path.dsv
[0.475s] -- Up-to-date symlink: /home/ds/your_workspace/install/husky_simulator/share/husky_simulator/local_setup.bash
[0.475s] -- Up-to-date symlink: /home/ds/your_workspace/install/husky_simulator/share/husky_simulator/local_setup.sh
[0.476s] -- Up-to-date symlink: /home/ds/your_workspace/install/husky_simulator/share/husky_simulator/local_setup.zsh
[0.476s] -- Up-to-date symlink: /home/ds/your_workspace/install/husky_simulator/share/husky_simulator/local_setup.dsv
[0.476s] -- Symlinking: /home/ds/your_workspace/install/husky_simulator/share/husky_simulator/package.dsv
[0.483s] -- Up-to-date symlink: /home/ds/your_workspace/install/husky_simulator/share/ament_index/resource_index/packages/husky_simulator
[0.483s] -- Up-to-date symlink: /home/ds/your_workspace/install/husky_simulator/share/husky_simulator/cmake/husky_simulatorConfig.cmake
[0.483s] -- Up-to-date symlink: /home/ds/your_workspace/install/husky_simulator/share/husky_simulator/cmake/husky_simulatorConfig-version.cmake
[0.483s] -- Up-to-date symlink: /home/ds/your_workspace/install/husky_simulator/share/husky_simulator/package.xml
[0.488s] Invoked command in '/home/ds/your_workspace/build/husky_simulator' returned '0': AMENT_PREFIX_PATH=/home/ds/your_workspace/install/husky_gazebo:/home/ds/your_workspace/install/husky_control:/home/ds/your_workspace/install/husky_description:${AMENT_PREFIX_PATH} CMAKE_PREFIX_PATH=/home/ds/your_workspace/install/husky_gazebo:/home/ds/your_workspace/install/husky_control:/home/ds/your_workspace/install/husky_description:/opt/ros/humble /usr/bin/cmake --install /home/ds/your_workspace/build/husky_simulator
