[0.877s] Invoking command in '/home/ds/your_workspace/build/husky_bringup': CMAKE_PREFIX_PATH=/home/ds/your_workspace/install/husky_control:/home/ds/your_workspace/install/husky_base:/home/ds/your_workspace/install/husky_msgs:/home/ds/your_workspace/install/husky_description:/home/ds/your_workspace/install/husky_desktop:/home/ds/your_workspace/install/husky_viz:/home/ds/your_workspace/install/husky_simulator:/home/ds/your_workspace/install/husky_robot:/home/ds/your_workspace/install/husky_bringup:/home/ds/your_workspace/install/husky_gazebo:/opt/ros/humble /usr/bin/cmake --build /home/ds/your_workspace/build/husky_bringup -- -j8 -l8
[0.910s] Invoked command in '/home/ds/your_workspace/build/husky_bringup' returned '0': CMAKE_PREFIX_PATH=/home/ds/your_workspace/install/husky_control:/home/ds/your_workspace/install/husky_base:/home/ds/your_workspace/install/husky_msgs:/home/ds/your_workspace/install/husky_description:/home/ds/your_workspace/install/husky_desktop:/home/ds/your_workspace/install/husky_viz:/home/ds/your_workspace/install/husky_simulator:/home/ds/your_workspace/install/husky_robot:/home/ds/your_workspace/install/husky_bringup:/home/ds/your_workspace/install/husky_gazebo:/opt/ros/humble /usr/bin/cmake --build /home/ds/your_workspace/build/husky_bringup -- -j8 -l8
[0.934s] Invoking command in '/home/ds/your_workspace/build/husky_bringup': CMAKE_PREFIX_PATH=/home/ds/your_workspace/install/husky_control:/home/ds/your_workspace/install/husky_base:/home/ds/your_workspace/install/husky_msgs:/home/ds/your_workspace/install/husky_description:/home/ds/your_workspace/install/husky_desktop:/home/ds/your_workspace/install/husky_viz:/home/ds/your_workspace/install/husky_simulator:/home/ds/your_workspace/install/husky_robot:/home/ds/your_workspace/install/husky_bringup:/home/ds/your_workspace/install/husky_gazebo:/opt/ros/humble /usr/bin/cmake --install /home/ds/your_workspace/build/husky_bringup
[0.940s] -- Install configuration: ""
[0.940s] -- Execute custom install script
[0.941s] -- Up-to-date symlink: /home/ds/your_workspace/install/husky_bringup/share/husky_bringup/config/mag_config_default.yaml
[0.941s] -- Up-to-date symlink: /home/ds/your_workspace/install/husky_bringup/share/husky_bringup/launch/accessories.launch.py
[0.941s] -- Up-to-date symlink: /home/ds/your_workspace/install/husky_bringup/share/husky_bringup/udev/10-microstrain.rules
[0.941s] -- Up-to-date symlink: /home/ds/your_workspace/install/husky_bringup/share/husky_bringup/udev/41-clearpath.rules
[0.942s] -- Up-to-date symlink: /home/ds/your_workspace/install/husky_bringup/share/husky_bringup/udev/41-hokuyo.rules
[0.942s] -- Up-to-date symlink: /home/ds/your_workspace/install/husky_bringup/share/husky_bringup/udev/41-logitech.rules
[0.942s] -- Up-to-date symlink: /home/ds/your_workspace/install/husky_bringup/share/husky_bringup/udev/52-ftdi.rules
[0.942s] -- Up-to-date symlink: /home/ds/your_workspace/install/husky_bringup/share/husky_bringup/udev/README.md
[0.942s] -- Up-to-date symlink: /home/ds/your_workspace/install/husky_bringup/lib/husky_bringup/install
[0.942s] -- Up-to-date symlink: /home/ds/your_workspace/install/husky_bringup/share/ament_index/resource_index/package_run_dependencies/husky_bringup
[0.943s] -- Up-to-date symlink: /home/ds/your_workspace/install/husky_bringup/share/ament_index/resource_index/parent_prefix_path/husky_bringup
[0.943s] -- Up-to-date symlink: /home/ds/your_workspace/install/husky_bringup/share/husky_bringup/environment/ament_prefix_path.sh
[0.943s] -- Up-to-date symlink: /home/ds/your_workspace/install/husky_bringup/share/husky_bringup/environment/ament_prefix_path.dsv
[0.943s] -- Up-to-date symlink: /home/ds/your_workspace/install/husky_bringup/share/husky_bringup/environment/path.sh
[0.944s] -- Up-to-date symlink: /home/ds/your_workspace/install/husky_bringup/share/husky_bringup/environment/path.dsv
[0.944s] -- Up-to-date symlink: /home/ds/your_workspace/install/husky_bringup/share/husky_bringup/local_setup.bash
[0.944s] -- Up-to-date symlink: /home/ds/your_workspace/install/husky_bringup/share/husky_bringup/local_setup.sh
[0.945s] -- Up-to-date symlink: /home/ds/your_workspace/install/husky_bringup/share/husky_bringup/local_setup.zsh
[0.945s] -- Up-to-date symlink: /home/ds/your_workspace/install/husky_bringup/share/husky_bringup/local_setup.dsv
[0.945s] -- Symlinking: /home/ds/your_workspace/install/husky_bringup/share/husky_bringup/package.dsv
[0.953s] -- Up-to-date symlink: /home/ds/your_workspace/install/husky_bringup/share/ament_index/resource_index/packages/husky_bringup
[0.953s] -- Up-to-date symlink: /home/ds/your_workspace/install/husky_bringup/share/husky_bringup/cmake/husky_bringupConfig.cmake
[0.954s] -- Up-to-date symlink: /home/ds/your_workspace/install/husky_bringup/share/husky_bringup/cmake/husky_bringupConfig-version.cmake
[0.954s] -- Up-to-date symlink: /home/ds/your_workspace/install/husky_bringup/share/husky_bringup/package.xml
[0.958s] Invoked command in '/home/ds/your_workspace/build/husky_bringup' returned '0': CMAKE_PREFIX_PATH=/home/ds/your_workspace/install/husky_control:/home/ds/your_workspace/install/husky_base:/home/ds/your_workspace/install/husky_msgs:/home/ds/your_workspace/install/husky_description:/home/ds/your_workspace/install/husky_desktop:/home/ds/your_workspace/install/husky_viz:/home/ds/your_workspace/install/husky_simulator:/home/ds/your_workspace/install/husky_robot:/home/ds/your_workspace/install/husky_bringup:/home/ds/your_workspace/install/husky_gazebo:/opt/ros/humble /usr/bin/cmake --install /home/ds/your_workspace/build/husky_bringup
