[0.354s] Invoking command in '/home/ds/your_workspace/build/husky_base': AMENT_PREFIX_PATH=/home/ds/your_workspace/install/husky_msgs:${AMENT_PREFIX_PATH} CMAKE_PREFIX_PATH=/home/ds/your_workspace/install/husky_msgs:/opt/ros/humble LD_LIBRARY_PATH=/home/ds/your_workspace/install/husky_msgs/lib:${LD_LIBRARY_PATH} PYTHONPATH=/home/ds/your_workspace/install/husky_msgs/local/lib/python3.10/dist-packages:${PYTHONPATH} /usr/bin/cmake /home/ds/your_workspace/src/husky/husky_base -DAMENT_CMAKE_SYMLINK_INSTALL=1 -DCMAKE_INSTALL_PREFIX=/home/ds/your_workspace/install/husky_base
[0.739s] -- The C compiler identification is GNU 11.4.0
[2.428s] -- The CXX compiler identification is GNU 11.4.0
[4.144s] -- Detecting C compiler ABI info
[4.554s] -- Detecting C compiler ABI info - done
[4.562s] -- Check for working C compiler: /usr/bin/cc - skipped
[4.562s] -- Detecting C compile features
[4.563s] -- Detecting C compile features - done
[4.566s] -- Detecting CXX compiler ABI info
[4.993s] -- Detecting CXX compiler ABI info - done
[5.005s] -- Check for working CXX compiler: /usr/bin/c++ - skipped
[5.006s] -- Detecting CXX compile features
[5.007s] -- Detecting CXX compile features - done
[5.011s] -- Found ament_cmake: 1.3.5 (/opt/ros/humble/share/ament_cmake/cmake)
[5.231s] -- Found Python3: /usr/bin/python3.10 (found version "3.10.12") found components: Interpreter 
[5.315s] -- Override CMake install command with custom implementation using symlinks instead of copying resources
[5.364s] -- Found controller_interface: 2.30.0 (/opt/ros/humble/share/controller_interface/cmake)
[5.916s] -- Found rosidl_generator_c: 3.1.5 (/opt/ros/humble/share/rosidl_generator_c/cmake)
[5.925s] -- Found rosidl_adapter: 3.1.5 (/opt/ros/humble/share/rosidl_adapter/cmake)
[5.937s] -- Found rosidl_generator_cpp: 3.1.5 (/opt/ros/humble/share/rosidl_generator_cpp/cmake)
[5.958s] -- Using all available rosidl_typesupport_c: rosidl_typesupport_fastrtps_c;rosidl_typesupport_introspection_c
[5.993s] -- Using all available rosidl_typesupport_cpp: rosidl_typesupport_fastrtps_cpp;rosidl_typesupport_introspection_cpp
[12.569s] -- Found rmw_implementation_cmake: 6.1.1 (/opt/ros/humble/share/rmw_implementation_cmake/cmake)
[12.574s] -- Found rmw_fastrtps_cpp: 6.2.3 (/opt/ros/humble/share/rmw_fastrtps_cpp/cmake)
[17.769s] -- Found OpenSSL: /usr/lib/x86_64-linux-gnu/libcrypto.so (found version "3.0.2")  
[23.087s] -- Found FastRTPS: /opt/ros/humble/include  
[32.325s] -- Using RMW implementation 'rmw_fastrtps_cpp' as default
[32.335s] -- Looking for pthread.h
[32.721s] -- Looking for pthread.h - found
[32.721s] -- Performing Test CMAKE_HAVE_LIBC_PTHREAD
[33.111s] -- Performing Test CMAKE_HAVE_LIBC_PTHREAD - Success
[33.112s] -- Found Threads: TRUE  
[33.391s] -- Found controller_manager: 2.30.0 (/opt/ros/humble/share/controller_manager/cmake)
[33.702s] -- Found husky_msgs: 1.0.8 (/home/ds/your_workspace/install/husky_msgs/share/husky_msgs/cmake)
[33.762s] -- Found nav_msgs: 4.2.3 (/opt/ros/humble/share/nav_msgs/cmake)
[33.850s] -- Found std_srvs: 4.2.3 (/opt/ros/humble/share/std_srvs/cmake)
[33.868s] -- Found tf2: 0.25.3 (/opt/ros/humble/share/tf2/cmake)
[33.877s] -- Found tf2_ros: 0.25.3 (/opt/ros/humble/share/tf2_ros/cmake)
[34.254s] -- Configuring done
[34.288s] -- Generating done
[34.289s] -- Build files have been written to: /home/ds/your_workspace/build/husky_base
[34.301s] Invoked command in '/home/ds/your_workspace/build/husky_base' returned '0': AMENT_PREFIX_PATH=/home/ds/your_workspace/install/husky_msgs:${AMENT_PREFIX_PATH} CMAKE_PREFIX_PATH=/home/ds/your_workspace/install/husky_msgs:/opt/ros/humble LD_LIBRARY_PATH=/home/ds/your_workspace/install/husky_msgs/lib:${LD_LIBRARY_PATH} PYTHONPATH=/home/ds/your_workspace/install/husky_msgs/local/lib/python3.10/dist-packages:${PYTHONPATH} /usr/bin/cmake /home/ds/your_workspace/src/husky/husky_base -DAMENT_CMAKE_SYMLINK_INSTALL=1 -DCMAKE_INSTALL_PREFIX=/home/ds/your_workspace/install/husky_base
[34.303s] Invoking command in '/home/ds/your_workspace/build/husky_base': AMENT_PREFIX_PATH=/home/ds/your_workspace/install/husky_msgs:${AMENT_PREFIX_PATH} CMAKE_PREFIX_PATH=/home/ds/your_workspace/install/husky_msgs:/opt/ros/humble LD_LIBRARY_PATH=/home/ds/your_workspace/install/husky_msgs/lib:${LD_LIBRARY_PATH} PYTHONPATH=/home/ds/your_workspace/install/husky_msgs/local/lib/python3.10/dist-packages:${PYTHONPATH} /usr/bin/cmake --build /home/ds/your_workspace/build/husky_base -- -j8 -l8
[34.347s] [  8%] [32mBuilding CXX object CMakeFiles/husky_hardware.dir/src/horizon_legacy_wrapper.cpp.o[0m
[34.347s] [ 16%] [32mBuilding CXX object CMakeFiles/husky_hardware.dir/src/horizon_legacy/crc.cpp.o[0m
[34.348s] [ 25%] [32mBuilding CXX object CMakeFiles/husky_hardware.dir/src/horizon_legacy/Message_data.cpp.o[0m
[34.348s] [ 33%] [32mBuilding CXX object CMakeFiles/husky_hardware.dir/src/husky_hardware.cpp.o[0m
[34.349s] [ 41%] [32mBuilding CXX object CMakeFiles/husky_hardware.dir/src/horizon_legacy/Message_cmd.cpp.o[0m
[34.350s] [ 58%] [32mBuilding CXX object CMakeFiles/husky_hardware.dir/src/horizon_legacy/Logger.cpp.o[0m
[34.350s] [ 58%] [32mBuilding CXX object CMakeFiles/husky_hardware.dir/src/horizon_legacy/Message.cpp.o[0m
[34.350s] [ 66%] [32mBuilding CXX object CMakeFiles/husky_hardware.dir/src/horizon_legacy/Message_request.cpp.o[0m
[34.402s] [ 75%] [32mBuilding CXX object CMakeFiles/husky_hardware.dir/src/horizon_legacy/Transport.cpp.o[0m
[34.899s] [ 83%] [32mBuilding CXX object CMakeFiles/husky_hardware.dir/src/horizon_legacy/Number.cpp.o[0m
[34.903s] [ 91%] [32mBuilding CXX object CMakeFiles/husky_hardware.dir/src/horizon_legacy/linux_serial.cpp.o[0m
[38.088s] [100%] [32m[1mLinking CXX shared library libhusky_hardware.so[0m
[38.561s] [100%] Built target husky_hardware
[38.573s] Invoked command in '/home/ds/your_workspace/build/husky_base' returned '0': AMENT_PREFIX_PATH=/home/ds/your_workspace/install/husky_msgs:${AMENT_PREFIX_PATH} CMAKE_PREFIX_PATH=/home/ds/your_workspace/install/husky_msgs:/opt/ros/humble LD_LIBRARY_PATH=/home/ds/your_workspace/install/husky_msgs/lib:${LD_LIBRARY_PATH} PYTHONPATH=/home/ds/your_workspace/install/husky_msgs/local/lib/python3.10/dist-packages:${PYTHONPATH} /usr/bin/cmake --build /home/ds/your_workspace/build/husky_base -- -j8 -l8
[38.616s] Invoking command in '/home/ds/your_workspace/build/husky_base': AMENT_PREFIX_PATH=/home/ds/your_workspace/install/husky_msgs:${AMENT_PREFIX_PATH} CMAKE_PREFIX_PATH=/home/ds/your_workspace/install/husky_msgs:/opt/ros/humble LD_LIBRARY_PATH=/home/ds/your_workspace/install/husky_msgs/lib:${LD_LIBRARY_PATH} PYTHONPATH=/home/ds/your_workspace/install/husky_msgs/local/lib/python3.10/dist-packages:${PYTHONPATH} /usr/bin/cmake --install /home/ds/your_workspace/build/husky_base
[38.621s] -- Install configuration: ""
[38.622s] -- Execute custom install script
[38.622s] -- Symlinking: /home/ds/your_workspace/install/husky_base/share/husky_base//husky_hardware.xml
[38.629s] -- Symlinking: /home/ds/your_workspace/install/husky_base/lib/libhusky_hardware.so
[38.637s] -- Symlinking: /home/ds/your_workspace/install/husky_base/include/husky_base/horizon_legacy/Exception.h
[38.644s] -- Symlinking: /home/ds/your_workspace/install/husky_base/include/husky_base/horizon_legacy/Logger.h
[38.650s] -- Symlinking: /home/ds/your_workspace/install/husky_base/include/husky_base/horizon_legacy/Message.h
[38.657s] -- Symlinking: /home/ds/your_workspace/install/husky_base/include/husky_base/horizon_legacy/Message_cmd.h
[38.664s] -- Symlinking: /home/ds/your_workspace/install/husky_base/include/husky_base/horizon_legacy/Message_data.h
[38.671s] -- Symlinking: /home/ds/your_workspace/install/husky_base/include/husky_base/horizon_legacy/Message_request.h
[38.678s] -- Symlinking: /home/ds/your_workspace/install/husky_base/include/husky_base/horizon_legacy/Number.h
[38.684s] -- Symlinking: /home/ds/your_workspace/install/husky_base/include/husky_base/horizon_legacy/Transport.h
[38.691s] -- Symlinking: /home/ds/your_workspace/install/husky_base/include/husky_base/horizon_legacy/clearpath.h
[38.699s] -- Symlinking: /home/ds/your_workspace/install/husky_base/include/husky_base/horizon_legacy/crc.h
[38.705s] -- Symlinking: /home/ds/your_workspace/install/husky_base/include/husky_base/horizon_legacy/serial.h
[38.712s] -- Symlinking: /home/ds/your_workspace/install/husky_base/include/husky_base/horizon_legacy_wrapper.h
[38.719s] -- Symlinking: /home/ds/your_workspace/install/husky_base/include/husky_base/husky_diagnostics.h
[38.726s] -- Symlinking: /home/ds/your_workspace/install/husky_base/include/husky_base/husky_hardware.hpp
[38.733s] -- Symlinking: /home/ds/your_workspace/install/husky_base/share/husky_base/launch/base.launch.py
[38.741s] -- Symlinking: /home/ds/your_workspace/install/husky_base/share/husky_base/environment/library_path.sh
[38.748s] -- Symlinking: /home/ds/your_workspace/install/husky_base/share/husky_base/environment/library_path.dsv
[38.755s] -- Symlinking: /home/ds/your_workspace/install/husky_base/share/ament_index/resource_index/package_run_dependencies/husky_base
[38.762s] -- Symlinking: /home/ds/your_workspace/install/husky_base/share/ament_index/resource_index/parent_prefix_path/husky_base
[38.769s] -- Symlinking: /home/ds/your_workspace/install/husky_base/share/husky_base/environment/ament_prefix_path.sh
[38.776s] -- Symlinking: /home/ds/your_workspace/install/husky_base/share/husky_base/environment/ament_prefix_path.dsv
[38.782s] -- Symlinking: /home/ds/your_workspace/install/husky_base/share/husky_base/environment/path.sh
[38.789s] -- Symlinking: /home/ds/your_workspace/install/husky_base/share/husky_base/environment/path.dsv
[38.796s] -- Symlinking: /home/ds/your_workspace/install/husky_base/share/husky_base/local_setup.bash
[38.802s] -- Symlinking: /home/ds/your_workspace/install/husky_base/share/husky_base/local_setup.sh
[38.810s] -- Symlinking: /home/ds/your_workspace/install/husky_base/share/husky_base/local_setup.zsh
[38.817s] -- Symlinking: /home/ds/your_workspace/install/husky_base/share/husky_base/local_setup.dsv
[38.824s] -- Symlinking: /home/ds/your_workspace/install/husky_base/share/husky_base/package.dsv
[38.830s] -- Symlinking: /home/ds/your_workspace/install/husky_base/share/ament_index/resource_index/packages/husky_base
[38.837s] -- Symlinking: /home/ds/your_workspace/install/husky_base/share/ament_index/resource_index/hardware_interface__pluginlib__plugin/husky_base
[38.845s] -- Symlinking: /home/ds/your_workspace/install/husky_base/share/husky_base/cmake/ament_cmake_export_include_directories-extras.cmake
[38.852s] -- Symlinking: /home/ds/your_workspace/install/husky_base/share/husky_base/cmake/ament_cmake_export_libraries-extras.cmake
[38.860s] -- Symlinking: /home/ds/your_workspace/install/husky_base/share/husky_base/cmake/ament_cmake_export_dependencies-extras.cmake
[38.866s] -- Symlinking: /home/ds/your_workspace/install/husky_base/share/husky_base/cmake/husky_baseConfig.cmake
[38.874s] -- Symlinking: /home/ds/your_workspace/install/husky_base/share/husky_base/cmake/husky_baseConfig-version.cmake
[38.880s] -- Symlinking: /home/ds/your_workspace/install/husky_base/share/husky_base/package.xml
[38.891s] Invoked command in '/home/ds/your_workspace/build/husky_base' returned '0': AMENT_PREFIX_PATH=/home/ds/your_workspace/install/husky_msgs:${AMENT_PREFIX_PATH} CMAKE_PREFIX_PATH=/home/ds/your_workspace/install/husky_msgs:/opt/ros/humble LD_LIBRARY_PATH=/home/ds/your_workspace/install/husky_msgs/lib:${LD_LIBRARY_PATH} PYTHONPATH=/home/ds/your_workspace/install/husky_msgs/local/lib/python3.10/dist-packages:${PYTHONPATH} /usr/bin/cmake --install /home/ds/your_workspace/build/husky_base
