[0.439s] Invoking command in '/home/ds/your_workspace/build/husky_desktop': CMAKE_PREFIX_PATH=/home/ds/your_workspace/install/husky_viz:/home/ds/your_workspace/install/husky_msgs:/home/ds/your_workspace/install/husky_description:/home/ds/your_workspace/install/husky_desktop:/home/ds/your_workspace/install/husky_simulator:/home/ds/your_workspace/install/husky_robot:/home/ds/your_workspace/install/husky_bringup:/home/ds/your_workspace/install/husky_base:/home/ds/your_workspace/install/husky_gazebo:/home/ds/your_workspace/install/husky_control:/opt/ros/humble LD_LIBRARY_PATH=/home/ds/your_workspace/install/husky_msgs/lib:/home/ds/your_workspace/install/husky_base/lib:/usr/lib/x86_64-linux-gnu/gazebo-11/plugins:/opt/ros/humble/opt/rviz_ogre_vendor/lib:/opt/ros/humble/lib/x86_64-linux-gnu:/opt/ros/humble/lib /usr/bin/cmake --build /home/ds/your_workspace/build/husky_desktop -- -j8 -l8
[0.490s] Invoked command in '/home/ds/your_workspace/build/husky_desktop' returned '0': CMAKE_PREFIX_PATH=/home/ds/your_workspace/install/husky_viz:/home/ds/your_workspace/install/husky_msgs:/home/ds/your_workspace/install/husky_description:/home/ds/your_workspace/install/husky_desktop:/home/ds/your_workspace/install/husky_simulator:/home/ds/your_workspace/install/husky_robot:/home/ds/your_workspace/install/husky_bringup:/home/ds/your_workspace/install/husky_base:/home/ds/your_workspace/install/husky_gazebo:/home/ds/your_workspace/install/husky_control:/opt/ros/humble LD_LIBRARY_PATH=/home/ds/your_workspace/install/husky_msgs/lib:/home/ds/your_workspace/install/husky_base/lib:/usr/lib/x86_64-linux-gnu/gazebo-11/plugins:/opt/ros/humble/opt/rviz_ogre_vendor/lib:/opt/ros/humble/lib/x86_64-linux-gnu:/opt/ros/humble/lib /usr/bin/cmake --build /home/ds/your_workspace/build/husky_desktop -- -j8 -l8
[0.519s] Invoking command in '/home/ds/your_workspace/build/husky_desktop': CMAKE_PREFIX_PATH=/home/ds/your_workspace/install/husky_viz:/home/ds/your_workspace/install/husky_msgs:/home/ds/your_workspace/install/husky_description:/home/ds/your_workspace/install/husky_desktop:/home/ds/your_workspace/install/husky_simulator:/home/ds/your_workspace/install/husky_robot:/home/ds/your_workspace/install/husky_bringup:/home/ds/your_workspace/install/husky_base:/home/ds/your_workspace/install/husky_gazebo:/home/ds/your_workspace/install/husky_control:/opt/ros/humble LD_LIBRARY_PATH=/home/ds/your_workspace/install/husky_msgs/lib:/home/ds/your_workspace/install/husky_base/lib:/usr/lib/x86_64-linux-gnu/gazebo-11/plugins:/opt/ros/humble/opt/rviz_ogre_vendor/lib:/opt/ros/humble/lib/x86_64-linux-gnu:/opt/ros/humble/lib /usr/bin/cmake --install /home/ds/your_workspace/build/husky_desktop
[0.527s] -- Install configuration: ""
[0.527s] -- Execute custom install script
[0.528s] -- Up-to-date symlink: /home/ds/your_workspace/install/husky_desktop/share/ament_index/resource_index/package_run_dependencies/husky_desktop
[0.528s] -- Up-to-date symlink: /home/ds/your_workspace/install/husky_desktop/share/ament_index/resource_index/parent_prefix_path/husky_desktop
[0.529s] -- Up-to-date symlink: /home/ds/your_workspace/install/husky_desktop/share/husky_desktop/environment/ament_prefix_path.sh
[0.529s] -- Up-to-date symlink: /home/ds/your_workspace/install/husky_desktop/share/husky_desktop/environment/ament_prefix_path.dsv
[0.529s] -- Up-to-date symlink: /home/ds/your_workspace/install/husky_desktop/share/husky_desktop/environment/path.sh
[0.530s] -- Up-to-date symlink: /home/ds/your_workspace/install/husky_desktop/share/husky_desktop/environment/path.dsv
[0.530s] -- Up-to-date symlink: /home/ds/your_workspace/install/husky_desktop/share/husky_desktop/local_setup.bash
[0.530s] -- Up-to-date symlink: /home/ds/your_workspace/install/husky_desktop/share/husky_desktop/local_setup.sh
[0.530s] -- Up-to-date symlink: /home/ds/your_workspace/install/husky_desktop/share/husky_desktop/local_setup.zsh
[0.530s] -- Up-to-date symlink: /home/ds/your_workspace/install/husky_desktop/share/husky_desktop/local_setup.dsv
[0.530s] -- Symlinking: /home/ds/your_workspace/install/husky_desktop/share/husky_desktop/package.dsv
[0.541s] -- Up-to-date symlink: /home/ds/your_workspace/install/husky_desktop/share/ament_index/resource_index/packages/husky_desktop
[0.541s] -- Up-to-date symlink: /home/ds/your_workspace/install/husky_desktop/share/husky_desktop/cmake/husky_desktopConfig.cmake
[0.541s] -- Up-to-date symlink: /home/ds/your_workspace/install/husky_desktop/share/husky_desktop/cmake/husky_desktopConfig-version.cmake
[0.541s] -- Up-to-date symlink: /home/ds/your_workspace/install/husky_desktop/share/husky_desktop/package.xml
[0.547s] Invoked command in '/home/ds/your_workspace/build/husky_desktop' returned '0': CMAKE_PREFIX_PATH=/home/ds/your_workspace/install/husky_viz:/home/ds/your_workspace/install/husky_msgs:/home/ds/your_workspace/install/husky_description:/home/ds/your_workspace/install/husky_desktop:/home/ds/your_workspace/install/husky_simulator:/home/ds/your_workspace/install/husky_robot:/home/ds/your_workspace/install/husky_bringup:/home/ds/your_workspace/install/husky_base:/home/ds/your_workspace/install/husky_gazebo:/home/ds/your_workspace/install/husky_control:/opt/ros/humble LD_LIBRARY_PATH=/home/ds/your_workspace/install/husky_msgs/lib:/home/ds/your_workspace/install/husky_base/lib:/usr/lib/x86_64-linux-gnu/gazebo-11/plugins:/opt/ros/humble/opt/rviz_ogre_vendor/lib:/opt/ros/humble/lib/x86_64-linux-gnu:/opt/ros/humble/lib /usr/bin/cmake --install /home/ds/your_workspace/build/husky_desktop
