[0.018s] Invoking command in '/home/ds/your_workspace/build/husky_description': CMAKE_PREFIX_PATH=/opt/ros/humble /usr/bin/cmake /home/ds/your_workspace/src/husky/husky_description -DAMENT_CMAKE_SYMLINK_INSTALL=1 -DCMAKE_INSTALL_PREFIX=/home/ds/your_workspace/install/husky_description
[0.263s] -- The C compiler identification is GNU 11.4.0
[1.565s] -- The CXX compiler identification is GNU 11.4.0
[2.840s] -- Detecting C compiler ABI info
[3.223s] -- Detecting C compiler ABI info - done
[3.231s] -- Check for working C compiler: /usr/bin/cc - skipped
[3.232s] -- Detecting C compile features
[3.234s] -- Detecting C compile features - done
[3.239s] -- Detecting CXX compiler ABI info
[3.635s] -- Detecting CXX compiler ABI info - done
[3.644s] -- Check for working CXX compiler: /usr/bin/c++ - skipped
[3.645s] -- Detecting CXX compile features
[3.646s] -- Detecting CXX compile features - done
[3.648s] -- Found ament_cmake: 1.3.5 (/opt/ros/humble/share/ament_cmake/cmake)
[3.799s] -- Found Python3: /usr/bin/python3.10 (found version "3.10.12") found components: Interpreter 
[3.853s] -- Override CMake install command with custom implementation using symlinks instead of copying resources
[3.892s] -- Found urdf: 2.6.0 (/opt/ros/humble/share/urdf/cmake)
[10.259s] -- Configuring done
[10.264s] -- Generating done
[10.265s] -- Build files have been written to: /home/ds/your_workspace/build/husky_description
[10.272s] Invoked command in '/home/ds/your_workspace/build/husky_description' returned '0': CMAKE_PREFIX_PATH=/opt/ros/humble /usr/bin/cmake /home/ds/your_workspace/src/husky/husky_description -DAMENT_CMAKE_SYMLINK_INSTALL=1 -DCMAKE_INSTALL_PREFIX=/home/ds/your_workspace/install/husky_description
[10.274s] Invoking command in '/home/ds/your_workspace/build/husky_description': CMAKE_PREFIX_PATH=/opt/ros/humble /usr/bin/cmake --build /home/ds/your_workspace/build/husky_description -- -j8 -l8
[10.310s] Invoked command in '/home/ds/your_workspace/build/husky_description' returned '0': CMAKE_PREFIX_PATH=/opt/ros/humble /usr/bin/cmake --build /home/ds/your_workspace/build/husky_description -- -j8 -l8
[10.340s] Invoking command in '/home/ds/your_workspace/build/husky_description': CMAKE_PREFIX_PATH=/opt/ros/humble /usr/bin/cmake --install /home/ds/your_workspace/build/husky_description
[10.347s] -- Install configuration: ""
[10.347s] -- Execute custom install script
[10.348s] -- Symlinking: /home/ds/your_workspace/install/husky_description/share/husky_description/launch/description.launch
[10.358s] -- Symlinking: /home/ds/your_workspace/install/husky_description/share/husky_description/launch/description_launch.py
[10.369s] -- Symlinking: /home/ds/your_workspace/install/husky_description/share/husky_description/meshes/accessories/300_mm_sensor_arch.dae
[10.377s] -- Symlinking: /home/ds/your_workspace/install/husky_description/share/husky_description/meshes/accessories/300_mm_sensor_arch.stl
[10.384s] -- Symlinking: /home/ds/your_workspace/install/husky_description/share/husky_description/meshes/accessories/510_mm_sensor_arch.dae
[10.391s] -- Symlinking: /home/ds/your_workspace/install/husky_description/share/husky_description/meshes/accessories/510_mm_sensor_arch.stl
[10.399s] -- Symlinking: /home/ds/your_workspace/install/husky_description/share/husky_description/meshes/accessories/lidar_mount.stl
[10.406s] -- Symlinking: /home/ds/your_workspace/install/husky_description/share/husky_description/meshes/accessories/lms1xx_mount.dae
[10.413s] -- Symlinking: /home/ds/your_workspace/install/husky_description/share/husky_description/meshes/accessories/lms1xx_mount.stl
[10.420s] -- Symlinking: /home/ds/your_workspace/install/husky_description/share/husky_description/meshes/base_link.dae
[10.427s] -- Symlinking: /home/ds/your_workspace/install/husky_description/share/husky_description/meshes/base_link.stl
[10.434s] -- Symlinking: /home/ds/your_workspace/install/husky_description/share/husky_description/meshes/bumper.dae
[10.441s] -- Symlinking: /home/ds/your_workspace/install/husky_description/share/husky_description/meshes/bumper_extension.dae
[10.449s] -- Symlinking: /home/ds/your_workspace/install/husky_description/share/husky_description/meshes/large_top_plate.dae
[10.455s] -- Symlinking: /home/ds/your_workspace/install/husky_description/share/husky_description/meshes/large_top_plate_collision.stl
[10.463s] -- Symlinking: /home/ds/your_workspace/install/husky_description/share/husky_description/meshes/top_chassis.dae
[10.470s] -- Symlinking: /home/ds/your_workspace/install/husky_description/share/husky_description/meshes/top_chassis.stl
[10.478s] -- Symlinking: /home/ds/your_workspace/install/husky_description/share/husky_description/meshes/top_plate.dae
[10.484s] -- Symlinking: /home/ds/your_workspace/install/husky_description/share/husky_description/meshes/top_plate.stl
[10.492s] -- Symlinking: /home/ds/your_workspace/install/husky_description/share/husky_description/meshes/user_rail.dae
[10.499s] -- Symlinking: /home/ds/your_workspace/install/husky_description/share/husky_description/meshes/user_rail.stl
[10.506s] -- Symlinking: /home/ds/your_workspace/install/husky_description/share/husky_description/meshes/wheel.dae
[10.513s] -- Symlinking: /home/ds/your_workspace/install/husky_description/share/husky_description/meshes/wheel.stl
[10.521s] -- Symlinking: /home/ds/your_workspace/install/husky_description/share/husky_description/urdf/accessories/intel_realsense.urdf.xacro
[10.528s] -- Symlinking: /home/ds/your_workspace/install/husky_description/share/husky_description/urdf/accessories/sensor_arch.urdf.xacro
[10.535s] -- Symlinking: /home/ds/your_workspace/install/husky_description/share/husky_description/urdf/accessories/sick_lms1xx_mount.urdf.xacro
[10.542s] -- Symlinking: /home/ds/your_workspace/install/husky_description/share/husky_description/urdf/decorations.urdf.xacro
[10.549s] -- Symlinking: /home/ds/your_workspace/install/husky_description/share/husky_description/urdf/empty.urdf
[10.557s] -- Symlinking: /home/ds/your_workspace/install/husky_description/share/husky_description/urdf/husky.urdf.xacro
[10.564s] -- Symlinking: /home/ds/your_workspace/install/husky_description/share/husky_description/urdf/husky_macro.urdf.xacro
[10.572s] -- Symlinking: /home/ds/your_workspace/install/husky_description/share/husky_description/urdf/wheel.urdf.xacro
[10.579s] -- Symlinking: /home/ds/your_workspace/install/husky_description/share/ament_index/resource_index/package_run_dependencies/husky_description
[10.587s] -- Symlinking: /home/ds/your_workspace/install/husky_description/share/ament_index/resource_index/parent_prefix_path/husky_description
[10.595s] -- Symlinking: /home/ds/your_workspace/install/husky_description/share/husky_description/environment/ament_prefix_path.sh
[10.602s] -- Symlinking: /home/ds/your_workspace/install/husky_description/share/husky_description/environment/ament_prefix_path.dsv
[10.610s] -- Symlinking: /home/ds/your_workspace/install/husky_description/share/husky_description/environment/path.sh
[10.619s] -- Symlinking: /home/ds/your_workspace/install/husky_description/share/husky_description/environment/path.dsv
[10.626s] -- Symlinking: /home/ds/your_workspace/install/husky_description/share/husky_description/local_setup.bash
[10.634s] -- Symlinking: /home/ds/your_workspace/install/husky_description/share/husky_description/local_setup.sh
[10.642s] -- Symlinking: /home/ds/your_workspace/install/husky_description/share/husky_description/local_setup.zsh
[10.650s] -- Symlinking: /home/ds/your_workspace/install/husky_description/share/husky_description/local_setup.dsv
[10.657s] -- Symlinking: /home/ds/your_workspace/install/husky_description/share/husky_description/package.dsv
[10.665s] -- Symlinking: /home/ds/your_workspace/install/husky_description/share/ament_index/resource_index/packages/husky_description
[10.675s] -- Symlinking: /home/ds/your_workspace/install/husky_description/share/husky_description/cmake/ament_cmake_export_dependencies-extras.cmake
[10.682s] -- Symlinking: /home/ds/your_workspace/install/husky_description/share/husky_description/cmake/husky_descriptionConfig.cmake
[10.689s] -- Symlinking: /home/ds/your_workspace/install/husky_description/share/husky_description/cmake/husky_descriptionConfig-version.cmake
[10.698s] -- Symlinking: /home/ds/your_workspace/install/husky_description/share/husky_description/package.xml
[10.707s] Invoked command in '/home/ds/your_workspace/build/husky_description' returned '0': CMAKE_PREFIX_PATH=/opt/ros/humble /usr/bin/cmake --install /home/ds/your_workspace/build/husky_description
