-- Found ament_cmake: 1.3.5 (/opt/ros/humble/share/ament_cmake/cmake)
-- Override CMake install command with custom implementation using symlinks instead of copying resources
-- Configuring done
-- Generating done
-- Build files have been written to: /home/ds/your_workspace/build/husky_simulator
-- Install configuration: ""
-- Execute custom install script
-- Up-to-date symlink: /home/ds/your_workspace/install/husky_simulator/share/ament_index/resource_index/package_run_dependencies/husky_simulator
-- Up-to-date symlink: /home/ds/your_workspace/install/husky_simulator/share/ament_index/resource_index/parent_prefix_path/husky_simulator
-- Up-to-date symlink: /home/ds/your_workspace/install/husky_simulator/share/husky_simulator/environment/ament_prefix_path.sh
-- Up-to-date symlink: /home/ds/your_workspace/install/husky_simulator/share/husky_simulator/environment/ament_prefix_path.dsv
-- Up-to-date symlink: /home/ds/your_workspace/install/husky_simulator/share/husky_simulator/environment/path.sh
-- Up-to-date symlink: /home/ds/your_workspace/install/husky_simulator/share/husky_simulator/environment/path.dsv
-- Up-to-date symlink: /home/ds/your_workspace/install/husky_simulator/share/husky_simulator/local_setup.bash
-- Up-to-date symlink: /home/ds/your_workspace/install/husky_simulator/share/husky_simulator/local_setup.sh
-- Up-to-date symlink: /home/ds/your_workspace/install/husky_simulator/share/husky_simulator/local_setup.zsh
-- Up-to-date symlink: /home/ds/your_workspace/install/husky_simulator/share/husky_simulator/local_setup.dsv
-- Symlinking: /home/ds/your_workspace/install/husky_simulator/share/husky_simulator/package.dsv
-- Up-to-date symlink: /home/ds/your_workspace/install/husky_simulator/share/ament_index/resource_index/packages/husky_simulator
-- Up-to-date symlink: /home/ds/your_workspace/install/husky_simulator/share/husky_simulator/cmake/husky_simulatorConfig.cmake
-- Up-to-date symlink: /home/ds/your_workspace/install/husky_simulator/share/husky_simulator/cmake/husky_simulatorConfig-version.cmake
-- Up-to-date symlink: /home/ds/your_workspace/install/husky_simulator/share/husky_simulator/package.xml
