[0.450s] Invoking command in '/home/ds/your_workspace/build/husky_simulator': CMAKE_PREFIX_PATH=/home/ds/your_workspace/install/husky_gazebo:/home/ds/your_workspace/install/husky_control:/home/ds/your_workspace/install/husky_description:/home/ds/your_workspace/install/husky_desktop:/home/ds/your_workspace/install/husky_viz:/home/ds/your_workspace/install/husky_simulator:/home/ds/your_workspace/install/husky_robot:/home/ds/your_workspace/install/husky_bringup:/home/ds/your_workspace/install/husky_base:/home/ds/your_workspace/install/husky_msgs:/opt/ros/humble /usr/bin/cmake /home/ds/your_workspace/src/husky/husky_simulator -DCMAKE_INSTALL_PREFIX=/home/ds/your_workspace/install/husky_simulator
[0.461s] -- Found ament_cmake: 1.3.5 (/opt/ros/humble/share/ament_cmake/cmake)
[0.618s] -- Override CMake install command with custom implementation using symlinks instead of copying resources
[0.696s] -- Configuring done
[0.699s] -- Generating done
[0.699s] -- Build files have been written to: /home/ds/your_workspace/build/husky_simulator
[0.702s] Invoked command in '/home/ds/your_workspace/build/husky_simulator' returned '0': CMAKE_PREFIX_PATH=/home/ds/your_workspace/install/husky_gazebo:/home/ds/your_workspace/install/husky_control:/home/ds/your_workspace/install/husky_description:/home/ds/your_workspace/install/husky_desktop:/home/ds/your_workspace/install/husky_viz:/home/ds/your_workspace/install/husky_simulator:/home/ds/your_workspace/install/husky_robot:/home/ds/your_workspace/install/husky_bringup:/home/ds/your_workspace/install/husky_base:/home/ds/your_workspace/install/husky_msgs:/opt/ros/humble /usr/bin/cmake /home/ds/your_workspace/src/husky/husky_simulator -DCMAKE_INSTALL_PREFIX=/home/ds/your_workspace/install/husky_simulator
[0.705s] Invoking command in '/home/ds/your_workspace/build/husky_simulator': CMAKE_PREFIX_PATH=/home/ds/your_workspace/install/husky_gazebo:/home/ds/your_workspace/install/husky_control:/home/ds/your_workspace/install/husky_description:/home/ds/your_workspace/install/husky_desktop:/home/ds/your_workspace/install/husky_viz:/home/ds/your_workspace/install/husky_simulator:/home/ds/your_workspace/install/husky_robot:/home/ds/your_workspace/install/husky_bringup:/home/ds/your_workspace/install/husky_base:/home/ds/your_workspace/install/husky_msgs:/opt/ros/humble /usr/bin/cmake --build /home/ds/your_workspace/build/husky_simulator -- -j8 -l8
[0.739s] Invoked command in '/home/ds/your_workspace/build/husky_simulator' returned '0': CMAKE_PREFIX_PATH=/home/ds/your_workspace/install/husky_gazebo:/home/ds/your_workspace/install/husky_control:/home/ds/your_workspace/install/husky_description:/home/ds/your_workspace/install/husky_desktop:/home/ds/your_workspace/install/husky_viz:/home/ds/your_workspace/install/husky_simulator:/home/ds/your_workspace/install/husky_robot:/home/ds/your_workspace/install/husky_bringup:/home/ds/your_workspace/install/husky_base:/home/ds/your_workspace/install/husky_msgs:/opt/ros/humble /usr/bin/cmake --build /home/ds/your_workspace/build/husky_simulator -- -j8 -l8
[0.762s] Invoking command in '/home/ds/your_workspace/build/husky_simulator': CMAKE_PREFIX_PATH=/home/ds/your_workspace/install/husky_gazebo:/home/ds/your_workspace/install/husky_control:/home/ds/your_workspace/install/husky_description:/home/ds/your_workspace/install/husky_desktop:/home/ds/your_workspace/install/husky_viz:/home/ds/your_workspace/install/husky_simulator:/home/ds/your_workspace/install/husky_robot:/home/ds/your_workspace/install/husky_bringup:/home/ds/your_workspace/install/husky_base:/home/ds/your_workspace/install/husky_msgs:/opt/ros/humble /usr/bin/cmake --install /home/ds/your_workspace/build/husky_simulator
[0.768s] -- Install configuration: ""
[0.768s] -- Execute custom install script
[0.769s] -- Up-to-date symlink: /home/ds/your_workspace/install/husky_simulator/share/ament_index/resource_index/package_run_dependencies/husky_simulator
[0.769s] -- Up-to-date symlink: /home/ds/your_workspace/install/husky_simulator/share/ament_index/resource_index/parent_prefix_path/husky_simulator
[0.769s] -- Up-to-date symlink: /home/ds/your_workspace/install/husky_simulator/share/husky_simulator/environment/ament_prefix_path.sh
[0.770s] -- Up-to-date symlink: /home/ds/your_workspace/install/husky_simulator/share/husky_simulator/environment/ament_prefix_path.dsv
[0.770s] -- Up-to-date symlink: /home/ds/your_workspace/install/husky_simulator/share/husky_simulator/environment/path.sh
[0.770s] -- Up-to-date symlink: /home/ds/your_workspace/install/husky_simulator/share/husky_simulator/environment/path.dsv
[0.770s] -- Up-to-date symlink: /home/ds/your_workspace/install/husky_simulator/share/husky_simulator/local_setup.bash
[0.771s] -- Up-to-date symlink: /home/ds/your_workspace/install/husky_simulator/share/husky_simulator/local_setup.sh
[0.771s] -- Up-to-date symlink: /home/ds/your_workspace/install/husky_simulator/share/husky_simulator/local_setup.zsh
[0.771s] -- Up-to-date symlink: /home/ds/your_workspace/install/husky_simulator/share/husky_simulator/local_setup.dsv
[0.771s] -- Symlinking: /home/ds/your_workspace/install/husky_simulator/share/husky_simulator/package.dsv
[0.779s] -- Up-to-date symlink: /home/ds/your_workspace/install/husky_simulator/share/ament_index/resource_index/packages/husky_simulator
[0.779s] -- Up-to-date symlink: /home/ds/your_workspace/install/husky_simulator/share/husky_simulator/cmake/husky_simulatorConfig.cmake
[0.779s] -- Up-to-date symlink: /home/ds/your_workspace/install/husky_simulator/share/husky_simulator/cmake/husky_simulatorConfig-version.cmake
[0.779s] -- Up-to-date symlink: /home/ds/your_workspace/install/husky_simulator/share/husky_simulator/package.xml
[0.784s] Invoked command in '/home/ds/your_workspace/build/husky_simulator' returned '0': CMAKE_PREFIX_PATH=/home/ds/your_workspace/install/husky_gazebo:/home/ds/your_workspace/install/husky_control:/home/ds/your_workspace/install/husky_description:/home/ds/your_workspace/install/husky_desktop:/home/ds/your_workspace/install/husky_viz:/home/ds/your_workspace/install/husky_simulator:/home/ds/your_workspace/install/husky_robot:/home/ds/your_workspace/install/husky_bringup:/home/ds/your_workspace/install/husky_base:/home/ds/your_workspace/install/husky_msgs:/opt/ros/humble /usr/bin/cmake --install /home/ds/your_workspace/build/husky_simulator
