[0.887s] Invoking command in '/home/ds/your_workspace/build/husky_bringup': AMENT_PREFIX_PATH=/home/ds/your_workspace/install/husky_control:/home/ds/your_workspace/install/husky_base:/home/ds/your_workspace/install/husky_msgs:/home/ds/your_workspace/install/husky_description:${AMENT_PREFIX_PATH} CMAKE_PREFIX_PATH=/home/ds/your_workspace/install/husky_control:/home/ds/your_workspace/install/husky_base:/home/ds/your_workspace/install/husky_msgs:/home/ds/your_workspace/install/husky_description:/opt/ros/humble LD_LIBRARY_PATH=/home/ds/your_workspace/install/husky_base/lib:/home/ds/your_workspace/install/husky_msgs/lib:${LD_LIBRARY_PATH} PYTHONPATH=/home/ds/your_workspace/install/husky_msgs/local/lib/python3.10/dist-packages:${PYTHONPATH} /usr/bin/cmake --build /home/ds/your_workspace/build/husky_bringup -- -j8 -l8
[0.920s] Invoked command in '/home/ds/your_workspace/build/husky_bringup' returned '0': AMENT_PREFIX_PATH=/home/ds/your_workspace/install/husky_control:/home/ds/your_workspace/install/husky_base:/home/ds/your_workspace/install/husky_msgs:/home/ds/your_workspace/install/husky_description:${AMENT_PREFIX_PATH} CMAKE_PREFIX_PATH=/home/ds/your_workspace/install/husky_control:/home/ds/your_workspace/install/husky_base:/home/ds/your_workspace/install/husky_msgs:/home/ds/your_workspace/install/husky_description:/opt/ros/humble LD_LIBRARY_PATH=/home/ds/your_workspace/install/husky_base/lib:/home/ds/your_workspace/install/husky_msgs/lib:${LD_LIBRARY_PATH} PYTHONPATH=/home/ds/your_workspace/install/husky_msgs/local/lib/python3.10/dist-packages:${PYTHONPATH} /usr/bin/cmake --build /home/ds/your_workspace/build/husky_bringup -- -j8 -l8
[0.943s] Invoking command in '/home/ds/your_workspace/build/husky_bringup': AMENT_PREFIX_PATH=/home/ds/your_workspace/install/husky_control:/home/ds/your_workspace/install/husky_base:/home/ds/your_workspace/install/husky_msgs:/home/ds/your_workspace/install/husky_description:${AMENT_PREFIX_PATH} CMAKE_PREFIX_PATH=/home/ds/your_workspace/install/husky_control:/home/ds/your_workspace/install/husky_base:/home/ds/your_workspace/install/husky_msgs:/home/ds/your_workspace/install/husky_description:/opt/ros/humble LD_LIBRARY_PATH=/home/ds/your_workspace/install/husky_base/lib:/home/ds/your_workspace/install/husky_msgs/lib:${LD_LIBRARY_PATH} PYTHONPATH=/home/ds/your_workspace/install/husky_msgs/local/lib/python3.10/dist-packages:${PYTHONPATH} /usr/bin/cmake --install /home/ds/your_workspace/build/husky_bringup
[0.950s] -- Install configuration: ""
[0.950s] -- Execute custom install script
[0.951s] -- Up-to-date symlink: /home/ds/your_workspace/install/husky_bringup/share/husky_bringup/config/mag_config_default.yaml
[0.951s] -- Up-to-date symlink: /home/ds/your_workspace/install/husky_bringup/share/husky_bringup/launch/accessories.launch.py
[0.951s] -- Up-to-date symlink: /home/ds/your_workspace/install/husky_bringup/share/husky_bringup/udev/10-microstrain.rules
[0.951s] -- Up-to-date symlink: /home/ds/your_workspace/install/husky_bringup/share/husky_bringup/udev/41-clearpath.rules
[0.952s] -- Up-to-date symlink: /home/ds/your_workspace/install/husky_bringup/share/husky_bringup/udev/41-hokuyo.rules
[0.952s] -- Up-to-date symlink: /home/ds/your_workspace/install/husky_bringup/share/husky_bringup/udev/41-logitech.rules
[0.952s] -- Up-to-date symlink: /home/ds/your_workspace/install/husky_bringup/share/husky_bringup/udev/52-ftdi.rules
[0.952s] -- Up-to-date symlink: /home/ds/your_workspace/install/husky_bringup/share/husky_bringup/udev/README.md
[0.952s] -- Up-to-date symlink: /home/ds/your_workspace/install/husky_bringup/lib/husky_bringup/install
[0.953s] -- Up-to-date symlink: /home/ds/your_workspace/install/husky_bringup/share/ament_index/resource_index/package_run_dependencies/husky_bringup
[0.953s] -- Up-to-date symlink: /home/ds/your_workspace/install/husky_bringup/share/ament_index/resource_index/parent_prefix_path/husky_bringup
[0.953s] -- Up-to-date symlink: /home/ds/your_workspace/install/husky_bringup/share/husky_bringup/environment/ament_prefix_path.sh
[0.953s] -- Up-to-date symlink: /home/ds/your_workspace/install/husky_bringup/share/husky_bringup/environment/ament_prefix_path.dsv
[0.953s] -- Up-to-date symlink: /home/ds/your_workspace/install/husky_bringup/share/husky_bringup/environment/path.sh
[0.954s] -- Up-to-date symlink: /home/ds/your_workspace/install/husky_bringup/share/husky_bringup/environment/path.dsv
[0.954s] -- Up-to-date symlink: /home/ds/your_workspace/install/husky_bringup/share/husky_bringup/local_setup.bash
[0.954s] -- Up-to-date symlink: /home/ds/your_workspace/install/husky_bringup/share/husky_bringup/local_setup.sh
[0.954s] -- Up-to-date symlink: /home/ds/your_workspace/install/husky_bringup/share/husky_bringup/local_setup.zsh
[0.955s] -- Up-to-date symlink: /home/ds/your_workspace/install/husky_bringup/share/husky_bringup/local_setup.dsv
[0.955s] -- Symlinking: /home/ds/your_workspace/install/husky_bringup/share/husky_bringup/package.dsv
[0.963s] -- Up-to-date symlink: /home/ds/your_workspace/install/husky_bringup/share/ament_index/resource_index/packages/husky_bringup
[0.963s] -- Up-to-date symlink: /home/ds/your_workspace/install/husky_bringup/share/husky_bringup/cmake/husky_bringupConfig.cmake
[0.964s] -- Up-to-date symlink: /home/ds/your_workspace/install/husky_bringup/share/husky_bringup/cmake/husky_bringupConfig-version.cmake
[0.964s] -- Up-to-date symlink: /home/ds/your_workspace/install/husky_bringup/share/husky_bringup/package.xml
[0.967s] Invoked command in '/home/ds/your_workspace/build/husky_bringup' returned '0': AMENT_PREFIX_PATH=/home/ds/your_workspace/install/husky_control:/home/ds/your_workspace/install/husky_base:/home/ds/your_workspace/install/husky_msgs:/home/ds/your_workspace/install/husky_description:${AMENT_PREFIX_PATH} CMAKE_PREFIX_PATH=/home/ds/your_workspace/install/husky_control:/home/ds/your_workspace/install/husky_base:/home/ds/your_workspace/install/husky_msgs:/home/ds/your_workspace/install/husky_description:/opt/ros/humble LD_LIBRARY_PATH=/home/ds/your_workspace/install/husky_base/lib:/home/ds/your_workspace/install/husky_msgs/lib:${LD_LIBRARY_PATH} PYTHONPATH=/home/ds/your_workspace/install/husky_msgs/local/lib/python3.10/dist-packages:${PYTHONPATH} /usr/bin/cmake --install /home/ds/your_workspace/build/husky_bringup
