-- Found ament_cmake: 1.3.5 (/opt/ros/humble/share/ament_cmake/cmake)
-- Override CMake install command with custom implementation using symlinks instead of copying resources
-- Configuring done
-- Generating done
-- Build files have been written to: /home/ds/your_workspace/build/husky_robot
-- Install configuration: ""
-- Execute custom install script
-- Up-to-date symlink: /home/ds/your_workspace/install/husky_robot/share/ament_index/resource_index/package_run_dependencies/husky_robot
-- Up-to-date symlink: /home/ds/your_workspace/install/husky_robot/share/ament_index/resource_index/parent_prefix_path/husky_robot
-- Up-to-date symlink: /home/ds/your_workspace/install/husky_robot/share/husky_robot/environment/ament_prefix_path.sh
-- Up-to-date symlink: /home/ds/your_workspace/install/husky_robot/share/husky_robot/environment/ament_prefix_path.dsv
-- Up-to-date symlink: /home/ds/your_workspace/install/husky_robot/share/husky_robot/environment/path.sh
-- Up-to-date symlink: /home/ds/your_workspace/install/husky_robot/share/husky_robot/environment/path.dsv
-- Up-to-date symlink: /home/ds/your_workspace/install/husky_robot/share/husky_robot/local_setup.bash
-- Up-to-date symlink: /home/ds/your_workspace/install/husky_robot/share/husky_robot/local_setup.sh
-- Up-to-date symlink: /home/ds/your_workspace/install/husky_robot/share/husky_robot/local_setup.zsh
-- Up-to-date symlink: /home/ds/your_workspace/install/husky_robot/share/husky_robot/local_setup.dsv
-- Symlinking: /home/ds/your_workspace/install/husky_robot/share/husky_robot/package.dsv
-- Up-to-date symlink: /home/ds/your_workspace/install/husky_robot/share/ament_index/resource_index/packages/husky_robot
-- Up-to-date symlink: /home/ds/your_workspace/install/husky_robot/share/husky_robot/cmake/husky_robotConfig.cmake
-- Up-to-date symlink: /home/ds/your_workspace/install/husky_robot/share/husky_robot/cmake/husky_robotConfig-version.cmake
-- Up-to-date symlink: /home/ds/your_workspace/install/husky_robot/share/husky_robot/package.xml
