[0.976s] Invoking command in '/home/ds/your_workspace/build/husky_robot': CMAKE_PREFIX_PATH=/home/ds/your_workspace/install/husky_bringup:/home/ds/your_workspace/install/husky_control:/home/ds/your_workspace/install/husky_base:/home/ds/your_workspace/install/husky_msgs:/home/ds/your_workspace/install/husky_description:/home/ds/your_workspace/install/husky_desktop:/home/ds/your_workspace/install/husky_viz:/home/ds/your_workspace/install/husky_simulator:/home/ds/your_workspace/install/husky_robot:/home/ds/your_workspace/install/husky_gazebo:/opt/ros/humble /usr/bin/cmake /home/ds/your_workspace/src/husky/husky_robot -DCMAKE_INSTALL_PREFIX=/home/ds/your_workspace/install/husky_robot
[0.985s] -- Found ament_cmake: 1.3.5 (/opt/ros/humble/share/ament_cmake/cmake)
[1.107s] -- Override CMake install command with custom implementation using symlinks instead of copying resources
[1.172s] -- Configuring done
[1.174s] -- Generating done
[1.175s] -- Build files have been written to: /home/ds/your_workspace/build/husky_robot
[1.178s] Invoked command in '/home/ds/your_workspace/build/husky_robot' returned '0': CMAKE_PREFIX_PATH=/home/ds/your_workspace/install/husky_bringup:/home/ds/your_workspace/install/husky_control:/home/ds/your_workspace/install/husky_base:/home/ds/your_workspace/install/husky_msgs:/home/ds/your_workspace/install/husky_description:/home/ds/your_workspace/install/husky_desktop:/home/ds/your_workspace/install/husky_viz:/home/ds/your_workspace/install/husky_simulator:/home/ds/your_workspace/install/husky_robot:/home/ds/your_workspace/install/husky_gazebo:/opt/ros/humble /usr/bin/cmake /home/ds/your_workspace/src/husky/husky_robot -DCMAKE_INSTALL_PREFIX=/home/ds/your_workspace/install/husky_robot
[1.180s] Invoking command in '/home/ds/your_workspace/build/husky_robot': CMAKE_PREFIX_PATH=/home/ds/your_workspace/install/husky_bringup:/home/ds/your_workspace/install/husky_control:/home/ds/your_workspace/install/husky_base:/home/ds/your_workspace/install/husky_msgs:/home/ds/your_workspace/install/husky_description:/home/ds/your_workspace/install/husky_desktop:/home/ds/your_workspace/install/husky_viz:/home/ds/your_workspace/install/husky_simulator:/home/ds/your_workspace/install/husky_robot:/home/ds/your_workspace/install/husky_gazebo:/opt/ros/humble /usr/bin/cmake --build /home/ds/your_workspace/build/husky_robot -- -j8 -l8
[1.209s] Invoked command in '/home/ds/your_workspace/build/husky_robot' returned '0': CMAKE_PREFIX_PATH=/home/ds/your_workspace/install/husky_bringup:/home/ds/your_workspace/install/husky_control:/home/ds/your_workspace/install/husky_base:/home/ds/your_workspace/install/husky_msgs:/home/ds/your_workspace/install/husky_description:/home/ds/your_workspace/install/husky_desktop:/home/ds/your_workspace/install/husky_viz:/home/ds/your_workspace/install/husky_simulator:/home/ds/your_workspace/install/husky_robot:/home/ds/your_workspace/install/husky_gazebo:/opt/ros/humble /usr/bin/cmake --build /home/ds/your_workspace/build/husky_robot -- -j8 -l8
[1.228s] Invoking command in '/home/ds/your_workspace/build/husky_robot': CMAKE_PREFIX_PATH=/home/ds/your_workspace/install/husky_bringup:/home/ds/your_workspace/install/husky_control:/home/ds/your_workspace/install/husky_base:/home/ds/your_workspace/install/husky_msgs:/home/ds/your_workspace/install/husky_description:/home/ds/your_workspace/install/husky_desktop:/home/ds/your_workspace/install/husky_viz:/home/ds/your_workspace/install/husky_simulator:/home/ds/your_workspace/install/husky_robot:/home/ds/your_workspace/install/husky_gazebo:/opt/ros/humble /usr/bin/cmake --install /home/ds/your_workspace/build/husky_robot
[1.235s] -- Install configuration: ""
[1.235s] -- Execute custom install script
[1.235s] -- Up-to-date symlink: /home/ds/your_workspace/install/husky_robot/share/ament_index/resource_index/package_run_dependencies/husky_robot
[1.235s] -- Up-to-date symlink: /home/ds/your_workspace/install/husky_robot/share/ament_index/resource_index/parent_prefix_path/husky_robot
[1.236s] -- Up-to-date symlink: /home/ds/your_workspace/install/husky_robot/share/husky_robot/environment/ament_prefix_path.sh
[1.236s] -- Up-to-date symlink: /home/ds/your_workspace/install/husky_robot/share/husky_robot/environment/ament_prefix_path.dsv
[1.236s] -- Up-to-date symlink: /home/ds/your_workspace/install/husky_robot/share/husky_robot/environment/path.sh
[1.236s] -- Up-to-date symlink: /home/ds/your_workspace/install/husky_robot/share/husky_robot/environment/path.dsv
[1.236s] -- Up-to-date symlink: /home/ds/your_workspace/install/husky_robot/share/husky_robot/local_setup.bash
[1.237s] -- Up-to-date symlink: /home/ds/your_workspace/install/husky_robot/share/husky_robot/local_setup.sh
[1.237s] -- Up-to-date symlink: /home/ds/your_workspace/install/husky_robot/share/husky_robot/local_setup.zsh
[1.237s] -- Up-to-date symlink: /home/ds/your_workspace/install/husky_robot/share/husky_robot/local_setup.dsv
[1.237s] -- Symlinking: /home/ds/your_workspace/install/husky_robot/share/husky_robot/package.dsv
[1.244s] -- Up-to-date symlink: /home/ds/your_workspace/install/husky_robot/share/ament_index/resource_index/packages/husky_robot
[1.245s] -- Up-to-date symlink: /home/ds/your_workspace/install/husky_robot/share/husky_robot/cmake/husky_robotConfig.cmake
[1.245s] -- Up-to-date symlink: /home/ds/your_workspace/install/husky_robot/share/husky_robot/cmake/husky_robotConfig-version.cmake
[1.245s] -- Up-to-date symlink: /home/ds/your_workspace/install/husky_robot/share/husky_robot/package.xml
[1.248s] Invoked command in '/home/ds/your_workspace/build/husky_robot' returned '0': CMAKE_PREFIX_PATH=/home/ds/your_workspace/install/husky_bringup:/home/ds/your_workspace/install/husky_control:/home/ds/your_workspace/install/husky_base:/home/ds/your_workspace/install/husky_msgs:/home/ds/your_workspace/install/husky_description:/home/ds/your_workspace/install/husky_desktop:/home/ds/your_workspace/install/husky_viz:/home/ds/your_workspace/install/husky_simulator:/home/ds/your_workspace/install/husky_robot:/home/ds/your_workspace/install/husky_gazebo:/opt/ros/humble /usr/bin/cmake --install /home/ds/your_workspace/build/husky_robot
