[0.809s] Invoking command in '/home/ds/your_workspace/build/husky_bringup': CMAKE_PREFIX_PATH=/home/ds/your_workspace/install/husky_control:/home/ds/your_workspace/install/husky_base:/home/ds/your_workspace/install/husky_msgs:/home/ds/your_workspace/install/husky_description:/home/ds/your_workspace/install/husky_desktop:/home/ds/your_workspace/install/husky_viz:/home/ds/your_workspace/install/husky_simulator:/home/ds/your_workspace/install/husky_robot:/home/ds/your_workspace/install/husky_bringup:/home/ds/your_workspace/install/husky_gazebo:/opt/ros/humble /usr/bin/cmake /home/ds/your_workspace/src/husky/husky_bringup -DCMAKE_INSTALL_PREFIX=/home/ds/your_workspace/install/husky_bringup
[0.818s] -- Found ament_cmake: 1.3.5 (/opt/ros/humble/share/ament_cmake/cmake)
[0.940s] -- Override CMake install command with custom implementation using symlinks instead of copying resources
[1.006s] -- Configuring done
[1.008s] -- Generating done
[1.009s] -- Build files have been written to: /home/ds/your_workspace/build/husky_bringup
[1.011s] Invoked command in '/home/ds/your_workspace/build/husky_bringup' returned '0': CMAKE_PREFIX_PATH=/home/ds/your_workspace/install/husky_control:/home/ds/your_workspace/install/husky_base:/home/ds/your_workspace/install/husky_msgs:/home/ds/your_workspace/install/husky_description:/home/ds/your_workspace/install/husky_desktop:/home/ds/your_workspace/install/husky_viz:/home/ds/your_workspace/install/husky_simulator:/home/ds/your_workspace/install/husky_robot:/home/ds/your_workspace/install/husky_bringup:/home/ds/your_workspace/install/husky_gazebo:/opt/ros/humble /usr/bin/cmake /home/ds/your_workspace/src/husky/husky_bringup -DCMAKE_INSTALL_PREFIX=/home/ds/your_workspace/install/husky_bringup
[1.013s] Invoking command in '/home/ds/your_workspace/build/husky_bringup': CMAKE_PREFIX_PATH=/home/ds/your_workspace/install/husky_control:/home/ds/your_workspace/install/husky_base:/home/ds/your_workspace/install/husky_msgs:/home/ds/your_workspace/install/husky_description:/home/ds/your_workspace/install/husky_desktop:/home/ds/your_workspace/install/husky_viz:/home/ds/your_workspace/install/husky_simulator:/home/ds/your_workspace/install/husky_robot:/home/ds/your_workspace/install/husky_bringup:/home/ds/your_workspace/install/husky_gazebo:/opt/ros/humble /usr/bin/cmake --build /home/ds/your_workspace/build/husky_bringup -- -j8 -l8
[1.043s] Invoked command in '/home/ds/your_workspace/build/husky_bringup' returned '0': CMAKE_PREFIX_PATH=/home/ds/your_workspace/install/husky_control:/home/ds/your_workspace/install/husky_base:/home/ds/your_workspace/install/husky_msgs:/home/ds/your_workspace/install/husky_description:/home/ds/your_workspace/install/husky_desktop:/home/ds/your_workspace/install/husky_viz:/home/ds/your_workspace/install/husky_simulator:/home/ds/your_workspace/install/husky_robot:/home/ds/your_workspace/install/husky_bringup:/home/ds/your_workspace/install/husky_gazebo:/opt/ros/humble /usr/bin/cmake --build /home/ds/your_workspace/build/husky_bringup -- -j8 -l8
[1.065s] Invoking command in '/home/ds/your_workspace/build/husky_bringup': CMAKE_PREFIX_PATH=/home/ds/your_workspace/install/husky_control:/home/ds/your_workspace/install/husky_base:/home/ds/your_workspace/install/husky_msgs:/home/ds/your_workspace/install/husky_description:/home/ds/your_workspace/install/husky_desktop:/home/ds/your_workspace/install/husky_viz:/home/ds/your_workspace/install/husky_simulator:/home/ds/your_workspace/install/husky_robot:/home/ds/your_workspace/install/husky_bringup:/home/ds/your_workspace/install/husky_gazebo:/opt/ros/humble /usr/bin/cmake --install /home/ds/your_workspace/build/husky_bringup
[1.070s] -- Install configuration: ""
[1.070s] -- Execute custom install script
[1.070s] -- Up-to-date symlink: /home/ds/your_workspace/install/husky_bringup/share/husky_bringup/config/mag_config_default.yaml
[1.071s] -- Up-to-date symlink: /home/ds/your_workspace/install/husky_bringup/share/husky_bringup/launch/accessories.launch.py
[1.071s] -- Up-to-date symlink: /home/ds/your_workspace/install/husky_bringup/share/husky_bringup/udev/10-microstrain.rules
[1.071s] -- Up-to-date symlink: /home/ds/your_workspace/install/husky_bringup/share/husky_bringup/udev/41-clearpath.rules
[1.071s] -- Up-to-date symlink: /home/ds/your_workspace/install/husky_bringup/share/husky_bringup/udev/41-hokuyo.rules
[1.072s] -- Up-to-date symlink: /home/ds/your_workspace/install/husky_bringup/share/husky_bringup/udev/41-logitech.rules
[1.072s] -- Up-to-date symlink: /home/ds/your_workspace/install/husky_bringup/share/husky_bringup/udev/52-ftdi.rules
[1.072s] -- Up-to-date symlink: /home/ds/your_workspace/install/husky_bringup/share/husky_bringup/udev/README.md
[1.072s] -- Up-to-date symlink: /home/ds/your_workspace/install/husky_bringup/lib/husky_bringup/install
[1.072s] -- Up-to-date symlink: /home/ds/your_workspace/install/husky_bringup/share/ament_index/resource_index/package_run_dependencies/husky_bringup
[1.072s] -- Up-to-date symlink: /home/ds/your_workspace/install/husky_bringup/share/ament_index/resource_index/parent_prefix_path/husky_bringup
[1.073s] -- Up-to-date symlink: /home/ds/your_workspace/install/husky_bringup/share/husky_bringup/environment/ament_prefix_path.sh
[1.073s] -- Up-to-date symlink: /home/ds/your_workspace/install/husky_bringup/share/husky_bringup/environment/ament_prefix_path.dsv
[1.073s] -- Up-to-date symlink: /home/ds/your_workspace/install/husky_bringup/share/husky_bringup/environment/path.sh
[1.073s] -- Up-to-date symlink: /home/ds/your_workspace/install/husky_bringup/share/husky_bringup/environment/path.dsv
[1.073s] -- Up-to-date symlink: /home/ds/your_workspace/install/husky_bringup/share/husky_bringup/local_setup.bash
[1.073s] -- Up-to-date symlink: /home/ds/your_workspace/install/husky_bringup/share/husky_bringup/local_setup.sh
[1.074s] -- Up-to-date symlink: /home/ds/your_workspace/install/husky_bringup/share/husky_bringup/local_setup.zsh
[1.074s] -- Up-to-date symlink: /home/ds/your_workspace/install/husky_bringup/share/husky_bringup/local_setup.dsv
[1.074s] -- Symlinking: /home/ds/your_workspace/install/husky_bringup/share/husky_bringup/package.dsv
[1.081s] -- Up-to-date symlink: /home/ds/your_workspace/install/husky_bringup/share/ament_index/resource_index/packages/husky_bringup
[1.081s] -- Up-to-date symlink: /home/ds/your_workspace/install/husky_bringup/share/husky_bringup/cmake/husky_bringupConfig.cmake
[1.081s] -- Up-to-date symlink: /home/ds/your_workspace/install/husky_bringup/share/husky_bringup/cmake/husky_bringupConfig-version.cmake
[1.081s] -- Up-to-date symlink: /home/ds/your_workspace/install/husky_bringup/share/husky_bringup/package.xml
[1.085s] Invoked command in '/home/ds/your_workspace/build/husky_bringup' returned '0': CMAKE_PREFIX_PATH=/home/ds/your_workspace/install/husky_control:/home/ds/your_workspace/install/husky_base:/home/ds/your_workspace/install/husky_msgs:/home/ds/your_workspace/install/husky_description:/home/ds/your_workspace/install/husky_desktop:/home/ds/your_workspace/install/husky_viz:/home/ds/your_workspace/install/husky_simulator:/home/ds/your_workspace/install/husky_robot:/home/ds/your_workspace/install/husky_bringup:/home/ds/your_workspace/install/husky_gazebo:/opt/ros/humble /usr/bin/cmake --install /home/ds/your_workspace/build/husky_bringup
