[1.085s] Invoking command in '/home/ds/your_workspace/build/husky_robot': AMENT_PREFIX_PATH=/home/ds/your_workspace/install/husky_bringup:/home/ds/your_workspace/install/husky_control:/home/ds/your_workspace/install/husky_base:/home/ds/your_workspace/install/husky_msgs:/home/ds/your_workspace/install/husky_description:${AMENT_PREFIX_PATH} CMAKE_PREFIX_PATH=/home/ds/your_workspace/install/husky_bringup:/home/ds/your_workspace/install/husky_control:/home/ds/your_workspace/install/husky_base:/home/ds/your_workspace/install/husky_msgs:/home/ds/your_workspace/install/husky_description:/opt/ros/humble LD_LIBRARY_PATH=/home/ds/your_workspace/install/husky_base/lib:/home/ds/your_workspace/install/husky_msgs/lib:${LD_LIBRARY_PATH} PYTHONPATH=/home/ds/your_workspace/install/husky_msgs/local/lib/python3.10/dist-packages:${PYTHONPATH} /usr/bin/cmake /home/ds/your_workspace/src/husky/husky_robot -DAMENT_CMAKE_SYMLINK_INSTALL=1 -DCMAKE_INSTALL_PREFIX=/home/ds/your_workspace/install/husky_robot
[1.441s] -- The C compiler identification is GNU 11.4.0
[3.175s] -- The CXX compiler identification is GNU 11.4.0
[4.587s] -- Detecting C compiler ABI info
[4.954s] -- Detecting C compiler ABI info - done
[4.960s] -- Check for working C compiler: /usr/bin/cc - skipped
[4.961s] -- Detecting C compile features
[4.961s] -- Detecting C compile features - done
[4.964s] -- Detecting CXX compiler ABI info
[5.357s] -- Detecting CXX compiler ABI info - done
[5.364s] -- Check for working CXX compiler: /usr/bin/c++ - skipped
[5.364s] -- Detecting CXX compile features
[5.364s] -- Detecting CXX compile features - done
[5.367s] -- Found ament_cmake: 1.3.5 (/opt/ros/humble/share/ament_cmake/cmake)
[5.522s] -- Found Python3: /usr/bin/python3.10 (found version "3.10.12") found components: Interpreter 
[5.577s] -- Override CMake install command with custom implementation using symlinks instead of copying resources
[5.667s] -- Configuring done
[5.670s] -- Generating done
[5.671s] -- Build files have been written to: /home/ds/your_workspace/build/husky_robot
[5.675s] Invoked command in '/home/ds/your_workspace/build/husky_robot' returned '0': AMENT_PREFIX_PATH=/home/ds/your_workspace/install/husky_bringup:/home/ds/your_workspace/install/husky_control:/home/ds/your_workspace/install/husky_base:/home/ds/your_workspace/install/husky_msgs:/home/ds/your_workspace/install/husky_description:${AMENT_PREFIX_PATH} CMAKE_PREFIX_PATH=/home/ds/your_workspace/install/husky_bringup:/home/ds/your_workspace/install/husky_control:/home/ds/your_workspace/install/husky_base:/home/ds/your_workspace/install/husky_msgs:/home/ds/your_workspace/install/husky_description:/opt/ros/humble LD_LIBRARY_PATH=/home/ds/your_workspace/install/husky_base/lib:/home/ds/your_workspace/install/husky_msgs/lib:${LD_LIBRARY_PATH} PYTHONPATH=/home/ds/your_workspace/install/husky_msgs/local/lib/python3.10/dist-packages:${PYTHONPATH} /usr/bin/cmake /home/ds/your_workspace/src/husky/husky_robot -DAMENT_CMAKE_SYMLINK_INSTALL=1 -DCMAKE_INSTALL_PREFIX=/home/ds/your_workspace/install/husky_robot
[5.676s] Invoking command in '/home/ds/your_workspace/build/husky_robot': AMENT_PREFIX_PATH=/home/ds/your_workspace/install/husky_bringup:/home/ds/your_workspace/install/husky_control:/home/ds/your_workspace/install/husky_base:/home/ds/your_workspace/install/husky_msgs:/home/ds/your_workspace/install/husky_description:${AMENT_PREFIX_PATH} CMAKE_PREFIX_PATH=/home/ds/your_workspace/install/husky_bringup:/home/ds/your_workspace/install/husky_control:/home/ds/your_workspace/install/husky_base:/home/ds/your_workspace/install/husky_msgs:/home/ds/your_workspace/install/husky_description:/opt/ros/humble LD_LIBRARY_PATH=/home/ds/your_workspace/install/husky_base/lib:/home/ds/your_workspace/install/husky_msgs/lib:${LD_LIBRARY_PATH} PYTHONPATH=/home/ds/your_workspace/install/husky_msgs/local/lib/python3.10/dist-packages:${PYTHONPATH} /usr/bin/cmake --build /home/ds/your_workspace/build/husky_robot -- -j8 -l8
[5.707s] Invoked command in '/home/ds/your_workspace/build/husky_robot' returned '0': AMENT_PREFIX_PATH=/home/ds/your_workspace/install/husky_bringup:/home/ds/your_workspace/install/husky_control:/home/ds/your_workspace/install/husky_base:/home/ds/your_workspace/install/husky_msgs:/home/ds/your_workspace/install/husky_description:${AMENT_PREFIX_PATH} CMAKE_PREFIX_PATH=/home/ds/your_workspace/install/husky_bringup:/home/ds/your_workspace/install/husky_control:/home/ds/your_workspace/install/husky_base:/home/ds/your_workspace/install/husky_msgs:/home/ds/your_workspace/install/husky_description:/opt/ros/humble LD_LIBRARY_PATH=/home/ds/your_workspace/install/husky_base/lib:/home/ds/your_workspace/install/husky_msgs/lib:${LD_LIBRARY_PATH} PYTHONPATH=/home/ds/your_workspace/install/husky_msgs/local/lib/python3.10/dist-packages:${PYTHONPATH} /usr/bin/cmake --build /home/ds/your_workspace/build/husky_robot -- -j8 -l8
[5.727s] Invoking command in '/home/ds/your_workspace/build/husky_robot': AMENT_PREFIX_PATH=/home/ds/your_workspace/install/husky_bringup:/home/ds/your_workspace/install/husky_control:/home/ds/your_workspace/install/husky_base:/home/ds/your_workspace/install/husky_msgs:/home/ds/your_workspace/install/husky_description:${AMENT_PREFIX_PATH} CMAKE_PREFIX_PATH=/home/ds/your_workspace/install/husky_bringup:/home/ds/your_workspace/install/husky_control:/home/ds/your_workspace/install/husky_base:/home/ds/your_workspace/install/husky_msgs:/home/ds/your_workspace/install/husky_description:/opt/ros/humble LD_LIBRARY_PATH=/home/ds/your_workspace/install/husky_base/lib:/home/ds/your_workspace/install/husky_msgs/lib:${LD_LIBRARY_PATH} PYTHONPATH=/home/ds/your_workspace/install/husky_msgs/local/lib/python3.10/dist-packages:${PYTHONPATH} /usr/bin/cmake --install /home/ds/your_workspace/build/husky_robot
[5.732s] -- Install configuration: ""
[5.732s] -- Execute custom install script
[5.733s] -- Symlinking: /home/ds/your_workspace/install/husky_robot/share/ament_index/resource_index/package_run_dependencies/husky_robot
[5.740s] -- Symlinking: /home/ds/your_workspace/install/husky_robot/share/ament_index/resource_index/parent_prefix_path/husky_robot
[5.747s] -- Symlinking: /home/ds/your_workspace/install/husky_robot/share/husky_robot/environment/ament_prefix_path.sh
[5.754s] -- Symlinking: /home/ds/your_workspace/install/husky_robot/share/husky_robot/environment/ament_prefix_path.dsv
[5.761s] -- Symlinking: /home/ds/your_workspace/install/husky_robot/share/husky_robot/environment/path.sh
[5.768s] -- Symlinking: /home/ds/your_workspace/install/husky_robot/share/husky_robot/environment/path.dsv
[5.775s] -- Symlinking: /home/ds/your_workspace/install/husky_robot/share/husky_robot/local_setup.bash
[5.783s] -- Symlinking: /home/ds/your_workspace/install/husky_robot/share/husky_robot/local_setup.sh
[5.789s] -- Symlinking: /home/ds/your_workspace/install/husky_robot/share/husky_robot/local_setup.zsh
[5.797s] -- Symlinking: /home/ds/your_workspace/install/husky_robot/share/husky_robot/local_setup.dsv
[5.803s] -- Symlinking: /home/ds/your_workspace/install/husky_robot/share/husky_robot/package.dsv
[5.810s] -- Symlinking: /home/ds/your_workspace/install/husky_robot/share/ament_index/resource_index/packages/husky_robot
[5.818s] -- Symlinking: /home/ds/your_workspace/install/husky_robot/share/husky_robot/cmake/husky_robotConfig.cmake
[5.824s] -- Symlinking: /home/ds/your_workspace/install/husky_robot/share/husky_robot/cmake/husky_robotConfig-version.cmake
[5.832s] -- Symlinking: /home/ds/your_workspace/install/husky_robot/share/husky_robot/package.xml
[5.842s] Invoked command in '/home/ds/your_workspace/build/husky_robot' returned '0': AMENT_PREFIX_PATH=/home/ds/your_workspace/install/husky_bringup:/home/ds/your_workspace/install/husky_control:/home/ds/your_workspace/install/husky_base:/home/ds/your_workspace/install/husky_msgs:/home/ds/your_workspace/install/husky_description:${AMENT_PREFIX_PATH} CMAKE_PREFIX_PATH=/home/ds/your_workspace/install/husky_bringup:/home/ds/your_workspace/install/husky_control:/home/ds/your_workspace/install/husky_base:/home/ds/your_workspace/install/husky_msgs:/home/ds/your_workspace/install/husky_description:/opt/ros/humble LD_LIBRARY_PATH=/home/ds/your_workspace/install/husky_base/lib:/home/ds/your_workspace/install/husky_msgs/lib:${LD_LIBRARY_PATH} PYTHONPATH=/home/ds/your_workspace/install/husky_msgs/local/lib/python3.10/dist-packages:${PYTHONPATH} /usr/bin/cmake --install /home/ds/your_workspace/build/husky_robot
