[0.518s] Invoking command in '/home/ds/your_workspace/build/husky_desktop': AMENT_PREFIX_PATH=/home/ds/your_workspace/install/husky_viz:/home/ds/your_workspace/install/husky_msgs:/home/ds/your_workspace/install/husky_description:${AMENT_PREFIX_PATH} CMAKE_PREFIX_PATH=/home/ds/your_workspace/install/husky_viz:/home/ds/your_workspace/install/husky_msgs:/home/ds/your_workspace/install/husky_description:/opt/ros/humble LD_LIBRARY_PATH=/home/ds/your_workspace/install/husky_msgs/lib:${LD_LIBRARY_PATH} PYTHONPATH=/home/ds/your_workspace/install/husky_msgs/local/lib/python3.10/dist-packages:${PYTHONPATH} /usr/bin/cmake --build /home/ds/your_workspace/build/husky_desktop -- -j8 -l8
[0.557s] Invoked command in '/home/ds/your_workspace/build/husky_desktop' returned '0': AMENT_PREFIX_PATH=/home/ds/your_workspace/install/husky_viz:/home/ds/your_workspace/install/husky_msgs:/home/ds/your_workspace/install/husky_description:${AMENT_PREFIX_PATH} CMAKE_PREFIX_PATH=/home/ds/your_workspace/install/husky_viz:/home/ds/your_workspace/install/husky_msgs:/home/ds/your_workspace/install/husky_description:/opt/ros/humble LD_LIBRARY_PATH=/home/ds/your_workspace/install/husky_msgs/lib:${LD_LIBRARY_PATH} PYTHONPATH=/home/ds/your_workspace/install/husky_msgs/local/lib/python3.10/dist-packages:${PYTHONPATH} /usr/bin/cmake --build /home/ds/your_workspace/build/husky_desktop -- -j8 -l8
[0.580s] Invoking command in '/home/ds/your_workspace/build/husky_desktop': AMENT_PREFIX_PATH=/home/ds/your_workspace/install/husky_viz:/home/ds/your_workspace/install/husky_msgs:/home/ds/your_workspace/install/husky_description:${AMENT_PREFIX_PATH} CMAKE_PREFIX_PATH=/home/ds/your_workspace/install/husky_viz:/home/ds/your_workspace/install/husky_msgs:/home/ds/your_workspace/install/husky_description:/opt/ros/humble LD_LIBRARY_PATH=/home/ds/your_workspace/install/husky_msgs/lib:${LD_LIBRARY_PATH} PYTHONPATH=/home/ds/your_workspace/install/husky_msgs/local/lib/python3.10/dist-packages:${PYTHONPATH} /usr/bin/cmake --install /home/ds/your_workspace/build/husky_desktop
[0.588s] -- Install configuration: ""
[0.588s] -- Execute custom install script
[0.589s] -- Up-to-date symlink: /home/ds/your_workspace/install/husky_desktop/share/ament_index/resource_index/package_run_dependencies/husky_desktop
[0.589s] -- Up-to-date symlink: /home/ds/your_workspace/install/husky_desktop/share/ament_index/resource_index/parent_prefix_path/husky_desktop
[0.589s] -- Up-to-date symlink: /home/ds/your_workspace/install/husky_desktop/share/husky_desktop/environment/ament_prefix_path.sh
[0.589s] -- Up-to-date symlink: /home/ds/your_workspace/install/husky_desktop/share/husky_desktop/environment/ament_prefix_path.dsv
[0.590s] -- Up-to-date symlink: /home/ds/your_workspace/install/husky_desktop/share/husky_desktop/environment/path.sh
[0.590s] -- Up-to-date symlink: /home/ds/your_workspace/install/husky_desktop/share/husky_desktop/environment/path.dsv
[0.590s] -- Up-to-date symlink: /home/ds/your_workspace/install/husky_desktop/share/husky_desktop/local_setup.bash
[0.590s] -- Up-to-date symlink: /home/ds/your_workspace/install/husky_desktop/share/husky_desktop/local_setup.sh
[0.591s] -- Up-to-date symlink: /home/ds/your_workspace/install/husky_desktop/share/husky_desktop/local_setup.zsh
[0.591s] -- Up-to-date symlink: /home/ds/your_workspace/install/husky_desktop/share/husky_desktop/local_setup.dsv
[0.591s] -- Symlinking: /home/ds/your_workspace/install/husky_desktop/share/husky_desktop/package.dsv
[0.600s] -- Up-to-date symlink: /home/ds/your_workspace/install/husky_desktop/share/ament_index/resource_index/packages/husky_desktop
[0.601s] -- Up-to-date symlink: /home/ds/your_workspace/install/husky_desktop/share/husky_desktop/cmake/husky_desktopConfig.cmake
[0.601s] -- Up-to-date symlink: /home/ds/your_workspace/install/husky_desktop/share/husky_desktop/cmake/husky_desktopConfig-version.cmake
[0.601s] -- Up-to-date symlink: /home/ds/your_workspace/install/husky_desktop/share/husky_desktop/package.xml
[0.608s] Invoked command in '/home/ds/your_workspace/build/husky_desktop' returned '0': AMENT_PREFIX_PATH=/home/ds/your_workspace/install/husky_viz:/home/ds/your_workspace/install/husky_msgs:/home/ds/your_workspace/install/husky_description:${AMENT_PREFIX_PATH} CMAKE_PREFIX_PATH=/home/ds/your_workspace/install/husky_viz:/home/ds/your_workspace/install/husky_msgs:/home/ds/your_workspace/install/husky_description:/opt/ros/humble LD_LIBRARY_PATH=/home/ds/your_workspace/install/husky_msgs/lib:${LD_LIBRARY_PATH} PYTHONPATH=/home/ds/your_workspace/install/husky_msgs/local/lib/python3.10/dist-packages:${PYTHONPATH} /usr/bin/cmake --install /home/ds/your_workspace/build/husky_desktop
