[0.016s] Invoking command in '/home/ds/your_workspace/build/husky_msgs': CMAKE_PREFIX_PATH=${CMAKE_PREFIX_PATH}:/opt/ros/humble /usr/bin/cmake --build /home/ds/your_workspace/build/husky_msgs -- -j8 -l8
[0.060s] [  3%] Built target husky_msgs__cpp
[0.062s] [ 12%] Built target husky_msgs__rosidl_generator_c
[0.071s] [ 12%] Built target ament_cmake_python_symlink_husky_msgs
[0.088s] [ 29%] Built target husky_msgs__rosidl_typesupport_cpp
[0.089s] [ 32%] Built target husky_msgs__rosidl_typesupport_introspection_cpp
[0.089s] [ 41%] Built target husky_msgs__rosidl_typesupport_c
[0.089s] [ 51%] Built target husky_msgs__rosidl_typesupport_fastrtps_c
[0.092s] [ 61%] Built target husky_msgs__rosidl_typesupport_introspection_c
[0.097s] [ 70%] Built target husky_msgs__rosidl_typesupport_fastrtps_cpp
[0.118s] [ 70%] Built target husky_msgs
[0.140s] [ 74%] Built target husky_msgs__py
[0.163s] [ 80%] Built target husky_msgs__rosidl_generator_py
[0.184s] [ 87%] Built target husky_msgs__rosidl_typesupport_c__pyext
[0.186s] [ 93%] Built target husky_msgs__rosidl_typesupport_fastrtps_c__pyext
[0.187s] [100%] Built target husky_msgs__rosidl_typesupport_introspection_c__pyext
[0.424s] running egg_info
[0.428s] writing husky_msgs.egg-info/PKG-INFO
[0.428s] writing dependency_links to husky_msgs.egg-info/dependency_links.txt
[0.430s] writing top-level names to husky_msgs.egg-info/top_level.txt
[0.430s] reading manifest file 'husky_msgs.egg-info/SOURCES.txt'
[0.430s] writing manifest file 'husky_msgs.egg-info/SOURCES.txt'
[0.472s] [100%] Built target ament_cmake_python_build_husky_msgs_egg
[0.494s] Invoked command in '/home/ds/your_workspace/build/husky_msgs' returned '0': CMAKE_PREFIX_PATH=${CMAKE_PREFIX_PATH}:/opt/ros/humble /usr/bin/cmake --build /home/ds/your_workspace/build/husky_msgs -- -j8 -l8
[0.558s] Invoking command in '/home/ds/your_workspace/build/husky_msgs': CMAKE_PREFIX_PATH=${CMAKE_PREFIX_PATH}:/opt/ros/humble /usr/bin/cmake --install /home/ds/your_workspace/build/husky_msgs
[0.566s] -- Install configuration: ""
[0.567s] -- Execute custom install script
[0.567s] -- Up-to-date symlink: /home/ds/your_workspace/install/husky_msgs/share/ament_index/resource_index/rosidl_interfaces/husky_msgs
[0.568s] -- Up-to-date symlink: /home/ds/your_workspace/install/husky_msgs/include/husky_msgs/husky_msgs/msg/detail/husky_status__functions.h
[0.568s] -- Up-to-date symlink: /home/ds/your_workspace/install/husky_msgs/include/husky_msgs/husky_msgs/msg/detail/husky_status__struct.h
[0.568s] -- Up-to-date symlink: /home/ds/your_workspace/install/husky_msgs/include/husky_msgs/husky_msgs/msg/detail/husky_status__type_support.h
[0.568s] -- Up-to-date symlink: /home/ds/your_workspace/install/husky_msgs/include/husky_msgs/husky_msgs/msg/husky_status.h
[0.569s] -- Up-to-date symlink: /home/ds/your_workspace/install/husky_msgs/include/husky_msgs/husky_msgs/msg/rosidl_generator_c__visibility_control.h
[0.569s] -- Up-to-date symlink: /home/ds/your_workspace/install/husky_msgs/share/husky_msgs/environment/library_path.sh
[0.569s] -- Up-to-date symlink: /home/ds/your_workspace/install/husky_msgs/share/husky_msgs/environment/library_path.dsv
[0.569s] -- Up-to-date symlink: /home/ds/your_workspace/install/husky_msgs/include/husky_msgs/husky_msgs/msg/detail/husky_status__rosidl_typesupport_fastrtps_c.h
[0.569s] -- Up-to-date symlink: /home/ds/your_workspace/install/husky_msgs/include/husky_msgs/husky_msgs/msg/rosidl_typesupport_fastrtps_c__visibility_control.h
[0.569s] -- Up-to-date symlink: /home/ds/your_workspace/install/husky_msgs/include/husky_msgs/husky_msgs/msg/detail/husky_status__builder.hpp
[0.570s] -- Up-to-date symlink: /home/ds/your_workspace/install/husky_msgs/include/husky_msgs/husky_msgs/msg/detail/husky_status__struct.hpp
[0.570s] -- Up-to-date symlink: /home/ds/your_workspace/install/husky_msgs/include/husky_msgs/husky_msgs/msg/detail/husky_status__traits.hpp
[0.570s] -- Up-to-date symlink: /home/ds/your_workspace/install/husky_msgs/include/husky_msgs/husky_msgs/msg/husky_status.hpp
[0.571s] -- Up-to-date symlink: /home/ds/your_workspace/install/husky_msgs/include/husky_msgs/husky_msgs/msg/detail/husky_status__rosidl_typesupport_fastrtps_cpp.hpp
[0.571s] -- Up-to-date symlink: /home/ds/your_workspace/install/husky_msgs/include/husky_msgs/husky_msgs/msg/rosidl_typesupport_fastrtps_cpp__visibility_control.h
[0.571s] -- Up-to-date symlink: /home/ds/your_workspace/install/husky_msgs/include/husky_msgs/husky_msgs/msg/detail/husky_status__rosidl_typesupport_introspection_c.h
[0.571s] -- Up-to-date symlink: /home/ds/your_workspace/install/husky_msgs/include/husky_msgs/husky_msgs/msg/rosidl_typesupport_introspection_c__visibility_control.h
[0.572s] -- Up-to-date symlink: /home/ds/your_workspace/install/husky_msgs/include/husky_msgs/husky_msgs/msg/detail/husky_status__rosidl_typesupport_introspection_cpp.hpp
[0.572s] -- Up-to-date symlink: /home/ds/your_workspace/install/husky_msgs/share/husky_msgs/environment/pythonpath.sh
[0.572s] -- Up-to-date symlink: /home/ds/your_workspace/install/husky_msgs/share/husky_msgs/environment/pythonpath.dsv
[0.572s] -- Up-to-date symlink: /home/ds/your_workspace/install/husky_msgs/local/lib/python3.10/dist-packages/husky_msgs-1.0.8-py3.10.egg-info/PKG-INFO
[0.573s] -- Up-to-date symlink: /home/ds/your_workspace/install/husky_msgs/local/lib/python3.10/dist-packages/husky_msgs-1.0.8-py3.10.egg-info/SOURCES.txt
[0.573s] -- Up-to-date symlink: /home/ds/your_workspace/install/husky_msgs/local/lib/python3.10/dist-packages/husky_msgs-1.0.8-py3.10.egg-info/dependency_links.txt
[0.573s] -- Up-to-date symlink: /home/ds/your_workspace/install/husky_msgs/local/lib/python3.10/dist-packages/husky_msgs-1.0.8-py3.10.egg-info/top_level.txt
[0.573s] -- Up-to-date symlink: /home/ds/your_workspace/install/husky_msgs/local/lib/python3.10/dist-packages/husky_msgs/__init__.py
[0.574s] -- Up-to-date symlink: /home/ds/your_workspace/install/husky_msgs/local/lib/python3.10/dist-packages/husky_msgs/_husky_msgs_s.ep.rosidl_typesupport_c.c
[0.574s] -- Up-to-date symlink: /home/ds/your_workspace/install/husky_msgs/local/lib/python3.10/dist-packages/husky_msgs/_husky_msgs_s.ep.rosidl_typesupport_fastrtps_c.c
[0.574s] -- Up-to-date symlink: /home/ds/your_workspace/install/husky_msgs/local/lib/python3.10/dist-packages/husky_msgs/_husky_msgs_s.ep.rosidl_typesupport_introspection_c.c
[0.574s] -- Up-to-date symlink: /home/ds/your_workspace/install/husky_msgs/local/lib/python3.10/dist-packages/husky_msgs/husky_msgs_s__rosidl_typesupport_c.cpython-310-x86_64-linux-gnu.so
[0.575s] -- Up-to-date symlink: /home/ds/your_workspace/install/husky_msgs/local/lib/python3.10/dist-packages/husky_msgs/husky_msgs_s__rosidl_typesupport_fastrtps_c.cpython-310-x86_64-linux-gnu.so
[0.575s] -- Up-to-date symlink: /home/ds/your_workspace/install/husky_msgs/local/lib/python3.10/dist-packages/husky_msgs/husky_msgs_s__rosidl_typesupport_introspection_c.cpython-310-x86_64-linux-gnu.so
[0.575s] -- Up-to-date symlink: /home/ds/your_workspace/install/husky_msgs/local/lib/python3.10/dist-packages/husky_msgs/libhusky_msgs__rosidl_generator_py.so
[0.575s] -- Up-to-date symlink: /home/ds/your_workspace/install/husky_msgs/local/lib/python3.10/dist-packages/husky_msgs/msg/__init__.py
[0.575s] -- Up-to-date symlink: /home/ds/your_workspace/install/husky_msgs/local/lib/python3.10/dist-packages/husky_msgs/msg/_husky_status.py
[0.576s] -- Up-to-date symlink: /home/ds/your_workspace/install/husky_msgs/local/lib/python3.10/dist-packages/husky_msgs/msg/_husky_status_s.c
[0.576s] -- Up-to-date symlink: /home/ds/your_workspace/install/husky_msgs/local/lib/python3.10/dist-packages/husky_msgs/husky_msgs_s__rosidl_typesupport_fastrtps_c.cpython-310-x86_64-linux-gnu.so
[0.576s] -- Up-to-date symlink: /home/ds/your_workspace/install/husky_msgs/local/lib/python3.10/dist-packages/husky_msgs/husky_msgs_s__rosidl_typesupport_introspection_c.cpython-310-x86_64-linux-gnu.so
[0.576s] -- Up-to-date symlink: /home/ds/your_workspace/install/husky_msgs/local/lib/python3.10/dist-packages/husky_msgs/husky_msgs_s__rosidl_typesupport_c.cpython-310-x86_64-linux-gnu.so
[0.576s] -- Up-to-date symlink: /home/ds/your_workspace/install/husky_msgs/share/husky_msgs/msg/HuskyStatus.idl
[0.577s] -- Up-to-date symlink: /home/ds/your_workspace/install/husky_msgs/share/husky_msgs/msg/HuskyStatus.msg
[0.577s] -- Up-to-date symlink: /home/ds/your_workspace/install/husky_msgs/share/ament_index/resource_index/package_run_dependencies/husky_msgs
[0.577s] -- Up-to-date symlink: /home/ds/your_workspace/install/husky_msgs/share/ament_index/resource_index/parent_prefix_path/husky_msgs
[0.577s] -- Up-to-date symlink: /home/ds/your_workspace/install/husky_msgs/share/husky_msgs/environment/ament_prefix_path.sh
[0.577s] -- Up-to-date symlink: /home/ds/your_workspace/install/husky_msgs/share/husky_msgs/environment/ament_prefix_path.dsv
[0.577s] -- Up-to-date symlink: /home/ds/your_workspace/install/husky_msgs/share/husky_msgs/environment/path.sh
[0.578s] -- Up-to-date symlink: /home/ds/your_workspace/install/husky_msgs/share/husky_msgs/environment/path.dsv
[0.578s] -- Up-to-date symlink: /home/ds/your_workspace/install/husky_msgs/share/husky_msgs/local_setup.bash
[0.578s] -- Up-to-date symlink: /home/ds/your_workspace/install/husky_msgs/share/husky_msgs/local_setup.sh
[0.578s] -- Up-to-date symlink: /home/ds/your_workspace/install/husky_msgs/share/husky_msgs/local_setup.zsh
[0.578s] -- Up-to-date symlink: /home/ds/your_workspace/install/husky_msgs/share/husky_msgs/local_setup.dsv
[0.579s] -- Symlinking: /home/ds/your_workspace/install/husky_msgs/share/husky_msgs/package.dsv
[0.587s] -- Up-to-date symlink: /home/ds/your_workspace/install/husky_msgs/share/ament_index/resource_index/packages/husky_msgs
[0.587s] -- Up-to-date symlink: /home/ds/your_workspace/install/husky_msgs/share/husky_msgs/cmake/rosidl_cmake-extras.cmake
[0.587s] -- Up-to-date symlink: /home/ds/your_workspace/install/husky_msgs/share/husky_msgs/cmake/ament_cmake_export_dependencies-extras.cmake
[0.588s] -- Up-to-date symlink: /home/ds/your_workspace/install/husky_msgs/share/husky_msgs/cmake/ament_cmake_export_include_directories-extras.cmake
[0.588s] -- Up-to-date symlink: /home/ds/your_workspace/install/husky_msgs/share/husky_msgs/cmake/ament_cmake_export_libraries-extras.cmake
[0.588s] -- Up-to-date symlink: /home/ds/your_workspace/install/husky_msgs/share/husky_msgs/cmake/ament_cmake_export_targets-extras.cmake
[0.588s] -- Up-to-date symlink: /home/ds/your_workspace/install/husky_msgs/share/husky_msgs/cmake/rosidl_cmake_export_typesupport_targets-extras.cmake
[0.588s] -- Up-to-date symlink: /home/ds/your_workspace/install/husky_msgs/share/husky_msgs/cmake/rosidl_cmake_export_typesupport_libraries-extras.cmake
[0.588s] -- Up-to-date symlink: /home/ds/your_workspace/install/husky_msgs/share/husky_msgs/cmake/husky_msgsConfig.cmake
[0.589s] -- Up-to-date symlink: /home/ds/your_workspace/install/husky_msgs/share/husky_msgs/cmake/husky_msgsConfig-version.cmake
[0.589s] -- Up-to-date symlink: /home/ds/your_workspace/install/husky_msgs/share/husky_msgs/package.xml
[0.589s] -- Up-to-date: /home/ds/your_workspace/install/husky_msgs/lib/libhusky_msgs__rosidl_generator_c.so
[0.590s] -- Up-to-date: /home/ds/your_workspace/install/husky_msgs/lib/libhusky_msgs__rosidl_typesupport_fastrtps_c.so
[0.590s] -- Up-to-date: /home/ds/your_workspace/install/husky_msgs/lib/libhusky_msgs__rosidl_typesupport_fastrtps_cpp.so
[0.591s] -- Up-to-date: /home/ds/your_workspace/install/husky_msgs/lib/libhusky_msgs__rosidl_typesupport_introspection_c.so
[0.591s] -- Up-to-date: /home/ds/your_workspace/install/husky_msgs/lib/libhusky_msgs__rosidl_typesupport_c.so
[0.592s] -- Up-to-date: /home/ds/your_workspace/install/husky_msgs/lib/libhusky_msgs__rosidl_typesupport_introspection_cpp.so
[0.592s] -- Up-to-date: /home/ds/your_workspace/install/husky_msgs/lib/libhusky_msgs__rosidl_typesupport_cpp.so
[0.623s] Listing '/home/ds/your_workspace/install/husky_msgs/local/lib/python3.10/dist-packages/husky_msgs'...
[0.623s] Listing '/home/ds/your_workspace/install/husky_msgs/local/lib/python3.10/dist-packages/husky_msgs/msg'...
[0.628s] -- Up-to-date: /home/ds/your_workspace/install/husky_msgs/lib/libhusky_msgs__rosidl_generator_py.so
[0.628s] -- Up-to-date: /home/ds/your_workspace/install/husky_msgs/share/husky_msgs/cmake/export_husky_msgs__rosidl_generator_cExport.cmake
[0.629s] -- Up-to-date: /home/ds/your_workspace/install/husky_msgs/share/husky_msgs/cmake/export_husky_msgs__rosidl_generator_cExport-noconfig.cmake
[0.629s] -- Up-to-date: /home/ds/your_workspace/install/husky_msgs/share/husky_msgs/cmake/export_husky_msgs__rosidl_typesupport_fastrtps_cExport.cmake
[0.629s] -- Up-to-date: /home/ds/your_workspace/install/husky_msgs/share/husky_msgs/cmake/export_husky_msgs__rosidl_typesupport_fastrtps_cExport-noconfig.cmake
[0.629s] -- Up-to-date: /home/ds/your_workspace/install/husky_msgs/share/husky_msgs/cmake/export_husky_msgs__rosidl_generator_cppExport.cmake
[0.630s] -- Up-to-date: /home/ds/your_workspace/install/husky_msgs/share/husky_msgs/cmake/export_husky_msgs__rosidl_typesupport_fastrtps_cppExport.cmake
[0.630s] -- Up-to-date: /home/ds/your_workspace/install/husky_msgs/share/husky_msgs/cmake/export_husky_msgs__rosidl_typesupport_fastrtps_cppExport-noconfig.cmake
[0.630s] -- Up-to-date: /home/ds/your_workspace/install/husky_msgs/share/husky_msgs/cmake/husky_msgs__rosidl_typesupport_introspection_cExport.cmake
[0.630s] -- Up-to-date: /home/ds/your_workspace/install/husky_msgs/share/husky_msgs/cmake/husky_msgs__rosidl_typesupport_introspection_cExport-noconfig.cmake
[0.630s] -- Up-to-date: /home/ds/your_workspace/install/husky_msgs/share/husky_msgs/cmake/husky_msgs__rosidl_typesupport_cExport.cmake
[0.630s] -- Up-to-date: /home/ds/your_workspace/install/husky_msgs/share/husky_msgs/cmake/husky_msgs__rosidl_typesupport_cExport-noconfig.cmake
[0.630s] -- Up-to-date: /home/ds/your_workspace/install/husky_msgs/share/husky_msgs/cmake/husky_msgs__rosidl_typesupport_introspection_cppExport.cmake
[0.630s] -- Up-to-date: /home/ds/your_workspace/install/husky_msgs/share/husky_msgs/cmake/husky_msgs__rosidl_typesupport_introspection_cppExport-noconfig.cmake
[0.630s] -- Up-to-date: /home/ds/your_workspace/install/husky_msgs/share/husky_msgs/cmake/husky_msgs__rosidl_typesupport_cppExport.cmake
[0.630s] -- Up-to-date: /home/ds/your_workspace/install/husky_msgs/share/husky_msgs/cmake/husky_msgs__rosidl_typesupport_cppExport-noconfig.cmake
[0.630s] -- Up-to-date: /home/ds/your_workspace/install/husky_msgs/share/husky_msgs/cmake/export_husky_msgs__rosidl_generator_pyExport.cmake
[0.630s] -- Up-to-date: /home/ds/your_workspace/install/husky_msgs/share/husky_msgs/cmake/export_husky_msgs__rosidl_generator_pyExport-noconfig.cmake
[0.634s] Invoked command in '/home/ds/your_workspace/build/husky_msgs' returned '0': CMAKE_PREFIX_PATH=${CMAKE_PREFIX_PATH}:/opt/ros/humble /usr/bin/cmake --install /home/ds/your_workspace/build/husky_msgs
