[0.944s] Invoking command in '/home/ds/your_workspace/build/husky_bringup': CMAKE_PREFIX_PATH=/home/ds/your_workspace/install/husky_control:/home/ds/your_workspace/install/husky_base:/home/ds/your_workspace/install/husky_msgs:/home/ds/your_workspace/install/husky_description:/home/ds/your_workspace/install/husky_desktop:/home/ds/your_workspace/install/husky_viz:/home/ds/your_workspace/install/husky_simulator:/home/ds/your_workspace/install/husky_robot:/home/ds/your_workspace/install/husky_bringup:/home/ds/your_workspace/install/husky_gazebo:/opt/ros/humble /usr/bin/cmake --build /home/ds/your_workspace/build/husky_bringup -- -j8 -l8
[0.973s] Invoked command in '/home/ds/your_workspace/build/husky_bringup' returned '0': CMAKE_PREFIX_PATH=/home/ds/your_workspace/install/husky_control:/home/ds/your_workspace/install/husky_base:/home/ds/your_workspace/install/husky_msgs:/home/ds/your_workspace/install/husky_description:/home/ds/your_workspace/install/husky_desktop:/home/ds/your_workspace/install/husky_viz:/home/ds/your_workspace/install/husky_simulator:/home/ds/your_workspace/install/husky_robot:/home/ds/your_workspace/install/husky_bringup:/home/ds/your_workspace/install/husky_gazebo:/opt/ros/humble /usr/bin/cmake --build /home/ds/your_workspace/build/husky_bringup -- -j8 -l8
[0.992s] Invoking command in '/home/ds/your_workspace/build/husky_bringup': CMAKE_PREFIX_PATH=/home/ds/your_workspace/install/husky_control:/home/ds/your_workspace/install/husky_base:/home/ds/your_workspace/install/husky_msgs:/home/ds/your_workspace/install/husky_description:/home/ds/your_workspace/install/husky_desktop:/home/ds/your_workspace/install/husky_viz:/home/ds/your_workspace/install/husky_simulator:/home/ds/your_workspace/install/husky_robot:/home/ds/your_workspace/install/husky_bringup:/home/ds/your_workspace/install/husky_gazebo:/opt/ros/humble /usr/bin/cmake --install /home/ds/your_workspace/build/husky_bringup
[0.998s] -- Install configuration: ""
[0.998s] -- Execute custom install script
[0.998s] -- Up-to-date symlink: /home/ds/your_workspace/install/husky_bringup/share/husky_bringup/config/mag_config_default.yaml
[0.998s] -- Up-to-date symlink: /home/ds/your_workspace/install/husky_bringup/share/husky_bringup/launch/accessories.launch.py
[0.999s] -- Up-to-date symlink: /home/ds/your_workspace/install/husky_bringup/share/husky_bringup/udev/10-microstrain.rules
[0.999s] -- Up-to-date symlink: /home/ds/your_workspace/install/husky_bringup/share/husky_bringup/udev/41-clearpath.rules
[0.999s] -- Up-to-date symlink: /home/ds/your_workspace/install/husky_bringup/share/husky_bringup/udev/41-hokuyo.rules
[0.999s] -- Up-to-date symlink: /home/ds/your_workspace/install/husky_bringup/share/husky_bringup/udev/41-logitech.rules
[0.999s] -- Up-to-date symlink: /home/ds/your_workspace/install/husky_bringup/share/husky_bringup/udev/52-ftdi.rules
[1.000s] -- Up-to-date symlink: /home/ds/your_workspace/install/husky_bringup/share/husky_bringup/udev/README.md
[1.000s] -- Up-to-date symlink: /home/ds/your_workspace/install/husky_bringup/lib/husky_bringup/install
[1.000s] -- Up-to-date symlink: /home/ds/your_workspace/install/husky_bringup/share/ament_index/resource_index/package_run_dependencies/husky_bringup
[1.000s] -- Up-to-date symlink: /home/ds/your_workspace/install/husky_bringup/share/ament_index/resource_index/parent_prefix_path/husky_bringup
[1.000s] -- Up-to-date symlink: /home/ds/your_workspace/install/husky_bringup/share/husky_bringup/environment/ament_prefix_path.sh
[1.000s] -- Up-to-date symlink: /home/ds/your_workspace/install/husky_bringup/share/husky_bringup/environment/ament_prefix_path.dsv
[1.000s] -- Up-to-date symlink: /home/ds/your_workspace/install/husky_bringup/share/husky_bringup/environment/path.sh
[1.000s] -- Up-to-date symlink: /home/ds/your_workspace/install/husky_bringup/share/husky_bringup/environment/path.dsv
[1.000s] -- Up-to-date symlink: /home/ds/your_workspace/install/husky_bringup/share/husky_bringup/local_setup.bash
[1.001s] -- Up-to-date symlink: /home/ds/your_workspace/install/husky_bringup/share/husky_bringup/local_setup.sh
[1.001s] -- Up-to-date symlink: /home/ds/your_workspace/install/husky_bringup/share/husky_bringup/local_setup.zsh
[1.001s] -- Up-to-date symlink: /home/ds/your_workspace/install/husky_bringup/share/husky_bringup/local_setup.dsv
[1.001s] -- Symlinking: /home/ds/your_workspace/install/husky_bringup/share/husky_bringup/package.dsv
[1.009s] -- Up-to-date symlink: /home/ds/your_workspace/install/husky_bringup/share/ament_index/resource_index/packages/husky_bringup
[1.009s] -- Up-to-date symlink: /home/ds/your_workspace/install/husky_bringup/share/husky_bringup/cmake/husky_bringupConfig.cmake
[1.009s] -- Up-to-date symlink: /home/ds/your_workspace/install/husky_bringup/share/husky_bringup/cmake/husky_bringupConfig-version.cmake
[1.009s] -- Up-to-date symlink: /home/ds/your_workspace/install/husky_bringup/share/husky_bringup/package.xml
[1.011s] Invoked command in '/home/ds/your_workspace/build/husky_bringup' returned '0': CMAKE_PREFIX_PATH=/home/ds/your_workspace/install/husky_control:/home/ds/your_workspace/install/husky_base:/home/ds/your_workspace/install/husky_msgs:/home/ds/your_workspace/install/husky_description:/home/ds/your_workspace/install/husky_desktop:/home/ds/your_workspace/install/husky_viz:/home/ds/your_workspace/install/husky_simulator:/home/ds/your_workspace/install/husky_robot:/home/ds/your_workspace/install/husky_bringup:/home/ds/your_workspace/install/husky_gazebo:/opt/ros/humble /usr/bin/cmake --install /home/ds/your_workspace/build/husky_bringup
