-- Install configuration: ""
-- Execute custom install script
-- Up-to-date symlink: /home/ds/your_workspace/install/husky_gazebo/share/husky_gazebo/launch/gazebo.launch.py
-- Up-to-date symlink: /home/ds/your_workspace/install/husky_gazebo/share/husky_gazebo/launch/husky_empty_world.launch
-- Up-to-date symlink: /home/ds/your_workspace/install/husky_gazebo/share/husky_gazebo/launch/husky_playpen.launch
-- Up-to-date symlink: /home/ds/your_workspace/install/husky_gazebo/share/husky_gazebo/launch/husky_playpen.launch.py
-- Up-to-date symlink: /home/ds/your_workspace/install/husky_gazebo/share/husky_gazebo/launch/multi_husky_playpen.launch
-- Up-to-date symlink: /home/ds/your_workspace/install/husky_gazebo/share/husky_gazebo/launch/playpen.launch
-- Up-to-date symlink: /home/ds/your_workspace/install/husky_gazebo/share/husky_gazebo/launch/realsense.launch
-- Up-to-date symlink: /home/ds/your_workspace/install/husky_gazebo/share/husky_gazebo/launch/spawn_husky.launch
-- Up-to-date symlink: /home/ds/your_workspace/install/husky_gazebo/share/husky_gazebo/worlds/clearpath_playpen.world
-- Up-to-date symlink: /home/ds/your_workspace/install/husky_gazebo/share/ament_index/resource_index/package_run_dependencies/husky_gazebo
-- Up-to-date symlink: /home/ds/your_workspace/install/husky_gazebo/share/ament_index/resource_index/parent_prefix_path/husky_gazebo
-- Up-to-date symlink: /home/ds/your_workspace/install/husky_gazebo/share/husky_gazebo/environment/ament_prefix_path.sh
-- Up-to-date symlink: /home/ds/your_workspace/install/husky_gazebo/share/husky_gazebo/environment/ament_prefix_path.dsv
-- Up-to-date symlink: /home/ds/your_workspace/install/husky_gazebo/share/husky_gazebo/environment/path.sh
-- Up-to-date symlink: /home/ds/your_workspace/install/husky_gazebo/share/husky_gazebo/environment/path.dsv
-- Up-to-date symlink: /home/ds/your_workspace/install/husky_gazebo/share/husky_gazebo/local_setup.bash
-- Up-to-date symlink: /home/ds/your_workspace/install/husky_gazebo/share/husky_gazebo/local_setup.sh
-- Up-to-date symlink: /home/ds/your_workspace/install/husky_gazebo/share/husky_gazebo/local_setup.zsh
-- Up-to-date symlink: /home/ds/your_workspace/install/husky_gazebo/share/husky_gazebo/local_setup.dsv
-- Symlinking: /home/ds/your_workspace/install/husky_gazebo/share/husky_gazebo/package.dsv
-- Up-to-date symlink: /home/ds/your_workspace/install/husky_gazebo/share/ament_index/resource_index/packages/husky_gazebo
-- Up-to-date symlink: /home/ds/your_workspace/install/husky_gazebo/share/husky_gazebo/cmake/husky_gazeboConfig.cmake
-- Up-to-date symlink: /home/ds/your_workspace/install/husky_gazebo/share/husky_gazebo/cmake/husky_gazeboConfig-version.cmake
-- Up-to-date symlink: /home/ds/your_workspace/install/husky_gazebo/share/husky_gazebo/package.xml
