-- The C compiler identification is GNU 11.4.0
-- The CXX compiler identification is GNU 11.4.0
-- Detecting C compiler ABI info
-- Detecting C compiler ABI info - done
-- Check for working C compiler: /usr/bin/cc - skipped
-- Detecting C compile features
-- Detecting C compile features - done
-- Detecting CXX compiler ABI info
-- Detecting CXX compiler ABI info - done
-- Check for working CXX compiler: /usr/bin/c++ - skipped
-- Detecting CXX compile features
-- Detecting CXX compile features - done
-- Found ament_cmake: 1.3.5 (/opt/ros/humble/share/ament_cmake/cmake)
-- Found Python3: /usr/bin/python3.10 (found version "3.10.12") found components: Interpreter 
-- Override CMake install command with custom implementation using symlinks instead of copying resources
-- Configuring done
-- Generating done
-- Build files have been written to: /home/ds/your_workspace/build/husky_viz
-- Install configuration: ""
-- Execute custom install script
-- Symlinking: /home/ds/your_workspace/install/husky_viz/share/husky_viz/launch/view_model.launch
-- Symlinking: /home/ds/your_workspace/install/husky_viz/share/husky_viz/launch/view_model_launch.py
-- Symlinking: /home/ds/your_workspace/install/husky_viz/share/husky_viz/launch/view_robot.launch
-- Symlinking: /home/ds/your_workspace/install/husky_viz/share/husky_viz/launch/view_robot_launch.py
-- Symlinking: /home/ds/your_workspace/install/husky_viz/share/husky_viz/rviz/model.rviz
-- Symlinking: /home/ds/your_workspace/install/husky_viz/share/husky_viz/rviz/robot.rviz
-- Symlinking: /home/ds/your_workspace/install/husky_viz/share/husky_viz/rviz/test.rviz
-- Symlinking: /home/ds/your_workspace/install/husky_viz/share/ament_index/resource_index/package_run_dependencies/husky_viz
-- Symlinking: /home/ds/your_workspace/install/husky_viz/share/ament_index/resource_index/parent_prefix_path/husky_viz
-- Symlinking: /home/ds/your_workspace/install/husky_viz/share/husky_viz/environment/ament_prefix_path.sh
-- Symlinking: /home/ds/your_workspace/install/husky_viz/share/husky_viz/environment/ament_prefix_path.dsv
-- Symlinking: /home/ds/your_workspace/install/husky_viz/share/husky_viz/environment/path.sh
-- Symlinking: /home/ds/your_workspace/install/husky_viz/share/husky_viz/environment/path.dsv
-- Symlinking: /home/ds/your_workspace/install/husky_viz/share/husky_viz/local_setup.bash
-- Symlinking: /home/ds/your_workspace/install/husky_viz/share/husky_viz/local_setup.sh
-- Symlinking: /home/ds/your_workspace/install/husky_viz/share/husky_viz/local_setup.zsh
-- Symlinking: /home/ds/your_workspace/install/husky_viz/share/husky_viz/local_setup.dsv
-- Symlinking: /home/ds/your_workspace/install/husky_viz/share/husky_viz/package.dsv
-- Symlinking: /home/ds/your_workspace/install/husky_viz/share/ament_index/resource_index/packages/husky_viz
-- Symlinking: /home/ds/your_workspace/install/husky_viz/share/husky_viz/cmake/husky_vizConfig.cmake
-- Symlinking: /home/ds/your_workspace/install/husky_viz/share/husky_viz/cmake/husky_vizConfig-version.cmake
-- Symlinking: /home/ds/your_workspace/install/husky_viz/share/husky_viz/package.xml
