-- Found ament_cmake: 1.3.5 (/opt/ros/humble/share/ament_cmake/cmake)
-- Override CMake install command with custom implementation using symlinks instead of copying resources
-- Found std_msgs: 4.2.3 (/opt/ros/humble/share/std_msgs/cmake)
-- Found rosidl_generator_c: 3.1.5 (/opt/ros/humble/share/rosidl_generator_c/cmake)
-- Found rosidl_adapter: 3.1.5 (/opt/ros/humble/share/rosidl_adapter/cmake)
-- Found rosidl_generator_cpp: 3.1.5 (/opt/ros/humble/share/rosidl_generator_cpp/cmake)
-- Using all available rosidl_typesupport_c: rosidl_typesupport_fastrtps_c;rosidl_typesupport_introspection_c
-- Using all available rosidl_typesupport_cpp: rosidl_typesupport_fastrtps_cpp;rosidl_typesupport_introspection_cpp
-- Found rosidl_default_generators: 1.2.0 (/opt/ros/humble/share/rosidl_default_generators/cmake)
-- Found ament_cmake_ros: 0.10.0 (/opt/ros/humble/share/ament_cmake_ros/cmake)
-- Using all available rosidl_typesupport_c: rosidl_typesupport_fastrtps_c;rosidl_typesupport_introspection_c
-- Using all available rosidl_typesupport_cpp: rosidl_typesupport_fastrtps_cpp;rosidl_typesupport_introspection_cpp
-- Found python_cmake_module: 0.10.0 (/opt/ros/humble/share/python_cmake_module/cmake)
-- Using PYTHON_EXECUTABLE: /usr/bin/python3
-- Using PYTHON_INCLUDE_DIRS: /usr/include/python3.10
-- Using PYTHON_LIBRARIES: /usr/lib/x86_64-linux-gnu/libpython3.10.so
-- Configuring done
-- Generating done
-- Build files have been written to: /home/ds/your_workspace/build/husky_msgs
[35m[1mConsolidate compiler generated dependencies of target husky_msgs__rosidl_generator_c[0m
[  3%] Built target husky_msgs__cpp
[ 12%] Built target husky_msgs__rosidl_generator_c
[ 12%] Built target ament_cmake_python_symlink_husky_msgs
[35m[1mConsolidate compiler generated dependencies of target husky_msgs__rosidl_typesupport_cpp[0m
[35m[1mConsolidate compiler generated dependencies of target husky_msgs__rosidl_typesupport_introspection_cpp[0m
[35m[1mConsolidate compiler generated dependencies of target husky_msgs__rosidl_typesupport_fastrtps_cpp[0m
[35m[1mConsolidate compiler generated dependencies of target husky_msgs__rosidl_typesupport_introspection_c[0m
[35m[1mConsolidate compiler generated dependencies of target husky_msgs__rosidl_typesupport_c[0m
[35m[1mConsolidate compiler generated dependencies of target husky_msgs__rosidl_typesupport_fastrtps_c[0m
[ 22%] Built target husky_msgs__rosidl_typesupport_introspection_cpp
[ 32%] Built target husky_msgs__rosidl_typesupport_cpp
[ 48%] Built target husky_msgs__rosidl_typesupport_fastrtps_cpp
[ 51%] Built target husky_msgs__rosidl_typesupport_c
[ 61%] Built target husky_msgs__rosidl_typesupport_introspection_c
[ 70%] Built target husky_msgs__rosidl_typesupport_fastrtps_c
[ 70%] Built target husky_msgs
[ 74%] Built target husky_msgs__py
[35m[1mConsolidate compiler generated dependencies of target husky_msgs__rosidl_generator_py[0m
[ 80%] Built target husky_msgs__rosidl_generator_py
[35m[1mConsolidate compiler generated dependencies of target husky_msgs__rosidl_typesupport_introspection_c__pyext[0m
[35m[1mConsolidate compiler generated dependencies of target husky_msgs__rosidl_typesupport_c__pyext[0m
[35m[1mConsolidate compiler generated dependencies of target husky_msgs__rosidl_typesupport_fastrtps_c__pyext[0m
[ 87%] Built target husky_msgs__rosidl_typesupport_introspection_c__pyext
[ 93%] Built target husky_msgs__rosidl_typesupport_fastrtps_c__pyext
[100%] Built target husky_msgs__rosidl_typesupport_c__pyext
running egg_info
writing husky_msgs.egg-info/PKG-INFO
writing dependency_links to husky_msgs.egg-info/dependency_links.txt
writing top-level names to husky_msgs.egg-info/top_level.txt
reading manifest file 'husky_msgs.egg-info/SOURCES.txt'
writing manifest file 'husky_msgs.egg-info/SOURCES.txt'
[100%] Built target ament_cmake_python_build_husky_msgs_egg
-- Install configuration: ""
-- Execute custom install script
-- Up-to-date symlink: /home/ds/your_workspace/install/husky_msgs/share/ament_index/resource_index/rosidl_interfaces/husky_msgs
-- Up-to-date symlink: /home/ds/your_workspace/install/husky_msgs/include/husky_msgs/husky_msgs/msg/detail/husky_status__functions.h
-- Up-to-date symlink: /home/ds/your_workspace/install/husky_msgs/include/husky_msgs/husky_msgs/msg/detail/husky_status__struct.h
-- Up-to-date symlink: /home/ds/your_workspace/install/husky_msgs/include/husky_msgs/husky_msgs/msg/detail/husky_status__type_support.h
-- Up-to-date symlink: /home/ds/your_workspace/install/husky_msgs/include/husky_msgs/husky_msgs/msg/husky_status.h
-- Up-to-date symlink: /home/ds/your_workspace/install/husky_msgs/include/husky_msgs/husky_msgs/msg/rosidl_generator_c__visibility_control.h
-- Up-to-date symlink: /home/ds/your_workspace/install/husky_msgs/share/husky_msgs/environment/library_path.sh
-- Up-to-date symlink: /home/ds/your_workspace/install/husky_msgs/share/husky_msgs/environment/library_path.dsv
-- Up-to-date symlink: /home/ds/your_workspace/install/husky_msgs/include/husky_msgs/husky_msgs/msg/detail/husky_status__rosidl_typesupport_fastrtps_c.h
-- Up-to-date symlink: /home/ds/your_workspace/install/husky_msgs/include/husky_msgs/husky_msgs/msg/rosidl_typesupport_fastrtps_c__visibility_control.h
-- Up-to-date symlink: /home/ds/your_workspace/install/husky_msgs/include/husky_msgs/husky_msgs/msg/detail/husky_status__builder.hpp
-- Up-to-date symlink: /home/ds/your_workspace/install/husky_msgs/include/husky_msgs/husky_msgs/msg/detail/husky_status__struct.hpp
-- Up-to-date symlink: /home/ds/your_workspace/install/husky_msgs/include/husky_msgs/husky_msgs/msg/detail/husky_status__traits.hpp
-- Up-to-date symlink: /home/ds/your_workspace/install/husky_msgs/include/husky_msgs/husky_msgs/msg/husky_status.hpp
-- Up-to-date symlink: /home/ds/your_workspace/install/husky_msgs/include/husky_msgs/husky_msgs/msg/detail/husky_status__rosidl_typesupport_fastrtps_cpp.hpp
-- Up-to-date symlink: /home/ds/your_workspace/install/husky_msgs/include/husky_msgs/husky_msgs/msg/rosidl_typesupport_fastrtps_cpp__visibility_control.h
-- Up-to-date symlink: /home/ds/your_workspace/install/husky_msgs/include/husky_msgs/husky_msgs/msg/detail/husky_status__rosidl_typesupport_introspection_c.h
-- Up-to-date symlink: /home/ds/your_workspace/install/husky_msgs/include/husky_msgs/husky_msgs/msg/rosidl_typesupport_introspection_c__visibility_control.h
-- Up-to-date symlink: /home/ds/your_workspace/install/husky_msgs/include/husky_msgs/husky_msgs/msg/detail/husky_status__rosidl_typesupport_introspection_cpp.hpp
-- Up-to-date symlink: /home/ds/your_workspace/install/husky_msgs/share/husky_msgs/environment/pythonpath.sh
-- Up-to-date symlink: /home/ds/your_workspace/install/husky_msgs/share/husky_msgs/environment/pythonpath.dsv
-- Up-to-date symlink: /home/ds/your_workspace/install/husky_msgs/local/lib/python3.10/dist-packages/husky_msgs-1.0.8-py3.10.egg-info/PKG-INFO
-- Up-to-date symlink: /home/ds/your_workspace/install/husky_msgs/local/lib/python3.10/dist-packages/husky_msgs-1.0.8-py3.10.egg-info/SOURCES.txt
-- Up-to-date symlink: /home/ds/your_workspace/install/husky_msgs/local/lib/python3.10/dist-packages/husky_msgs-1.0.8-py3.10.egg-info/dependency_links.txt
-- Up-to-date symlink: /home/ds/your_workspace/install/husky_msgs/local/lib/python3.10/dist-packages/husky_msgs-1.0.8-py3.10.egg-info/top_level.txt
-- Up-to-date symlink: /home/ds/your_workspace/install/husky_msgs/local/lib/python3.10/dist-packages/husky_msgs/__init__.py
-- Up-to-date symlink: /home/ds/your_workspace/install/husky_msgs/local/lib/python3.10/dist-packages/husky_msgs/_husky_msgs_s.ep.rosidl_typesupport_c.c
-- Up-to-date symlink: /home/ds/your_workspace/install/husky_msgs/local/lib/python3.10/dist-packages/husky_msgs/_husky_msgs_s.ep.rosidl_typesupport_fastrtps_c.c
-- Up-to-date symlink: /home/ds/your_workspace/install/husky_msgs/local/lib/python3.10/dist-packages/husky_msgs/_husky_msgs_s.ep.rosidl_typesupport_introspection_c.c
-- Up-to-date symlink: /home/ds/your_workspace/install/husky_msgs/local/lib/python3.10/dist-packages/husky_msgs/husky_msgs_s__rosidl_typesupport_c.cpython-310-x86_64-linux-gnu.so
-- Up-to-date symlink: /home/ds/your_workspace/install/husky_msgs/local/lib/python3.10/dist-packages/husky_msgs/husky_msgs_s__rosidl_typesupport_fastrtps_c.cpython-310-x86_64-linux-gnu.so
-- Up-to-date symlink: /home/ds/your_workspace/install/husky_msgs/local/lib/python3.10/dist-packages/husky_msgs/husky_msgs_s__rosidl_typesupport_introspection_c.cpython-310-x86_64-linux-gnu.so
-- Up-to-date symlink: /home/ds/your_workspace/install/husky_msgs/local/lib/python3.10/dist-packages/husky_msgs/libhusky_msgs__rosidl_generator_py.so
-- Up-to-date symlink: /home/ds/your_workspace/install/husky_msgs/local/lib/python3.10/dist-packages/husky_msgs/msg/__init__.py
-- Up-to-date symlink: /home/ds/your_workspace/install/husky_msgs/local/lib/python3.10/dist-packages/husky_msgs/msg/_husky_status.py
-- Up-to-date symlink: /home/ds/your_workspace/install/husky_msgs/local/lib/python3.10/dist-packages/husky_msgs/msg/_husky_status_s.c
-- Up-to-date symlink: /home/ds/your_workspace/install/husky_msgs/local/lib/python3.10/dist-packages/husky_msgs/husky_msgs_s__rosidl_typesupport_fastrtps_c.cpython-310-x86_64-linux-gnu.so
-- Up-to-date symlink: /home/ds/your_workspace/install/husky_msgs/local/lib/python3.10/dist-packages/husky_msgs/husky_msgs_s__rosidl_typesupport_introspection_c.cpython-310-x86_64-linux-gnu.so
-- Up-to-date symlink: /home/ds/your_workspace/install/husky_msgs/local/lib/python3.10/dist-packages/husky_msgs/husky_msgs_s__rosidl_typesupport_c.cpython-310-x86_64-linux-gnu.so
-- Up-to-date symlink: /home/ds/your_workspace/install/husky_msgs/share/husky_msgs/msg/HuskyStatus.idl
-- Up-to-date symlink: /home/ds/your_workspace/install/husky_msgs/share/husky_msgs/msg/HuskyStatus.msg
-- Up-to-date symlink: /home/ds/your_workspace/install/husky_msgs/share/ament_index/resource_index/package_run_dependencies/husky_msgs
-- Up-to-date symlink: /home/ds/your_workspace/install/husky_msgs/share/ament_index/resource_index/parent_prefix_path/husky_msgs
-- Up-to-date symlink: /home/ds/your_workspace/install/husky_msgs/share/husky_msgs/environment/ament_prefix_path.sh
-- Up-to-date symlink: /home/ds/your_workspace/install/husky_msgs/share/husky_msgs/environment/ament_prefix_path.dsv
-- Up-to-date symlink: /home/ds/your_workspace/install/husky_msgs/share/husky_msgs/environment/path.sh
-- Up-to-date symlink: /home/ds/your_workspace/install/husky_msgs/share/husky_msgs/environment/path.dsv
-- Up-to-date symlink: /home/ds/your_workspace/install/husky_msgs/share/husky_msgs/local_setup.bash
-- Up-to-date symlink: /home/ds/your_workspace/install/husky_msgs/share/husky_msgs/local_setup.sh
-- Up-to-date symlink: /home/ds/your_workspace/install/husky_msgs/share/husky_msgs/local_setup.zsh
-- Up-to-date symlink: /home/ds/your_workspace/install/husky_msgs/share/husky_msgs/local_setup.dsv
-- Symlinking: /home/ds/your_workspace/install/husky_msgs/share/husky_msgs/package.dsv
-- Up-to-date symlink: /home/ds/your_workspace/install/husky_msgs/share/ament_index/resource_index/packages/husky_msgs
-- Up-to-date symlink: /home/ds/your_workspace/install/husky_msgs/share/husky_msgs/cmake/rosidl_cmake-extras.cmake
-- Up-to-date symlink: /home/ds/your_workspace/install/husky_msgs/share/husky_msgs/cmake/ament_cmake_export_dependencies-extras.cmake
-- Up-to-date symlink: /home/ds/your_workspace/install/husky_msgs/share/husky_msgs/cmake/ament_cmake_export_include_directories-extras.cmake
-- Up-to-date symlink: /home/ds/your_workspace/install/husky_msgs/share/husky_msgs/cmake/ament_cmake_export_libraries-extras.cmake
-- Up-to-date symlink: /home/ds/your_workspace/install/husky_msgs/share/husky_msgs/cmake/ament_cmake_export_targets-extras.cmake
-- Up-to-date symlink: /home/ds/your_workspace/install/husky_msgs/share/husky_msgs/cmake/rosidl_cmake_export_typesupport_targets-extras.cmake
-- Up-to-date symlink: /home/ds/your_workspace/install/husky_msgs/share/husky_msgs/cmake/rosidl_cmake_export_typesupport_libraries-extras.cmake
-- Up-to-date symlink: /home/ds/your_workspace/install/husky_msgs/share/husky_msgs/cmake/husky_msgsConfig.cmake
-- Up-to-date symlink: /home/ds/your_workspace/install/husky_msgs/share/husky_msgs/cmake/husky_msgsConfig-version.cmake
-- Up-to-date symlink: /home/ds/your_workspace/install/husky_msgs/share/husky_msgs/package.xml
-- Up-to-date: /home/ds/your_workspace/install/husky_msgs/lib/libhusky_msgs__rosidl_generator_c.so
-- Up-to-date: /home/ds/your_workspace/install/husky_msgs/lib/libhusky_msgs__rosidl_typesupport_fastrtps_c.so
-- Up-to-date: /home/ds/your_workspace/install/husky_msgs/lib/libhusky_msgs__rosidl_typesupport_fastrtps_cpp.so
-- Up-to-date: /home/ds/your_workspace/install/husky_msgs/lib/libhusky_msgs__rosidl_typesupport_introspection_c.so
-- Up-to-date: /home/ds/your_workspace/install/husky_msgs/lib/libhusky_msgs__rosidl_typesupport_c.so
-- Up-to-date: /home/ds/your_workspace/install/husky_msgs/lib/libhusky_msgs__rosidl_typesupport_introspection_cpp.so
-- Up-to-date: /home/ds/your_workspace/install/husky_msgs/lib/libhusky_msgs__rosidl_typesupport_cpp.so
Listing '/home/ds/your_workspace/install/husky_msgs/local/lib/python3.10/dist-packages/husky_msgs'...
Compiling '/home/ds/your_workspace/install/husky_msgs/local/lib/python3.10/dist-packages/husky_msgs/__init__.py'...
Listing '/home/ds/your_workspace/install/husky_msgs/local/lib/python3.10/dist-packages/husky_msgs/msg'...
-- Up-to-date: /home/ds/your_workspace/install/husky_msgs/lib/libhusky_msgs__rosidl_generator_py.so
-- Up-to-date: /home/ds/your_workspace/install/husky_msgs/share/husky_msgs/cmake/export_husky_msgs__rosidl_generator_cExport.cmake
-- Up-to-date: /home/ds/your_workspace/install/husky_msgs/share/husky_msgs/cmake/export_husky_msgs__rosidl_generator_cExport-noconfig.cmake
-- Up-to-date: /home/ds/your_workspace/install/husky_msgs/share/husky_msgs/cmake/export_husky_msgs__rosidl_typesupport_fastrtps_cExport.cmake
-- Up-to-date: /home/ds/your_workspace/install/husky_msgs/share/husky_msgs/cmake/export_husky_msgs__rosidl_typesupport_fastrtps_cExport-noconfig.cmake
-- Up-to-date: /home/ds/your_workspace/install/husky_msgs/share/husky_msgs/cmake/export_husky_msgs__rosidl_generator_cppExport.cmake
-- Up-to-date: /home/ds/your_workspace/install/husky_msgs/share/husky_msgs/cmake/export_husky_msgs__rosidl_typesupport_fastrtps_cppExport.cmake
-- Up-to-date: /home/ds/your_workspace/install/husky_msgs/share/husky_msgs/cmake/export_husky_msgs__rosidl_typesupport_fastrtps_cppExport-noconfig.cmake
-- Up-to-date: /home/ds/your_workspace/install/husky_msgs/share/husky_msgs/cmake/husky_msgs__rosidl_typesupport_introspection_cExport.cmake
-- Up-to-date: /home/ds/your_workspace/install/husky_msgs/share/husky_msgs/cmake/husky_msgs__rosidl_typesupport_introspection_cExport-noconfig.cmake
-- Up-to-date: /home/ds/your_workspace/install/husky_msgs/share/husky_msgs/cmake/husky_msgs__rosidl_typesupport_cExport.cmake
-- Up-to-date: /home/ds/your_workspace/install/husky_msgs/share/husky_msgs/cmake/husky_msgs__rosidl_typesupport_cExport-noconfig.cmake
-- Up-to-date: /home/ds/your_workspace/install/husky_msgs/share/husky_msgs/cmake/husky_msgs__rosidl_typesupport_introspection_cppExport.cmake
-- Up-to-date: /home/ds/your_workspace/install/husky_msgs/share/husky_msgs/cmake/husky_msgs__rosidl_typesupport_introspection_cppExport-noconfig.cmake
-- Up-to-date: /home/ds/your_workspace/install/husky_msgs/share/husky_msgs/cmake/husky_msgs__rosidl_typesupport_cppExport.cmake
-- Up-to-date: /home/ds/your_workspace/install/husky_msgs/share/husky_msgs/cmake/husky_msgs__rosidl_typesupport_cppExport-noconfig.cmake
-- Up-to-date: /home/ds/your_workspace/install/husky_msgs/share/husky_msgs/cmake/export_husky_msgs__rosidl_generator_pyExport.cmake
-- Up-to-date: /home/ds/your_workspace/install/husky_msgs/share/husky_msgs/cmake/export_husky_msgs__rosidl_generator_pyExport-noconfig.cmake
