[0.968s] Invoking command in '/home/ds/your_workspace/build/husky_robot': AMENT_PREFIX_PATH=/home/ds/your_workspace/install/husky_bringup:/home/ds/your_workspace/install/husky_control:/home/ds/your_workspace/install/husky_base:/home/ds/your_workspace/install/husky_msgs:/home/ds/your_workspace/install/husky_description:${AMENT_PREFIX_PATH} CMAKE_PREFIX_PATH=/home/ds/your_workspace/install/husky_bringup:/home/ds/your_workspace/install/husky_control:/home/ds/your_workspace/install/husky_base:/home/ds/your_workspace/install/husky_msgs:/home/ds/your_workspace/install/husky_description:/opt/ros/humble LD_LIBRARY_PATH=/home/ds/your_workspace/install/husky_base/lib:/home/ds/your_workspace/install/husky_msgs/lib:${LD_LIBRARY_PATH} PYTHONPATH=/home/ds/your_workspace/install/husky_msgs/local/lib/python3.10/dist-packages:${PYTHONPATH} /usr/bin/cmake --build /home/ds/your_workspace/build/husky_robot -- -j8 -l8
[1.004s] Invoked command in '/home/ds/your_workspace/build/husky_robot' returned '0': AMENT_PREFIX_PATH=/home/ds/your_workspace/install/husky_bringup:/home/ds/your_workspace/install/husky_control:/home/ds/your_workspace/install/husky_base:/home/ds/your_workspace/install/husky_msgs:/home/ds/your_workspace/install/husky_description:${AMENT_PREFIX_PATH} CMAKE_PREFIX_PATH=/home/ds/your_workspace/install/husky_bringup:/home/ds/your_workspace/install/husky_control:/home/ds/your_workspace/install/husky_base:/home/ds/your_workspace/install/husky_msgs:/home/ds/your_workspace/install/husky_description:/opt/ros/humble LD_LIBRARY_PATH=/home/ds/your_workspace/install/husky_base/lib:/home/ds/your_workspace/install/husky_msgs/lib:${LD_LIBRARY_PATH} PYTHONPATH=/home/ds/your_workspace/install/husky_msgs/local/lib/python3.10/dist-packages:${PYTHONPATH} /usr/bin/cmake --build /home/ds/your_workspace/build/husky_robot -- -j8 -l8
[1.026s] Invoking command in '/home/ds/your_workspace/build/husky_robot': AMENT_PREFIX_PATH=/home/ds/your_workspace/install/husky_bringup:/home/ds/your_workspace/install/husky_control:/home/ds/your_workspace/install/husky_base:/home/ds/your_workspace/install/husky_msgs:/home/ds/your_workspace/install/husky_description:${AMENT_PREFIX_PATH} CMAKE_PREFIX_PATH=/home/ds/your_workspace/install/husky_bringup:/home/ds/your_workspace/install/husky_control:/home/ds/your_workspace/install/husky_base:/home/ds/your_workspace/install/husky_msgs:/home/ds/your_workspace/install/husky_description:/opt/ros/humble LD_LIBRARY_PATH=/home/ds/your_workspace/install/husky_base/lib:/home/ds/your_workspace/install/husky_msgs/lib:${LD_LIBRARY_PATH} PYTHONPATH=/home/ds/your_workspace/install/husky_msgs/local/lib/python3.10/dist-packages:${PYTHONPATH} /usr/bin/cmake --install /home/ds/your_workspace/build/husky_robot
[1.032s] -- Install configuration: ""
[1.032s] -- Execute custom install script
[1.032s] -- Up-to-date symlink: /home/ds/your_workspace/install/husky_robot/share/ament_index/resource_index/package_run_dependencies/husky_robot
[1.033s] -- Up-to-date symlink: /home/ds/your_workspace/install/husky_robot/share/ament_index/resource_index/parent_prefix_path/husky_robot
[1.033s] -- Up-to-date symlink: /home/ds/your_workspace/install/husky_robot/share/husky_robot/environment/ament_prefix_path.sh
[1.033s] -- Up-to-date symlink: /home/ds/your_workspace/install/husky_robot/share/husky_robot/environment/ament_prefix_path.dsv
[1.033s] -- Up-to-date symlink: /home/ds/your_workspace/install/husky_robot/share/husky_robot/environment/path.sh
[1.034s] -- Up-to-date symlink: /home/ds/your_workspace/install/husky_robot/share/husky_robot/environment/path.dsv
[1.034s] -- Up-to-date symlink: /home/ds/your_workspace/install/husky_robot/share/husky_robot/local_setup.bash
[1.034s] -- Up-to-date symlink: /home/ds/your_workspace/install/husky_robot/share/husky_robot/local_setup.sh
[1.034s] -- Up-to-date symlink: /home/ds/your_workspace/install/husky_robot/share/husky_robot/local_setup.zsh
[1.034s] -- Up-to-date symlink: /home/ds/your_workspace/install/husky_robot/share/husky_robot/local_setup.dsv
[1.034s] -- Symlinking: /home/ds/your_workspace/install/husky_robot/share/husky_robot/package.dsv
[1.043s] -- Up-to-date symlink: /home/ds/your_workspace/install/husky_robot/share/ament_index/resource_index/packages/husky_robot
[1.043s] -- Up-to-date symlink: /home/ds/your_workspace/install/husky_robot/share/husky_robot/cmake/husky_robotConfig.cmake
[1.043s] -- Up-to-date symlink: /home/ds/your_workspace/install/husky_robot/share/husky_robot/cmake/husky_robotConfig-version.cmake
[1.043s] -- Up-to-date symlink: /home/ds/your_workspace/install/husky_robot/share/husky_robot/package.xml
[1.047s] Invoked command in '/home/ds/your_workspace/build/husky_robot' returned '0': AMENT_PREFIX_PATH=/home/ds/your_workspace/install/husky_bringup:/home/ds/your_workspace/install/husky_control:/home/ds/your_workspace/install/husky_base:/home/ds/your_workspace/install/husky_msgs:/home/ds/your_workspace/install/husky_description:${AMENT_PREFIX_PATH} CMAKE_PREFIX_PATH=/home/ds/your_workspace/install/husky_bringup:/home/ds/your_workspace/install/husky_control:/home/ds/your_workspace/install/husky_base:/home/ds/your_workspace/install/husky_msgs:/home/ds/your_workspace/install/husky_description:/opt/ros/humble LD_LIBRARY_PATH=/home/ds/your_workspace/install/husky_base/lib:/home/ds/your_workspace/install/husky_msgs/lib:${LD_LIBRARY_PATH} PYTHONPATH=/home/ds/your_workspace/install/husky_msgs/local/lib/python3.10/dist-packages:${PYTHONPATH} /usr/bin/cmake --install /home/ds/your_workspace/build/husky_robot
