[0.016s] Invoking command in '/home/ds/your_workspace/build/husky_msgs': CMAKE_PREFIX_PATH=/opt/ros/humble /usr/bin/cmake --build /home/ds/your_workspace/build/husky_msgs -- -j8 -l8
[0.059s] [  3%] Built target husky_msgs__cpp
[0.060s] [ 12%] Built target husky_msgs__rosidl_generator_c
[0.068s] [ 12%] Built target ament_cmake_python_symlink_husky_msgs
[0.086s] [ 25%] Built target husky_msgs__rosidl_typesupport_introspection_c
[0.086s] [ 32%] Built target husky_msgs__rosidl_typesupport_introspection_cpp
[0.087s] [ 41%] Built target husky_msgs__rosidl_typesupport_c
[0.088s] [ 51%] Built target husky_msgs__rosidl_typesupport_fastrtps_cpp
[0.090s] [ 61%] Built target husky_msgs__rosidl_typesupport_fastrtps_c
[0.093s] [ 70%] Built target husky_msgs__rosidl_typesupport_cpp
[0.113s] [ 70%] Built target husky_msgs
[0.132s] [ 74%] Built target husky_msgs__py
[0.151s] [ 80%] Built target husky_msgs__rosidl_generator_py
[0.177s] [100%] Built target husky_msgs__rosidl_typesupport_c__pyext
[0.177s] [100%] Built target husky_msgs__rosidl_typesupport_fastrtps_c__pyext
[0.177s] [100%] Built target husky_msgs__rosidl_typesupport_introspection_c__pyext
[0.357s] running egg_info
[0.358s] writing husky_msgs.egg-info/PKG-INFO
[0.358s] writing dependency_links to husky_msgs.egg-info/dependency_links.txt
[0.358s] writing top-level names to husky_msgs.egg-info/top_level.txt
[0.360s] reading manifest file 'husky_msgs.egg-info/SOURCES.txt'
[0.360s] writing manifest file 'husky_msgs.egg-info/SOURCES.txt'
[0.390s] [100%] Built target ament_cmake_python_build_husky_msgs_egg
[0.407s] Invoked command in '/home/ds/your_workspace/build/husky_msgs' returned '0': CMAKE_PREFIX_PATH=/opt/ros/humble /usr/bin/cmake --build /home/ds/your_workspace/build/husky_msgs -- -j8 -l8
[0.468s] Invoking command in '/home/ds/your_workspace/build/husky_msgs': CMAKE_PREFIX_PATH=/opt/ros/humble /usr/bin/cmake --install /home/ds/your_workspace/build/husky_msgs
[0.475s] -- Install configuration: ""
[0.475s] -- Execute custom install script
[0.476s] -- Up-to-date symlink: /home/ds/your_workspace/install/husky_msgs/share/ament_index/resource_index/rosidl_interfaces/husky_msgs
[0.476s] -- Up-to-date symlink: /home/ds/your_workspace/install/husky_msgs/include/husky_msgs/husky_msgs/msg/detail/husky_status__functions.h
[0.477s] -- Up-to-date symlink: /home/ds/your_workspace/install/husky_msgs/include/husky_msgs/husky_msgs/msg/detail/husky_status__struct.h
[0.477s] -- Up-to-date symlink: /home/ds/your_workspace/install/husky_msgs/include/husky_msgs/husky_msgs/msg/detail/husky_status__type_support.h
[0.477s] -- Up-to-date symlink: /home/ds/your_workspace/install/husky_msgs/include/husky_msgs/husky_msgs/msg/husky_status.h
[0.477s] -- Up-to-date symlink: /home/ds/your_workspace/install/husky_msgs/include/husky_msgs/husky_msgs/msg/rosidl_generator_c__visibility_control.h
[0.477s] -- Up-to-date symlink: /home/ds/your_workspace/install/husky_msgs/share/husky_msgs/environment/library_path.sh
[0.478s] -- Up-to-date symlink: /home/ds/your_workspace/install/husky_msgs/share/husky_msgs/environment/library_path.dsv
[0.478s] -- Up-to-date symlink: /home/ds/your_workspace/install/husky_msgs/include/husky_msgs/husky_msgs/msg/detail/husky_status__rosidl_typesupport_fastrtps_c.h
[0.478s] -- Up-to-date symlink: /home/ds/your_workspace/install/husky_msgs/include/husky_msgs/husky_msgs/msg/rosidl_typesupport_fastrtps_c__visibility_control.h
[0.478s] -- Up-to-date symlink: /home/ds/your_workspace/install/husky_msgs/include/husky_msgs/husky_msgs/msg/detail/husky_status__builder.hpp
[0.478s] -- Up-to-date symlink: /home/ds/your_workspace/install/husky_msgs/include/husky_msgs/husky_msgs/msg/detail/husky_status__struct.hpp
[0.479s] -- Up-to-date symlink: /home/ds/your_workspace/install/husky_msgs/include/husky_msgs/husky_msgs/msg/detail/husky_status__traits.hpp
[0.479s] -- Up-to-date symlink: /home/ds/your_workspace/install/husky_msgs/include/husky_msgs/husky_msgs/msg/husky_status.hpp
[0.479s] -- Up-to-date symlink: /home/ds/your_workspace/install/husky_msgs/include/husky_msgs/husky_msgs/msg/detail/husky_status__rosidl_typesupport_fastrtps_cpp.hpp
[0.480s] -- Up-to-date symlink: /home/ds/your_workspace/install/husky_msgs/include/husky_msgs/husky_msgs/msg/rosidl_typesupport_fastrtps_cpp__visibility_control.h
[0.480s] -- Up-to-date symlink: /home/ds/your_workspace/install/husky_msgs/include/husky_msgs/husky_msgs/msg/detail/husky_status__rosidl_typesupport_introspection_c.h
[0.480s] -- Up-to-date symlink: /home/ds/your_workspace/install/husky_msgs/include/husky_msgs/husky_msgs/msg/rosidl_typesupport_introspection_c__visibility_control.h
[0.480s] -- Up-to-date symlink: /home/ds/your_workspace/install/husky_msgs/include/husky_msgs/husky_msgs/msg/detail/husky_status__rosidl_typesupport_introspection_cpp.hpp
[0.480s] -- Up-to-date symlink: /home/ds/your_workspace/install/husky_msgs/share/husky_msgs/environment/pythonpath.sh
[0.481s] -- Up-to-date symlink: /home/ds/your_workspace/install/husky_msgs/share/husky_msgs/environment/pythonpath.dsv
[0.481s] -- Up-to-date symlink: /home/ds/your_workspace/install/husky_msgs/local/lib/python3.10/dist-packages/husky_msgs-1.0.8-py3.10.egg-info/PKG-INFO
[0.481s] -- Up-to-date symlink: /home/ds/your_workspace/install/husky_msgs/local/lib/python3.10/dist-packages/husky_msgs-1.0.8-py3.10.egg-info/SOURCES.txt
[0.481s] -- Up-to-date symlink: /home/ds/your_workspace/install/husky_msgs/local/lib/python3.10/dist-packages/husky_msgs-1.0.8-py3.10.egg-info/dependency_links.txt
[0.481s] -- Up-to-date symlink: /home/ds/your_workspace/install/husky_msgs/local/lib/python3.10/dist-packages/husky_msgs-1.0.8-py3.10.egg-info/top_level.txt
[0.482s] -- Up-to-date symlink: /home/ds/your_workspace/install/husky_msgs/local/lib/python3.10/dist-packages/husky_msgs/__init__.py
[0.482s] -- Up-to-date symlink: /home/ds/your_workspace/install/husky_msgs/local/lib/python3.10/dist-packages/husky_msgs/_husky_msgs_s.ep.rosidl_typesupport_c.c
[0.482s] -- Up-to-date symlink: /home/ds/your_workspace/install/husky_msgs/local/lib/python3.10/dist-packages/husky_msgs/_husky_msgs_s.ep.rosidl_typesupport_fastrtps_c.c
[0.482s] -- Up-to-date symlink: /home/ds/your_workspace/install/husky_msgs/local/lib/python3.10/dist-packages/husky_msgs/_husky_msgs_s.ep.rosidl_typesupport_introspection_c.c
[0.483s] -- Up-to-date symlink: /home/ds/your_workspace/install/husky_msgs/local/lib/python3.10/dist-packages/husky_msgs/husky_msgs_s__rosidl_typesupport_c.cpython-310-x86_64-linux-gnu.so
[0.483s] -- Up-to-date symlink: /home/ds/your_workspace/install/husky_msgs/local/lib/python3.10/dist-packages/husky_msgs/husky_msgs_s__rosidl_typesupport_fastrtps_c.cpython-310-x86_64-linux-gnu.so
[0.483s] -- Up-to-date symlink: /home/ds/your_workspace/install/husky_msgs/local/lib/python3.10/dist-packages/husky_msgs/husky_msgs_s__rosidl_typesupport_introspection_c.cpython-310-x86_64-linux-gnu.so
[0.483s] -- Up-to-date symlink: /home/ds/your_workspace/install/husky_msgs/local/lib/python3.10/dist-packages/husky_msgs/libhusky_msgs__rosidl_generator_py.so
[0.483s] -- Up-to-date symlink: /home/ds/your_workspace/install/husky_msgs/local/lib/python3.10/dist-packages/husky_msgs/msg/__init__.py
[0.483s] -- Up-to-date symlink: /home/ds/your_workspace/install/husky_msgs/local/lib/python3.10/dist-packages/husky_msgs/msg/_husky_status.py
[0.483s] -- Up-to-date symlink: /home/ds/your_workspace/install/husky_msgs/local/lib/python3.10/dist-packages/husky_msgs/msg/_husky_status_s.c
[0.484s] -- Up-to-date symlink: /home/ds/your_workspace/install/husky_msgs/local/lib/python3.10/dist-packages/husky_msgs/husky_msgs_s__rosidl_typesupport_fastrtps_c.cpython-310-x86_64-linux-gnu.so
[0.484s] -- Up-to-date symlink: /home/ds/your_workspace/install/husky_msgs/local/lib/python3.10/dist-packages/husky_msgs/husky_msgs_s__rosidl_typesupport_introspection_c.cpython-310-x86_64-linux-gnu.so
[0.484s] -- Up-to-date symlink: /home/ds/your_workspace/install/husky_msgs/local/lib/python3.10/dist-packages/husky_msgs/husky_msgs_s__rosidl_typesupport_c.cpython-310-x86_64-linux-gnu.so
[0.484s] -- Up-to-date symlink: /home/ds/your_workspace/install/husky_msgs/share/husky_msgs/msg/HuskyStatus.idl
[0.484s] -- Up-to-date symlink: /home/ds/your_workspace/install/husky_msgs/share/husky_msgs/msg/HuskyStatus.msg
[0.484s] -- Up-to-date symlink: /home/ds/your_workspace/install/husky_msgs/share/ament_index/resource_index/package_run_dependencies/husky_msgs
[0.485s] -- Up-to-date symlink: /home/ds/your_workspace/install/husky_msgs/share/ament_index/resource_index/parent_prefix_path/husky_msgs
[0.485s] -- Up-to-date symlink: /home/ds/your_workspace/install/husky_msgs/share/husky_msgs/environment/ament_prefix_path.sh
[0.485s] -- Up-to-date symlink: /home/ds/your_workspace/install/husky_msgs/share/husky_msgs/environment/ament_prefix_path.dsv
[0.485s] -- Up-to-date symlink: /home/ds/your_workspace/install/husky_msgs/share/husky_msgs/environment/path.sh
[0.485s] -- Up-to-date symlink: /home/ds/your_workspace/install/husky_msgs/share/husky_msgs/environment/path.dsv
[0.486s] -- Up-to-date symlink: /home/ds/your_workspace/install/husky_msgs/share/husky_msgs/local_setup.bash
[0.486s] -- Up-to-date symlink: /home/ds/your_workspace/install/husky_msgs/share/husky_msgs/local_setup.sh
[0.486s] -- Up-to-date symlink: /home/ds/your_workspace/install/husky_msgs/share/husky_msgs/local_setup.zsh
[0.486s] -- Up-to-date symlink: /home/ds/your_workspace/install/husky_msgs/share/husky_msgs/local_setup.dsv
[0.486s] -- Symlinking: /home/ds/your_workspace/install/husky_msgs/share/husky_msgs/package.dsv
[0.495s] -- Up-to-date symlink: /home/ds/your_workspace/install/husky_msgs/share/ament_index/resource_index/packages/husky_msgs
[0.495s] -- Up-to-date symlink: /home/ds/your_workspace/install/husky_msgs/share/husky_msgs/cmake/rosidl_cmake-extras.cmake
[0.495s] -- Up-to-date symlink: /home/ds/your_workspace/install/husky_msgs/share/husky_msgs/cmake/ament_cmake_export_dependencies-extras.cmake
[0.496s] -- Up-to-date symlink: /home/ds/your_workspace/install/husky_msgs/share/husky_msgs/cmake/ament_cmake_export_include_directories-extras.cmake
[0.496s] -- Up-to-date symlink: /home/ds/your_workspace/install/husky_msgs/share/husky_msgs/cmake/ament_cmake_export_libraries-extras.cmake
[0.496s] -- Up-to-date symlink: /home/ds/your_workspace/install/husky_msgs/share/husky_msgs/cmake/ament_cmake_export_targets-extras.cmake
[0.496s] -- Up-to-date symlink: /home/ds/your_workspace/install/husky_msgs/share/husky_msgs/cmake/rosidl_cmake_export_typesupport_targets-extras.cmake
[0.497s] -- Up-to-date symlink: /home/ds/your_workspace/install/husky_msgs/share/husky_msgs/cmake/rosidl_cmake_export_typesupport_libraries-extras.cmake
[0.497s] -- Up-to-date symlink: /home/ds/your_workspace/install/husky_msgs/share/husky_msgs/cmake/husky_msgsConfig.cmake
[0.497s] -- Up-to-date symlink: /home/ds/your_workspace/install/husky_msgs/share/husky_msgs/cmake/husky_msgsConfig-version.cmake
[0.497s] -- Up-to-date symlink: /home/ds/your_workspace/install/husky_msgs/share/husky_msgs/package.xml
[0.497s] -- Up-to-date: /home/ds/your_workspace/install/husky_msgs/lib/libhusky_msgs__rosidl_generator_c.so
[0.497s] -- Up-to-date: /home/ds/your_workspace/install/husky_msgs/lib/libhusky_msgs__rosidl_typesupport_fastrtps_c.so
[0.498s] -- Up-to-date: /home/ds/your_workspace/install/husky_msgs/lib/libhusky_msgs__rosidl_typesupport_fastrtps_cpp.so
[0.498s] -- Up-to-date: /home/ds/your_workspace/install/husky_msgs/lib/libhusky_msgs__rosidl_typesupport_introspection_c.so
[0.499s] -- Up-to-date: /home/ds/your_workspace/install/husky_msgs/lib/libhusky_msgs__rosidl_typesupport_c.so
[0.499s] -- Up-to-date: /home/ds/your_workspace/install/husky_msgs/lib/libhusky_msgs__rosidl_typesupport_introspection_cpp.so
[0.499s] -- Up-to-date: /home/ds/your_workspace/install/husky_msgs/lib/libhusky_msgs__rosidl_typesupport_cpp.so
[0.530s] Listing '/home/ds/your_workspace/install/husky_msgs/local/lib/python3.10/dist-packages/husky_msgs'...
[0.530s] Listing '/home/ds/your_workspace/install/husky_msgs/local/lib/python3.10/dist-packages/husky_msgs/msg'...
[0.534s] -- Up-to-date: /home/ds/your_workspace/install/husky_msgs/lib/libhusky_msgs__rosidl_generator_py.so
[0.535s] -- Up-to-date: /home/ds/your_workspace/install/husky_msgs/share/husky_msgs/cmake/export_husky_msgs__rosidl_generator_cExport.cmake
[0.535s] -- Up-to-date: /home/ds/your_workspace/install/husky_msgs/share/husky_msgs/cmake/export_husky_msgs__rosidl_generator_cExport-noconfig.cmake
[0.536s] -- Up-to-date: /home/ds/your_workspace/install/husky_msgs/share/husky_msgs/cmake/export_husky_msgs__rosidl_typesupport_fastrtps_cExport.cmake
[0.536s] -- Up-to-date: /home/ds/your_workspace/install/husky_msgs/share/husky_msgs/cmake/export_husky_msgs__rosidl_typesupport_fastrtps_cExport-noconfig.cmake
[0.536s] -- Up-to-date: /home/ds/your_workspace/install/husky_msgs/share/husky_msgs/cmake/export_husky_msgs__rosidl_generator_cppExport.cmake
[0.537s] -- Up-to-date: /home/ds/your_workspace/install/husky_msgs/share/husky_msgs/cmake/export_husky_msgs__rosidl_typesupport_fastrtps_cppExport.cmake
[0.537s] -- Up-to-date: /home/ds/your_workspace/install/husky_msgs/share/husky_msgs/cmake/export_husky_msgs__rosidl_typesupport_fastrtps_cppExport-noconfig.cmake
[0.537s] -- Up-to-date: /home/ds/your_workspace/install/husky_msgs/share/husky_msgs/cmake/husky_msgs__rosidl_typesupport_introspection_cExport.cmake
[0.537s] -- Up-to-date: /home/ds/your_workspace/install/husky_msgs/share/husky_msgs/cmake/husky_msgs__rosidl_typesupport_introspection_cExport-noconfig.cmake
[0.537s] -- Up-to-date: /home/ds/your_workspace/install/husky_msgs/share/husky_msgs/cmake/husky_msgs__rosidl_typesupport_cExport.cmake
[0.537s] -- Up-to-date: /home/ds/your_workspace/install/husky_msgs/share/husky_msgs/cmake/husky_msgs__rosidl_typesupport_cExport-noconfig.cmake
[0.538s] -- Up-to-date: /home/ds/your_workspace/install/husky_msgs/share/husky_msgs/cmake/husky_msgs__rosidl_typesupport_introspection_cppExport.cmake
[0.538s] -- Up-to-date: /home/ds/your_workspace/install/husky_msgs/share/husky_msgs/cmake/husky_msgs__rosidl_typesupport_introspection_cppExport-noconfig.cmake
[0.538s] -- Up-to-date: /home/ds/your_workspace/install/husky_msgs/share/husky_msgs/cmake/husky_msgs__rosidl_typesupport_cppExport.cmake
[0.538s] -- Up-to-date: /home/ds/your_workspace/install/husky_msgs/share/husky_msgs/cmake/husky_msgs__rosidl_typesupport_cppExport-noconfig.cmake
[0.538s] -- Up-to-date: /home/ds/your_workspace/install/husky_msgs/share/husky_msgs/cmake/export_husky_msgs__rosidl_generator_pyExport.cmake
[0.538s] -- Up-to-date: /home/ds/your_workspace/install/husky_msgs/share/husky_msgs/cmake/export_husky_msgs__rosidl_generator_pyExport-noconfig.cmake
[0.542s] Invoked command in '/home/ds/your_workspace/build/husky_msgs' returned '0': CMAKE_PREFIX_PATH=/opt/ros/humble /usr/bin/cmake --install /home/ds/your_workspace/build/husky_msgs
