[0.383s] Invoking command in '/home/ds/your_workspace/build/husky_simulator': CMAKE_PREFIX_PATH=/home/ds/your_workspace/install/husky_gazebo:/home/ds/your_workspace/install/husky_control:/home/ds/your_workspace/install/husky_description:/home/ds/your_workspace/install/husky_desktop:/home/ds/your_workspace/install/husky_viz:/home/ds/your_workspace/install/husky_simulator:/home/ds/your_workspace/install/husky_robot:/home/ds/your_workspace/install/husky_bringup:/home/ds/your_workspace/install/husky_base:/home/ds/your_workspace/install/husky_msgs:/opt/ros/humble /usr/bin/cmake --build /home/ds/your_workspace/build/husky_simulator -- -j8 -l8
[0.418s] Invoked command in '/home/ds/your_workspace/build/husky_simulator' returned '0': CMAKE_PREFIX_PATH=/home/ds/your_workspace/install/husky_gazebo:/home/ds/your_workspace/install/husky_control:/home/ds/your_workspace/install/husky_description:/home/ds/your_workspace/install/husky_desktop:/home/ds/your_workspace/install/husky_viz:/home/ds/your_workspace/install/husky_simulator:/home/ds/your_workspace/install/husky_robot:/home/ds/your_workspace/install/husky_bringup:/home/ds/your_workspace/install/husky_base:/home/ds/your_workspace/install/husky_msgs:/opt/ros/humble /usr/bin/cmake --build /home/ds/your_workspace/build/husky_simulator -- -j8 -l8
[0.442s] Invoking command in '/home/ds/your_workspace/build/husky_simulator': CMAKE_PREFIX_PATH=/home/ds/your_workspace/install/husky_gazebo:/home/ds/your_workspace/install/husky_control:/home/ds/your_workspace/install/husky_description:/home/ds/your_workspace/install/husky_desktop:/home/ds/your_workspace/install/husky_viz:/home/ds/your_workspace/install/husky_simulator:/home/ds/your_workspace/install/husky_robot:/home/ds/your_workspace/install/husky_bringup:/home/ds/your_workspace/install/husky_base:/home/ds/your_workspace/install/husky_msgs:/opt/ros/humble /usr/bin/cmake --install /home/ds/your_workspace/build/husky_simulator
[0.450s] -- Install configuration: ""
[0.451s] -- Execute custom install script
[0.451s] -- Up-to-date symlink: /home/ds/your_workspace/install/husky_simulator/share/ament_index/resource_index/package_run_dependencies/husky_simulator
[0.451s] -- Up-to-date symlink: /home/ds/your_workspace/install/husky_simulator/share/ament_index/resource_index/parent_prefix_path/husky_simulator
[0.452s] -- Up-to-date symlink: /home/ds/your_workspace/install/husky_simulator/share/husky_simulator/environment/ament_prefix_path.sh
[0.452s] -- Up-to-date symlink: /home/ds/your_workspace/install/husky_simulator/share/husky_simulator/environment/ament_prefix_path.dsv
[0.452s] -- Up-to-date symlink: /home/ds/your_workspace/install/husky_simulator/share/husky_simulator/environment/path.sh
[0.453s] -- Up-to-date symlink: /home/ds/your_workspace/install/husky_simulator/share/husky_simulator/environment/path.dsv
[0.453s] -- Up-to-date symlink: /home/ds/your_workspace/install/husky_simulator/share/husky_simulator/local_setup.bash
[0.453s] -- Up-to-date symlink: /home/ds/your_workspace/install/husky_simulator/share/husky_simulator/local_setup.sh
[0.453s] -- Up-to-date symlink: /home/ds/your_workspace/install/husky_simulator/share/husky_simulator/local_setup.zsh
[0.454s] -- Up-to-date symlink: /home/ds/your_workspace/install/husky_simulator/share/husky_simulator/local_setup.dsv
[0.454s] -- Symlinking: /home/ds/your_workspace/install/husky_simulator/share/husky_simulator/package.dsv
[0.462s] -- Up-to-date symlink: /home/ds/your_workspace/install/husky_simulator/share/ament_index/resource_index/packages/husky_simulator
[0.463s] -- Up-to-date symlink: /home/ds/your_workspace/install/husky_simulator/share/husky_simulator/cmake/husky_simulatorConfig.cmake
[0.463s] -- Up-to-date symlink: /home/ds/your_workspace/install/husky_simulator/share/husky_simulator/cmake/husky_simulatorConfig-version.cmake
[0.463s] -- Up-to-date symlink: /home/ds/your_workspace/install/husky_simulator/share/husky_simulator/package.xml
[0.467s] Invoked command in '/home/ds/your_workspace/build/husky_simulator' returned '0': CMAKE_PREFIX_PATH=/home/ds/your_workspace/install/husky_gazebo:/home/ds/your_workspace/install/husky_control:/home/ds/your_workspace/install/husky_description:/home/ds/your_workspace/install/husky_desktop:/home/ds/your_workspace/install/husky_viz:/home/ds/your_workspace/install/husky_simulator:/home/ds/your_workspace/install/husky_robot:/home/ds/your_workspace/install/husky_bringup:/home/ds/your_workspace/install/husky_base:/home/ds/your_workspace/install/husky_msgs:/opt/ros/humble /usr/bin/cmake --install /home/ds/your_workspace/build/husky_simulator
