[0.620s] Invoking command in '/home/ds/your_workspace/build/husky_desktop': CMAKE_PREFIX_PATH=/home/ds/your_workspace/install/husky_viz:/home/ds/your_workspace/install/husky_msgs:/home/ds/your_workspace/install/husky_description:/home/ds/your_workspace/install/husky_desktop:/home/ds/your_workspace/install/husky_simulator:/home/ds/your_workspace/install/husky_robot:/home/ds/your_workspace/install/husky_bringup:/home/ds/your_workspace/install/husky_base:/home/ds/your_workspace/install/husky_gazebo:/home/ds/your_workspace/install/husky_control:/opt/ros/humble LD_LIBRARY_PATH=/home/ds/your_workspace/install/husky_msgs/lib:/home/ds/your_workspace/install/husky_base/lib:/usr/lib/x86_64-linux-gnu/gazebo-11/plugins:/opt/ros/humble/opt/rviz_ogre_vendor/lib:/opt/ros/humble/lib/x86_64-linux-gnu:/opt/ros/humble/lib /usr/bin/cmake /home/ds/your_workspace/src/husky/husky_desktop -DCMAKE_INSTALL_PREFIX=/home/ds/your_workspace/install/husky_desktop
[0.632s] -- Found ament_cmake: 1.3.5 (/opt/ros/humble/share/ament_cmake/cmake)
[0.823s] -- Override CMake install command with custom implementation using symlinks instead of copying resources
[0.919s] -- Configuring done
[0.923s] -- Generating done
[0.924s] -- Build files have been written to: /home/ds/your_workspace/build/husky_desktop
[0.928s] Invoked command in '/home/ds/your_workspace/build/husky_desktop' returned '0': CMAKE_PREFIX_PATH=/home/ds/your_workspace/install/husky_viz:/home/ds/your_workspace/install/husky_msgs:/home/ds/your_workspace/install/husky_description:/home/ds/your_workspace/install/husky_desktop:/home/ds/your_workspace/install/husky_simulator:/home/ds/your_workspace/install/husky_robot:/home/ds/your_workspace/install/husky_bringup:/home/ds/your_workspace/install/husky_base:/home/ds/your_workspace/install/husky_gazebo:/home/ds/your_workspace/install/husky_control:/opt/ros/humble LD_LIBRARY_PATH=/home/ds/your_workspace/install/husky_msgs/lib:/home/ds/your_workspace/install/husky_base/lib:/usr/lib/x86_64-linux-gnu/gazebo-11/plugins:/opt/ros/humble/opt/rviz_ogre_vendor/lib:/opt/ros/humble/lib/x86_64-linux-gnu:/opt/ros/humble/lib /usr/bin/cmake /home/ds/your_workspace/src/husky/husky_desktop -DCMAKE_INSTALL_PREFIX=/home/ds/your_workspace/install/husky_desktop
[0.930s] Invoking command in '/home/ds/your_workspace/build/husky_desktop': CMAKE_PREFIX_PATH=/home/ds/your_workspace/install/husky_viz:/home/ds/your_workspace/install/husky_msgs:/home/ds/your_workspace/install/husky_description:/home/ds/your_workspace/install/husky_desktop:/home/ds/your_workspace/install/husky_simulator:/home/ds/your_workspace/install/husky_robot:/home/ds/your_workspace/install/husky_bringup:/home/ds/your_workspace/install/husky_base:/home/ds/your_workspace/install/husky_gazebo:/home/ds/your_workspace/install/husky_control:/opt/ros/humble LD_LIBRARY_PATH=/home/ds/your_workspace/install/husky_msgs/lib:/home/ds/your_workspace/install/husky_base/lib:/usr/lib/x86_64-linux-gnu/gazebo-11/plugins:/opt/ros/humble/opt/rviz_ogre_vendor/lib:/opt/ros/humble/lib/x86_64-linux-gnu:/opt/ros/humble/lib /usr/bin/cmake --build /home/ds/your_workspace/build/husky_desktop -- -j8 -l8
[0.971s] Invoked command in '/home/ds/your_workspace/build/husky_desktop' returned '0': CMAKE_PREFIX_PATH=/home/ds/your_workspace/install/husky_viz:/home/ds/your_workspace/install/husky_msgs:/home/ds/your_workspace/install/husky_description:/home/ds/your_workspace/install/husky_desktop:/home/ds/your_workspace/install/husky_simulator:/home/ds/your_workspace/install/husky_robot:/home/ds/your_workspace/install/husky_bringup:/home/ds/your_workspace/install/husky_base:/home/ds/your_workspace/install/husky_gazebo:/home/ds/your_workspace/install/husky_control:/opt/ros/humble LD_LIBRARY_PATH=/home/ds/your_workspace/install/husky_msgs/lib:/home/ds/your_workspace/install/husky_base/lib:/usr/lib/x86_64-linux-gnu/gazebo-11/plugins:/opt/ros/humble/opt/rviz_ogre_vendor/lib:/opt/ros/humble/lib/x86_64-linux-gnu:/opt/ros/humble/lib /usr/bin/cmake --build /home/ds/your_workspace/build/husky_desktop -- -j8 -l8
[0.999s] Invoking command in '/home/ds/your_workspace/build/husky_desktop': CMAKE_PREFIX_PATH=/home/ds/your_workspace/install/husky_viz:/home/ds/your_workspace/install/husky_msgs:/home/ds/your_workspace/install/husky_description:/home/ds/your_workspace/install/husky_desktop:/home/ds/your_workspace/install/husky_simulator:/home/ds/your_workspace/install/husky_robot:/home/ds/your_workspace/install/husky_bringup:/home/ds/your_workspace/install/husky_base:/home/ds/your_workspace/install/husky_gazebo:/home/ds/your_workspace/install/husky_control:/opt/ros/humble LD_LIBRARY_PATH=/home/ds/your_workspace/install/husky_msgs/lib:/home/ds/your_workspace/install/husky_base/lib:/usr/lib/x86_64-linux-gnu/gazebo-11/plugins:/opt/ros/humble/opt/rviz_ogre_vendor/lib:/opt/ros/humble/lib/x86_64-linux-gnu:/opt/ros/humble/lib /usr/bin/cmake --install /home/ds/your_workspace/build/husky_desktop
[1.007s] -- Install configuration: ""
[1.008s] -- Execute custom install script
[1.008s] -- Up-to-date symlink: /home/ds/your_workspace/install/husky_desktop/share/ament_index/resource_index/package_run_dependencies/husky_desktop
[1.008s] -- Up-to-date symlink: /home/ds/your_workspace/install/husky_desktop/share/ament_index/resource_index/parent_prefix_path/husky_desktop
[1.009s] -- Up-to-date symlink: /home/ds/your_workspace/install/husky_desktop/share/husky_desktop/environment/ament_prefix_path.sh
[1.009s] -- Up-to-date symlink: /home/ds/your_workspace/install/husky_desktop/share/husky_desktop/environment/ament_prefix_path.dsv
[1.010s] -- Up-to-date symlink: /home/ds/your_workspace/install/husky_desktop/share/husky_desktop/environment/path.sh
[1.010s] -- Up-to-date symlink: /home/ds/your_workspace/install/husky_desktop/share/husky_desktop/environment/path.dsv
[1.010s] -- Up-to-date symlink: /home/ds/your_workspace/install/husky_desktop/share/husky_desktop/local_setup.bash
[1.010s] -- Up-to-date symlink: /home/ds/your_workspace/install/husky_desktop/share/husky_desktop/local_setup.sh
[1.011s] -- Up-to-date symlink: /home/ds/your_workspace/install/husky_desktop/share/husky_desktop/local_setup.zsh
[1.011s] -- Up-to-date symlink: /home/ds/your_workspace/install/husky_desktop/share/husky_desktop/local_setup.dsv
[1.011s] -- Symlinking: /home/ds/your_workspace/install/husky_desktop/share/husky_desktop/package.dsv
[1.025s] -- Up-to-date symlink: /home/ds/your_workspace/install/husky_desktop/share/ament_index/resource_index/packages/husky_desktop
[1.026s] -- Up-to-date symlink: /home/ds/your_workspace/install/husky_desktop/share/husky_desktop/cmake/husky_desktopConfig.cmake
[1.026s] -- Up-to-date symlink: /home/ds/your_workspace/install/husky_desktop/share/husky_desktop/cmake/husky_desktopConfig-version.cmake
[1.026s] -- Up-to-date symlink: /home/ds/your_workspace/install/husky_desktop/share/husky_desktop/package.xml
[1.029s] Invoked command in '/home/ds/your_workspace/build/husky_desktop' returned '0': CMAKE_PREFIX_PATH=/home/ds/your_workspace/install/husky_viz:/home/ds/your_workspace/install/husky_msgs:/home/ds/your_workspace/install/husky_description:/home/ds/your_workspace/install/husky_desktop:/home/ds/your_workspace/install/husky_simulator:/home/ds/your_workspace/install/husky_robot:/home/ds/your_workspace/install/husky_bringup:/home/ds/your_workspace/install/husky_base:/home/ds/your_workspace/install/husky_gazebo:/home/ds/your_workspace/install/husky_control:/opt/ros/humble LD_LIBRARY_PATH=/home/ds/your_workspace/install/husky_msgs/lib:/home/ds/your_workspace/install/husky_base/lib:/usr/lib/x86_64-linux-gnu/gazebo-11/plugins:/opt/ros/humble/opt/rviz_ogre_vendor/lib:/opt/ros/humble/lib/x86_64-linux-gnu:/opt/ros/humble/lib /usr/bin/cmake --install /home/ds/your_workspace/build/husky_desktop
