[0.158s] Invoking command in '/home/ds/your_workspace/build/husky_viz': CMAKE_PREFIX_PATH=/home/ds/your_workspace/install/husky_description:/home/ds/your_workspace/install/husky_desktop:/home/ds/your_workspace/install/husky_viz:/home/ds/your_workspace/install/husky_simulator:/home/ds/your_workspace/install/husky_robot:/home/ds/your_workspace/install/husky_bringup:/home/ds/your_workspace/install/husky_base:/home/ds/your_workspace/install/husky_msgs:/home/ds/your_workspace/install/husky_gazebo:/home/ds/your_workspace/install/husky_control:/opt/ros/humble /usr/bin/cmake /home/ds/your_workspace/src/husky/husky_viz -DCMAKE_INSTALL_PREFIX=/home/ds/your_workspace/install/husky_viz
[0.169s] -- Found ament_cmake: 1.3.5 (/opt/ros/humble/share/ament_cmake/cmake)
[0.345s] -- Override CMake install command with custom implementation using symlinks instead of copying resources
[0.435s] -- Configuring done
[0.437s] -- Generating done
[0.438s] -- Build files have been written to: /home/ds/your_workspace/build/husky_viz
[0.442s] Invoked command in '/home/ds/your_workspace/build/husky_viz' returned '0': CMAKE_PREFIX_PATH=/home/ds/your_workspace/install/husky_description:/home/ds/your_workspace/install/husky_desktop:/home/ds/your_workspace/install/husky_viz:/home/ds/your_workspace/install/husky_simulator:/home/ds/your_workspace/install/husky_robot:/home/ds/your_workspace/install/husky_bringup:/home/ds/your_workspace/install/husky_base:/home/ds/your_workspace/install/husky_msgs:/home/ds/your_workspace/install/husky_gazebo:/home/ds/your_workspace/install/husky_control:/opt/ros/humble /usr/bin/cmake /home/ds/your_workspace/src/husky/husky_viz -DCMAKE_INSTALL_PREFIX=/home/ds/your_workspace/install/husky_viz
[0.445s] Invoking command in '/home/ds/your_workspace/build/husky_viz': CMAKE_PREFIX_PATH=/home/ds/your_workspace/install/husky_description:/home/ds/your_workspace/install/husky_desktop:/home/ds/your_workspace/install/husky_viz:/home/ds/your_workspace/install/husky_simulator:/home/ds/your_workspace/install/husky_robot:/home/ds/your_workspace/install/husky_bringup:/home/ds/your_workspace/install/husky_base:/home/ds/your_workspace/install/husky_msgs:/home/ds/your_workspace/install/husky_gazebo:/home/ds/your_workspace/install/husky_control:/opt/ros/humble /usr/bin/cmake --build /home/ds/your_workspace/build/husky_viz -- -j8 -l8
[0.480s] Invoked command in '/home/ds/your_workspace/build/husky_viz' returned '0': CMAKE_PREFIX_PATH=/home/ds/your_workspace/install/husky_description:/home/ds/your_workspace/install/husky_desktop:/home/ds/your_workspace/install/husky_viz:/home/ds/your_workspace/install/husky_simulator:/home/ds/your_workspace/install/husky_robot:/home/ds/your_workspace/install/husky_bringup:/home/ds/your_workspace/install/husky_base:/home/ds/your_workspace/install/husky_msgs:/home/ds/your_workspace/install/husky_gazebo:/home/ds/your_workspace/install/husky_control:/opt/ros/humble /usr/bin/cmake --build /home/ds/your_workspace/build/husky_viz -- -j8 -l8
[0.510s] Invoking command in '/home/ds/your_workspace/build/husky_viz': CMAKE_PREFIX_PATH=/home/ds/your_workspace/install/husky_description:/home/ds/your_workspace/install/husky_desktop:/home/ds/your_workspace/install/husky_viz:/home/ds/your_workspace/install/husky_simulator:/home/ds/your_workspace/install/husky_robot:/home/ds/your_workspace/install/husky_bringup:/home/ds/your_workspace/install/husky_base:/home/ds/your_workspace/install/husky_msgs:/home/ds/your_workspace/install/husky_gazebo:/home/ds/your_workspace/install/husky_control:/opt/ros/humble /usr/bin/cmake --install /home/ds/your_workspace/build/husky_viz
[0.514s] -- Install configuration: ""
[0.515s] -- Execute custom install script
[0.515s] -- Up-to-date symlink: /home/ds/your_workspace/install/husky_viz/share/husky_viz/launch/view_model.launch
[0.516s] -- Up-to-date symlink: /home/ds/your_workspace/install/husky_viz/share/husky_viz/launch/view_model_launch.py
[0.516s] -- Up-to-date symlink: /home/ds/your_workspace/install/husky_viz/share/husky_viz/launch/view_robot.launch
[0.516s] -- Up-to-date symlink: /home/ds/your_workspace/install/husky_viz/share/husky_viz/launch/view_robot_launch.py
[0.516s] -- Up-to-date symlink: /home/ds/your_workspace/install/husky_viz/share/husky_viz/rviz/model.rviz
[0.516s] -- Up-to-date symlink: /home/ds/your_workspace/install/husky_viz/share/husky_viz/rviz/robot.rviz
[0.517s] -- Up-to-date symlink: /home/ds/your_workspace/install/husky_viz/share/husky_viz/rviz/test.rviz
[0.517s] -- Up-to-date symlink: /home/ds/your_workspace/install/husky_viz/share/ament_index/resource_index/package_run_dependencies/husky_viz
[0.517s] -- Up-to-date symlink: /home/ds/your_workspace/install/husky_viz/share/ament_index/resource_index/parent_prefix_path/husky_viz
[0.517s] -- Up-to-date symlink: /home/ds/your_workspace/install/husky_viz/share/husky_viz/environment/ament_prefix_path.sh
[0.518s] -- Up-to-date symlink: /home/ds/your_workspace/install/husky_viz/share/husky_viz/environment/ament_prefix_path.dsv
[0.518s] -- Up-to-date symlink: /home/ds/your_workspace/install/husky_viz/share/husky_viz/environment/path.sh
[0.518s] -- Up-to-date symlink: /home/ds/your_workspace/install/husky_viz/share/husky_viz/environment/path.dsv
[0.519s] -- Up-to-date symlink: /home/ds/your_workspace/install/husky_viz/share/husky_viz/local_setup.bash
[0.520s] -- Up-to-date symlink: /home/ds/your_workspace/install/husky_viz/share/husky_viz/local_setup.sh
[0.520s] -- Up-to-date symlink: /home/ds/your_workspace/install/husky_viz/share/husky_viz/local_setup.zsh
[0.520s] -- Up-to-date symlink: /home/ds/your_workspace/install/husky_viz/share/husky_viz/local_setup.dsv
[0.520s] -- Symlinking: /home/ds/your_workspace/install/husky_viz/share/husky_viz/package.dsv
[0.530s] -- Up-to-date symlink: /home/ds/your_workspace/install/husky_viz/share/ament_index/resource_index/packages/husky_viz
[0.531s] -- Up-to-date symlink: /home/ds/your_workspace/install/husky_viz/share/husky_viz/cmake/husky_vizConfig.cmake
[0.531s] -- Up-to-date symlink: /home/ds/your_workspace/install/husky_viz/share/husky_viz/cmake/husky_vizConfig-version.cmake
[0.531s] -- Up-to-date symlink: /home/ds/your_workspace/install/husky_viz/share/husky_viz/package.xml
[0.538s] Invoked command in '/home/ds/your_workspace/build/husky_viz' returned '0': CMAKE_PREFIX_PATH=/home/ds/your_workspace/install/husky_description:/home/ds/your_workspace/install/husky_desktop:/home/ds/your_workspace/install/husky_viz:/home/ds/your_workspace/install/husky_simulator:/home/ds/your_workspace/install/husky_robot:/home/ds/your_workspace/install/husky_bringup:/home/ds/your_workspace/install/husky_base:/home/ds/your_workspace/install/husky_msgs:/home/ds/your_workspace/install/husky_gazebo:/home/ds/your_workspace/install/husky_control:/opt/ros/humble /usr/bin/cmake --install /home/ds/your_workspace/build/husky_viz
