[0.790s] Invoking command in '/home/ds/your_workspace/build/husky_desktop': AMENT_PREFIX_PATH=/home/ds/your_workspace/install/husky_viz:/home/ds/your_workspace/install/husky_msgs:/home/ds/your_workspace/install/husky_description:${AMENT_PREFIX_PATH} CMAKE_PREFIX_PATH=/home/ds/your_workspace/install/husky_viz:/home/ds/your_workspace/install/husky_msgs:/home/ds/your_workspace/install/husky_description:/opt/ros/humble LD_LIBRARY_PATH=/home/ds/your_workspace/install/husky_msgs/lib:${LD_LIBRARY_PATH} PYTHONPATH=/home/ds/your_workspace/install/husky_msgs/local/lib/python3.10/dist-packages:${PYTHONPATH} /usr/bin/cmake /home/ds/your_workspace/src/husky/husky_desktop -DAMENT_CMAKE_SYMLINK_INSTALL=1 -DCMAKE_INSTALL_PREFIX=/home/ds/your_workspace/install/husky_desktop
[1.189s] -- The C compiler identification is GNU 11.4.0
[3.162s] -- The CXX compiler identification is GNU 11.4.0
[4.868s] -- Detecting C compiler ABI info
[5.290s] -- Detecting C compiler ABI info - done
[5.300s] -- Check for working C compiler: /usr/bin/cc - skipped
[5.301s] -- Detecting C compile features
[5.302s] -- Detecting C compile features - done
[5.307s] -- Detecting CXX compiler ABI info
[5.687s] -- Detecting CXX compiler ABI info - done
[5.696s] -- Check for working CXX compiler: /usr/bin/c++ - skipped
[5.696s] -- Detecting CXX compile features
[5.697s] -- Detecting CXX compile features - done
[5.701s] -- Found ament_cmake: 1.3.5 (/opt/ros/humble/share/ament_cmake/cmake)
[5.911s] -- Found Python3: /usr/bin/python3.10 (found version "3.10.12") found components: Interpreter 
[5.989s] -- Override CMake install command with custom implementation using symlinks instead of copying resources
[6.136s] -- Configuring done
[6.140s] -- Generating done
[6.141s] -- Build files have been written to: /home/ds/your_workspace/build/husky_desktop
[6.145s] Invoked command in '/home/ds/your_workspace/build/husky_desktop' returned '0': AMENT_PREFIX_PATH=/home/ds/your_workspace/install/husky_viz:/home/ds/your_workspace/install/husky_msgs:/home/ds/your_workspace/install/husky_description:${AMENT_PREFIX_PATH} CMAKE_PREFIX_PATH=/home/ds/your_workspace/install/husky_viz:/home/ds/your_workspace/install/husky_msgs:/home/ds/your_workspace/install/husky_description:/opt/ros/humble LD_LIBRARY_PATH=/home/ds/your_workspace/install/husky_msgs/lib:${LD_LIBRARY_PATH} PYTHONPATH=/home/ds/your_workspace/install/husky_msgs/local/lib/python3.10/dist-packages:${PYTHONPATH} /usr/bin/cmake /home/ds/your_workspace/src/husky/husky_desktop -DAMENT_CMAKE_SYMLINK_INSTALL=1 -DCMAKE_INSTALL_PREFIX=/home/ds/your_workspace/install/husky_desktop
[6.148s] Invoking command in '/home/ds/your_workspace/build/husky_desktop': AMENT_PREFIX_PATH=/home/ds/your_workspace/install/husky_viz:/home/ds/your_workspace/install/husky_msgs:/home/ds/your_workspace/install/husky_description:${AMENT_PREFIX_PATH} CMAKE_PREFIX_PATH=/home/ds/your_workspace/install/husky_viz:/home/ds/your_workspace/install/husky_msgs:/home/ds/your_workspace/install/husky_description:/opt/ros/humble LD_LIBRARY_PATH=/home/ds/your_workspace/install/husky_msgs/lib:${LD_LIBRARY_PATH} PYTHONPATH=/home/ds/your_workspace/install/husky_msgs/local/lib/python3.10/dist-packages:${PYTHONPATH} /usr/bin/cmake --build /home/ds/your_workspace/build/husky_desktop -- -j8 -l8
[6.186s] Invoked command in '/home/ds/your_workspace/build/husky_desktop' returned '0': AMENT_PREFIX_PATH=/home/ds/your_workspace/install/husky_viz:/home/ds/your_workspace/install/husky_msgs:/home/ds/your_workspace/install/husky_description:${AMENT_PREFIX_PATH} CMAKE_PREFIX_PATH=/home/ds/your_workspace/install/husky_viz:/home/ds/your_workspace/install/husky_msgs:/home/ds/your_workspace/install/husky_description:/opt/ros/humble LD_LIBRARY_PATH=/home/ds/your_workspace/install/husky_msgs/lib:${LD_LIBRARY_PATH} PYTHONPATH=/home/ds/your_workspace/install/husky_msgs/local/lib/python3.10/dist-packages:${PYTHONPATH} /usr/bin/cmake --build /home/ds/your_workspace/build/husky_desktop -- -j8 -l8
[6.209s] Invoking command in '/home/ds/your_workspace/build/husky_desktop': AMENT_PREFIX_PATH=/home/ds/your_workspace/install/husky_viz:/home/ds/your_workspace/install/husky_msgs:/home/ds/your_workspace/install/husky_description:${AMENT_PREFIX_PATH} CMAKE_PREFIX_PATH=/home/ds/your_workspace/install/husky_viz:/home/ds/your_workspace/install/husky_msgs:/home/ds/your_workspace/install/husky_description:/opt/ros/humble LD_LIBRARY_PATH=/home/ds/your_workspace/install/husky_msgs/lib:${LD_LIBRARY_PATH} PYTHONPATH=/home/ds/your_workspace/install/husky_msgs/local/lib/python3.10/dist-packages:${PYTHONPATH} /usr/bin/cmake --install /home/ds/your_workspace/build/husky_desktop
[6.214s] -- Install configuration: ""
[6.214s] -- Execute custom install script
[6.215s] -- Symlinking: /home/ds/your_workspace/install/husky_desktop/share/ament_index/resource_index/package_run_dependencies/husky_desktop
[6.223s] -- Symlinking: /home/ds/your_workspace/install/husky_desktop/share/ament_index/resource_index/parent_prefix_path/husky_desktop
[6.236s] -- Symlinking: /home/ds/your_workspace/install/husky_desktop/share/husky_desktop/environment/ament_prefix_path.sh
[6.245s] -- Symlinking: /home/ds/your_workspace/install/husky_desktop/share/husky_desktop/environment/ament_prefix_path.dsv
[6.255s] -- Symlinking: /home/ds/your_workspace/install/husky_desktop/share/husky_desktop/environment/path.sh
[6.264s] -- Symlinking: /home/ds/your_workspace/install/husky_desktop/share/husky_desktop/environment/path.dsv
[6.272s] -- Symlinking: /home/ds/your_workspace/install/husky_desktop/share/husky_desktop/local_setup.bash
[6.280s] -- Symlinking: /home/ds/your_workspace/install/husky_desktop/share/husky_desktop/local_setup.sh
[6.291s] -- Symlinking: /home/ds/your_workspace/install/husky_desktop/share/husky_desktop/local_setup.zsh
[6.299s] -- Symlinking: /home/ds/your_workspace/install/husky_desktop/share/husky_desktop/local_setup.dsv
[6.309s] -- Symlinking: /home/ds/your_workspace/install/husky_desktop/share/husky_desktop/package.dsv
[6.320s] -- Symlinking: /home/ds/your_workspace/install/husky_desktop/share/ament_index/resource_index/packages/husky_desktop
[6.331s] -- Symlinking: /home/ds/your_workspace/install/husky_desktop/share/husky_desktop/cmake/husky_desktopConfig.cmake
[6.341s] -- Symlinking: /home/ds/your_workspace/install/husky_desktop/share/husky_desktop/cmake/husky_desktopConfig-version.cmake
[6.351s] -- Symlinking: /home/ds/your_workspace/install/husky_desktop/share/husky_desktop/package.xml
[6.363s] Invoked command in '/home/ds/your_workspace/build/husky_desktop' returned '0': AMENT_PREFIX_PATH=/home/ds/your_workspace/install/husky_viz:/home/ds/your_workspace/install/husky_msgs:/home/ds/your_workspace/install/husky_description:${AMENT_PREFIX_PATH} CMAKE_PREFIX_PATH=/home/ds/your_workspace/install/husky_viz:/home/ds/your_workspace/install/husky_msgs:/home/ds/your_workspace/install/husky_description:/opt/ros/humble LD_LIBRARY_PATH=/home/ds/your_workspace/install/husky_msgs/lib:${LD_LIBRARY_PATH} PYTHONPATH=/home/ds/your_workspace/install/husky_msgs/local/lib/python3.10/dist-packages:${PYTHONPATH} /usr/bin/cmake --install /home/ds/your_workspace/build/husky_desktop
