[0.965s] Invoking command in '/home/ds/your_workspace/build/husky_robot': CMAKE_PREFIX_PATH=/home/ds/your_workspace/install/husky_bringup:/home/ds/your_workspace/install/husky_control:/home/ds/your_workspace/install/husky_base:/home/ds/your_workspace/install/husky_msgs:/home/ds/your_workspace/install/husky_description:/home/ds/your_workspace/install/husky_desktop:/home/ds/your_workspace/install/husky_viz:/home/ds/your_workspace/install/husky_simulator:/home/ds/your_workspace/install/husky_robot:/home/ds/your_workspace/install/husky_gazebo:/opt/ros/humble /usr/bin/cmake --build /home/ds/your_workspace/build/husky_robot -- -j8 -l8
[0.996s] Invoked command in '/home/ds/your_workspace/build/husky_robot' returned '0': CMAKE_PREFIX_PATH=/home/ds/your_workspace/install/husky_bringup:/home/ds/your_workspace/install/husky_control:/home/ds/your_workspace/install/husky_base:/home/ds/your_workspace/install/husky_msgs:/home/ds/your_workspace/install/husky_description:/home/ds/your_workspace/install/husky_desktop:/home/ds/your_workspace/install/husky_viz:/home/ds/your_workspace/install/husky_simulator:/home/ds/your_workspace/install/husky_robot:/home/ds/your_workspace/install/husky_gazebo:/opt/ros/humble /usr/bin/cmake --build /home/ds/your_workspace/build/husky_robot -- -j8 -l8
[1.019s] Invoking command in '/home/ds/your_workspace/build/husky_robot': CMAKE_PREFIX_PATH=/home/ds/your_workspace/install/husky_bringup:/home/ds/your_workspace/install/husky_control:/home/ds/your_workspace/install/husky_base:/home/ds/your_workspace/install/husky_msgs:/home/ds/your_workspace/install/husky_description:/home/ds/your_workspace/install/husky_desktop:/home/ds/your_workspace/install/husky_viz:/home/ds/your_workspace/install/husky_simulator:/home/ds/your_workspace/install/husky_robot:/home/ds/your_workspace/install/husky_gazebo:/opt/ros/humble /usr/bin/cmake --install /home/ds/your_workspace/build/husky_robot
[1.025s] -- Install configuration: ""
[1.025s] -- Execute custom install script
[1.026s] -- Up-to-date symlink: /home/ds/your_workspace/install/husky_robot/share/ament_index/resource_index/package_run_dependencies/husky_robot
[1.026s] -- Up-to-date symlink: /home/ds/your_workspace/install/husky_robot/share/ament_index/resource_index/parent_prefix_path/husky_robot
[1.026s] -- Up-to-date symlink: /home/ds/your_workspace/install/husky_robot/share/husky_robot/environment/ament_prefix_path.sh
[1.026s] -- Up-to-date symlink: /home/ds/your_workspace/install/husky_robot/share/husky_robot/environment/ament_prefix_path.dsv
[1.026s] -- Up-to-date symlink: /home/ds/your_workspace/install/husky_robot/share/husky_robot/environment/path.sh
[1.027s] -- Up-to-date symlink: /home/ds/your_workspace/install/husky_robot/share/husky_robot/environment/path.dsv
[1.027s] -- Up-to-date symlink: /home/ds/your_workspace/install/husky_robot/share/husky_robot/local_setup.bash
[1.027s] -- Up-to-date symlink: /home/ds/your_workspace/install/husky_robot/share/husky_robot/local_setup.sh
[1.027s] -- Up-to-date symlink: /home/ds/your_workspace/install/husky_robot/share/husky_robot/local_setup.zsh
[1.028s] -- Up-to-date symlink: /home/ds/your_workspace/install/husky_robot/share/husky_robot/local_setup.dsv
[1.028s] -- Symlinking: /home/ds/your_workspace/install/husky_robot/share/husky_robot/package.dsv
[1.036s] -- Up-to-date symlink: /home/ds/your_workspace/install/husky_robot/share/ament_index/resource_index/packages/husky_robot
[1.036s] -- Up-to-date symlink: /home/ds/your_workspace/install/husky_robot/share/husky_robot/cmake/husky_robotConfig.cmake
[1.036s] -- Up-to-date symlink: /home/ds/your_workspace/install/husky_robot/share/husky_robot/cmake/husky_robotConfig-version.cmake
[1.036s] -- Up-to-date symlink: /home/ds/your_workspace/install/husky_robot/share/husky_robot/package.xml
[1.040s] Invoked command in '/home/ds/your_workspace/build/husky_robot' returned '0': CMAKE_PREFIX_PATH=/home/ds/your_workspace/install/husky_bringup:/home/ds/your_workspace/install/husky_control:/home/ds/your_workspace/install/husky_base:/home/ds/your_workspace/install/husky_msgs:/home/ds/your_workspace/install/husky_description:/home/ds/your_workspace/install/husky_desktop:/home/ds/your_workspace/install/husky_viz:/home/ds/your_workspace/install/husky_simulator:/home/ds/your_workspace/install/husky_robot:/home/ds/your_workspace/install/husky_gazebo:/opt/ros/humble /usr/bin/cmake --install /home/ds/your_workspace/build/husky_robot
