[0.017s] Invoking command in '/home/ds/your_workspace/build/husky_msgs': CMAKE_PREFIX_PATH=${CMAKE_PREFIX_PATH}:/opt/ros/humble /usr/bin/cmake --build /home/ds/your_workspace/build/husky_msgs -- -j8 -l8
[0.050s] [35m[1mConsolidate compiler generated dependencies of target husky_msgs__rosidl_generator_c[0m
[0.061s] [  9%] Built target husky_msgs__rosidl_generator_c
[0.061s] [ 12%] Built target husky_msgs__cpp
[0.068s] [ 12%] Built target ament_cmake_python_symlink_husky_msgs
[0.073s] [35m[1mConsolidate compiler generated dependencies of target husky_msgs__rosidl_typesupport_introspection_c[0m
[0.074s] [35m[1mConsolidate compiler generated dependencies of target husky_msgs__rosidl_typesupport_fastrtps_c[0m
[0.075s] [35m[1mConsolidate compiler generated dependencies of target husky_msgs__rosidl_typesupport_c[0m
[0.075s] [35m[1mConsolidate compiler generated dependencies of target husky_msgs__rosidl_typesupport_cpp[0m
[0.076s] [35m[1mConsolidate compiler generated dependencies of target husky_msgs__rosidl_typesupport_introspection_cpp[0m
[0.076s] [35m[1mConsolidate compiler generated dependencies of target husky_msgs__rosidl_typesupport_fastrtps_cpp[0m
[0.088s] [ 22%] Built target husky_msgs__rosidl_typesupport_introspection_c
[0.089s] [ 32%] Built target husky_msgs__rosidl_typesupport_c
[0.093s] [ 41%] Built target husky_msgs__rosidl_typesupport_fastrtps_c
[0.093s] [ 51%] Built target husky_msgs__rosidl_typesupport_introspection_cpp
[0.094s] [ 61%] Built target husky_msgs__rosidl_typesupport_cpp
[0.094s] [ 70%] Built target husky_msgs__rosidl_typesupport_fastrtps_cpp
[0.116s] [ 70%] Built target husky_msgs
[0.135s] [ 74%] Built target husky_msgs__py
[0.145s] [35m[1mConsolidate compiler generated dependencies of target husky_msgs__rosidl_generator_py[0m
[0.158s] [ 80%] Built target husky_msgs__rosidl_generator_py
[0.169s] [35m[1mConsolidate compiler generated dependencies of target husky_msgs__rosidl_typesupport_fastrtps_c__pyext[0m
[0.170s] [35m[1mConsolidate compiler generated dependencies of target husky_msgs__rosidl_typesupport_c__pyext[0m
[0.170s] [35m[1mConsolidate compiler generated dependencies of target husky_msgs__rosidl_typesupport_introspection_c__pyext[0m
[0.186s] [ 93%] Built target husky_msgs__rosidl_typesupport_introspection_c__pyext
[0.186s] [ 93%] Built target husky_msgs__rosidl_typesupport_fastrtps_c__pyext
[0.189s] [100%] Built target husky_msgs__rosidl_typesupport_c__pyext
[0.361s] running egg_info
[0.362s] writing husky_msgs.egg-info/PKG-INFO
[0.363s] writing dependency_links to husky_msgs.egg-info/dependency_links.txt
[0.363s] writing top-level names to husky_msgs.egg-info/top_level.txt
[0.366s] reading manifest file 'husky_msgs.egg-info/SOURCES.txt'
[0.367s] writing manifest file 'husky_msgs.egg-info/SOURCES.txt'
[0.395s] [100%] Built target ament_cmake_python_build_husky_msgs_egg
[0.407s] Invoked command in '/home/ds/your_workspace/build/husky_msgs' returned '0': CMAKE_PREFIX_PATH=${CMAKE_PREFIX_PATH}:/opt/ros/humble /usr/bin/cmake --build /home/ds/your_workspace/build/husky_msgs -- -j8 -l8
[0.483s] Invoking command in '/home/ds/your_workspace/build/husky_msgs': CMAKE_PREFIX_PATH=${CMAKE_PREFIX_PATH}:/opt/ros/humble /usr/bin/cmake --install /home/ds/your_workspace/build/husky_msgs
[0.499s] -- Install configuration: ""
[0.500s] -- Execute custom install script
[0.500s] -- Up-to-date symlink: /home/ds/your_workspace/install/husky_msgs/share/ament_index/resource_index/rosidl_interfaces/husky_msgs
[0.500s] -- Up-to-date symlink: /home/ds/your_workspace/install/husky_msgs/include/husky_msgs/husky_msgs/msg/detail/husky_status__functions.h
[0.500s] -- Up-to-date symlink: /home/ds/your_workspace/install/husky_msgs/include/husky_msgs/husky_msgs/msg/detail/husky_status__struct.h
[0.501s] -- Up-to-date symlink: /home/ds/your_workspace/install/husky_msgs/include/husky_msgs/husky_msgs/msg/detail/husky_status__type_support.h
[0.501s] -- Up-to-date symlink: /home/ds/your_workspace/install/husky_msgs/include/husky_msgs/husky_msgs/msg/husky_status.h
[0.501s] -- Up-to-date symlink: /home/ds/your_workspace/install/husky_msgs/include/husky_msgs/husky_msgs/msg/rosidl_generator_c__visibility_control.h
[0.501s] -- Up-to-date symlink: /home/ds/your_workspace/install/husky_msgs/share/husky_msgs/environment/library_path.sh
[0.502s] -- Up-to-date symlink: /home/ds/your_workspace/install/husky_msgs/share/husky_msgs/environment/library_path.dsv
[0.502s] -- Up-to-date symlink: /home/ds/your_workspace/install/husky_msgs/include/husky_msgs/husky_msgs/msg/detail/husky_status__rosidl_typesupport_fastrtps_c.h
[0.502s] -- Up-to-date symlink: /home/ds/your_workspace/install/husky_msgs/include/husky_msgs/husky_msgs/msg/rosidl_typesupport_fastrtps_c__visibility_control.h
[0.502s] -- Up-to-date symlink: /home/ds/your_workspace/install/husky_msgs/include/husky_msgs/husky_msgs/msg/detail/husky_status__builder.hpp
[0.502s] -- Up-to-date symlink: /home/ds/your_workspace/install/husky_msgs/include/husky_msgs/husky_msgs/msg/detail/husky_status__struct.hpp
[0.502s] -- Up-to-date symlink: /home/ds/your_workspace/install/husky_msgs/include/husky_msgs/husky_msgs/msg/detail/husky_status__traits.hpp
[0.502s] -- Up-to-date symlink: /home/ds/your_workspace/install/husky_msgs/include/husky_msgs/husky_msgs/msg/husky_status.hpp
[0.502s] -- Up-to-date symlink: /home/ds/your_workspace/install/husky_msgs/include/husky_msgs/husky_msgs/msg/detail/husky_status__rosidl_typesupport_fastrtps_cpp.hpp
[0.503s] -- Up-to-date symlink: /home/ds/your_workspace/install/husky_msgs/include/husky_msgs/husky_msgs/msg/rosidl_typesupport_fastrtps_cpp__visibility_control.h
[0.503s] -- Up-to-date symlink: /home/ds/your_workspace/install/husky_msgs/include/husky_msgs/husky_msgs/msg/detail/husky_status__rosidl_typesupport_introspection_c.h
[0.503s] -- Up-to-date symlink: /home/ds/your_workspace/install/husky_msgs/include/husky_msgs/husky_msgs/msg/rosidl_typesupport_introspection_c__visibility_control.h
[0.503s] -- Up-to-date symlink: /home/ds/your_workspace/install/husky_msgs/include/husky_msgs/husky_msgs/msg/detail/husky_status__rosidl_typesupport_introspection_cpp.hpp
[0.503s] -- Up-to-date symlink: /home/ds/your_workspace/install/husky_msgs/share/husky_msgs/environment/pythonpath.sh
[0.503s] -- Up-to-date symlink: /home/ds/your_workspace/install/husky_msgs/share/husky_msgs/environment/pythonpath.dsv
[0.503s] -- Up-to-date symlink: /home/ds/your_workspace/install/husky_msgs/local/lib/python3.10/dist-packages/husky_msgs-1.0.8-py3.10.egg-info/PKG-INFO
[0.503s] -- Up-to-date symlink: /home/ds/your_workspace/install/husky_msgs/local/lib/python3.10/dist-packages/husky_msgs-1.0.8-py3.10.egg-info/SOURCES.txt
[0.503s] -- Up-to-date symlink: /home/ds/your_workspace/install/husky_msgs/local/lib/python3.10/dist-packages/husky_msgs-1.0.8-py3.10.egg-info/dependency_links.txt
[0.503s] -- Up-to-date symlink: /home/ds/your_workspace/install/husky_msgs/local/lib/python3.10/dist-packages/husky_msgs-1.0.8-py3.10.egg-info/top_level.txt
[0.504s] -- Up-to-date symlink: /home/ds/your_workspace/install/husky_msgs/local/lib/python3.10/dist-packages/husky_msgs/__init__.py
[0.504s] -- Up-to-date symlink: /home/ds/your_workspace/install/husky_msgs/local/lib/python3.10/dist-packages/husky_msgs/_husky_msgs_s.ep.rosidl_typesupport_c.c
[0.504s] -- Up-to-date symlink: /home/ds/your_workspace/install/husky_msgs/local/lib/python3.10/dist-packages/husky_msgs/_husky_msgs_s.ep.rosidl_typesupport_fastrtps_c.c
[0.504s] -- Up-to-date symlink: /home/ds/your_workspace/install/husky_msgs/local/lib/python3.10/dist-packages/husky_msgs/_husky_msgs_s.ep.rosidl_typesupport_introspection_c.c
[0.504s] -- Up-to-date symlink: /home/ds/your_workspace/install/husky_msgs/local/lib/python3.10/dist-packages/husky_msgs/husky_msgs_s__rosidl_typesupport_c.cpython-310-x86_64-linux-gnu.so
[0.504s] -- Up-to-date symlink: /home/ds/your_workspace/install/husky_msgs/local/lib/python3.10/dist-packages/husky_msgs/husky_msgs_s__rosidl_typesupport_fastrtps_c.cpython-310-x86_64-linux-gnu.so
[0.504s] -- Up-to-date symlink: /home/ds/your_workspace/install/husky_msgs/local/lib/python3.10/dist-packages/husky_msgs/husky_msgs_s__rosidl_typesupport_introspection_c.cpython-310-x86_64-linux-gnu.so
[0.504s] -- Up-to-date symlink: /home/ds/your_workspace/install/husky_msgs/local/lib/python3.10/dist-packages/husky_msgs/libhusky_msgs__rosidl_generator_py.so
[0.504s] -- Up-to-date symlink: /home/ds/your_workspace/install/husky_msgs/local/lib/python3.10/dist-packages/husky_msgs/msg/__init__.py
[0.504s] -- Up-to-date symlink: /home/ds/your_workspace/install/husky_msgs/local/lib/python3.10/dist-packages/husky_msgs/msg/_husky_status.py
[0.504s] -- Up-to-date symlink: /home/ds/your_workspace/install/husky_msgs/local/lib/python3.10/dist-packages/husky_msgs/msg/_husky_status_s.c
[0.504s] -- Up-to-date symlink: /home/ds/your_workspace/install/husky_msgs/local/lib/python3.10/dist-packages/husky_msgs/husky_msgs_s__rosidl_typesupport_fastrtps_c.cpython-310-x86_64-linux-gnu.so
[0.504s] -- Up-to-date symlink: /home/ds/your_workspace/install/husky_msgs/local/lib/python3.10/dist-packages/husky_msgs/husky_msgs_s__rosidl_typesupport_introspection_c.cpython-310-x86_64-linux-gnu.so
[0.504s] -- Up-to-date symlink: /home/ds/your_workspace/install/husky_msgs/local/lib/python3.10/dist-packages/husky_msgs/husky_msgs_s__rosidl_typesupport_c.cpython-310-x86_64-linux-gnu.so
[0.504s] -- Up-to-date symlink: /home/ds/your_workspace/install/husky_msgs/share/husky_msgs/msg/HuskyStatus.idl
[0.504s] -- Up-to-date symlink: /home/ds/your_workspace/install/husky_msgs/share/husky_msgs/msg/HuskyStatus.msg
[0.504s] -- Up-to-date symlink: /home/ds/your_workspace/install/husky_msgs/share/ament_index/resource_index/package_run_dependencies/husky_msgs
[0.504s] -- Up-to-date symlink: /home/ds/your_workspace/install/husky_msgs/share/ament_index/resource_index/parent_prefix_path/husky_msgs
[0.505s] -- Up-to-date symlink: /home/ds/your_workspace/install/husky_msgs/share/husky_msgs/environment/ament_prefix_path.sh
[0.505s] -- Up-to-date symlink: /home/ds/your_workspace/install/husky_msgs/share/husky_msgs/environment/ament_prefix_path.dsv
[0.505s] -- Up-to-date symlink: /home/ds/your_workspace/install/husky_msgs/share/husky_msgs/environment/path.sh
[0.505s] -- Up-to-date symlink: /home/ds/your_workspace/install/husky_msgs/share/husky_msgs/environment/path.dsv
[0.505s] -- Up-to-date symlink: /home/ds/your_workspace/install/husky_msgs/share/husky_msgs/local_setup.bash
[0.505s] -- Up-to-date symlink: /home/ds/your_workspace/install/husky_msgs/share/husky_msgs/local_setup.sh
[0.505s] -- Up-to-date symlink: /home/ds/your_workspace/install/husky_msgs/share/husky_msgs/local_setup.zsh
[0.505s] -- Up-to-date symlink: /home/ds/your_workspace/install/husky_msgs/share/husky_msgs/local_setup.dsv
[0.505s] -- Symlinking: /home/ds/your_workspace/install/husky_msgs/share/husky_msgs/package.dsv
[0.511s] -- Up-to-date symlink: /home/ds/your_workspace/install/husky_msgs/share/ament_index/resource_index/packages/husky_msgs
[0.511s] -- Up-to-date symlink: /home/ds/your_workspace/install/husky_msgs/share/husky_msgs/cmake/rosidl_cmake-extras.cmake
[0.512s] -- Up-to-date symlink: /home/ds/your_workspace/install/husky_msgs/share/husky_msgs/cmake/ament_cmake_export_dependencies-extras.cmake
[0.512s] -- Up-to-date symlink: /home/ds/your_workspace/install/husky_msgs/share/husky_msgs/cmake/ament_cmake_export_include_directories-extras.cmake
[0.512s] -- Up-to-date symlink: /home/ds/your_workspace/install/husky_msgs/share/husky_msgs/cmake/ament_cmake_export_libraries-extras.cmake
[0.512s] -- Up-to-date symlink: /home/ds/your_workspace/install/husky_msgs/share/husky_msgs/cmake/ament_cmake_export_targets-extras.cmake
[0.513s] -- Up-to-date symlink: /home/ds/your_workspace/install/husky_msgs/share/husky_msgs/cmake/rosidl_cmake_export_typesupport_targets-extras.cmake
[0.513s] -- Up-to-date symlink: /home/ds/your_workspace/install/husky_msgs/share/husky_msgs/cmake/rosidl_cmake_export_typesupport_libraries-extras.cmake
[0.513s] -- Up-to-date symlink: /home/ds/your_workspace/install/husky_msgs/share/husky_msgs/cmake/husky_msgsConfig.cmake
[0.513s] -- Up-to-date symlink: /home/ds/your_workspace/install/husky_msgs/share/husky_msgs/cmake/husky_msgsConfig-version.cmake
[0.513s] -- Up-to-date symlink: /home/ds/your_workspace/install/husky_msgs/share/husky_msgs/package.xml
[0.514s] -- Up-to-date: /home/ds/your_workspace/install/husky_msgs/lib/libhusky_msgs__rosidl_generator_c.so
[0.514s] -- Up-to-date: /home/ds/your_workspace/install/husky_msgs/lib/libhusky_msgs__rosidl_typesupport_fastrtps_c.so
[0.515s] -- Up-to-date: /home/ds/your_workspace/install/husky_msgs/lib/libhusky_msgs__rosidl_typesupport_fastrtps_cpp.so
[0.515s] -- Up-to-date: /home/ds/your_workspace/install/husky_msgs/lib/libhusky_msgs__rosidl_typesupport_introspection_c.so
[0.515s] -- Up-to-date: /home/ds/your_workspace/install/husky_msgs/lib/libhusky_msgs__rosidl_typesupport_c.so
[0.516s] -- Up-to-date: /home/ds/your_workspace/install/husky_msgs/lib/libhusky_msgs__rosidl_typesupport_introspection_cpp.so
[0.516s] -- Up-to-date: /home/ds/your_workspace/install/husky_msgs/lib/libhusky_msgs__rosidl_typesupport_cpp.so
[0.547s] Listing '/home/ds/your_workspace/install/husky_msgs/local/lib/python3.10/dist-packages/husky_msgs'...
[0.547s] Listing '/home/ds/your_workspace/install/husky_msgs/local/lib/python3.10/dist-packages/husky_msgs/msg'...
[0.552s] -- Up-to-date: /home/ds/your_workspace/install/husky_msgs/lib/libhusky_msgs__rosidl_generator_py.so
[0.552s] -- Up-to-date: /home/ds/your_workspace/install/husky_msgs/share/husky_msgs/cmake/export_husky_msgs__rosidl_generator_cExport.cmake
[0.552s] -- Up-to-date: /home/ds/your_workspace/install/husky_msgs/share/husky_msgs/cmake/export_husky_msgs__rosidl_generator_cExport-noconfig.cmake
[0.553s] -- Up-to-date: /home/ds/your_workspace/install/husky_msgs/share/husky_msgs/cmake/export_husky_msgs__rosidl_typesupport_fastrtps_cExport.cmake
[0.553s] -- Up-to-date: /home/ds/your_workspace/install/husky_msgs/share/husky_msgs/cmake/export_husky_msgs__rosidl_typesupport_fastrtps_cExport-noconfig.cmake
[0.553s] -- Up-to-date: /home/ds/your_workspace/install/husky_msgs/share/husky_msgs/cmake/export_husky_msgs__rosidl_generator_cppExport.cmake
[0.553s] -- Up-to-date: /home/ds/your_workspace/install/husky_msgs/share/husky_msgs/cmake/export_husky_msgs__rosidl_typesupport_fastrtps_cppExport.cmake
[0.553s] -- Up-to-date: /home/ds/your_workspace/install/husky_msgs/share/husky_msgs/cmake/export_husky_msgs__rosidl_typesupport_fastrtps_cppExport-noconfig.cmake
[0.553s] -- Up-to-date: /home/ds/your_workspace/install/husky_msgs/share/husky_msgs/cmake/husky_msgs__rosidl_typesupport_introspection_cExport.cmake
[0.554s] -- Up-to-date: /home/ds/your_workspace/install/husky_msgs/share/husky_msgs/cmake/husky_msgs__rosidl_typesupport_introspection_cExport-noconfig.cmake
[0.554s] -- Up-to-date: /home/ds/your_workspace/install/husky_msgs/share/husky_msgs/cmake/husky_msgs__rosidl_typesupport_cExport.cmake
[0.554s] -- Up-to-date: /home/ds/your_workspace/install/husky_msgs/share/husky_msgs/cmake/husky_msgs__rosidl_typesupport_cExport-noconfig.cmake
[0.554s] -- Up-to-date: /home/ds/your_workspace/install/husky_msgs/share/husky_msgs/cmake/husky_msgs__rosidl_typesupport_introspection_cppExport.cmake
[0.554s] -- Up-to-date: /home/ds/your_workspace/install/husky_msgs/share/husky_msgs/cmake/husky_msgs__rosidl_typesupport_introspection_cppExport-noconfig.cmake
[0.554s] -- Up-to-date: /home/ds/your_workspace/install/husky_msgs/share/husky_msgs/cmake/husky_msgs__rosidl_typesupport_cppExport.cmake
[0.555s] -- Up-to-date: /home/ds/your_workspace/install/husky_msgs/share/husky_msgs/cmake/husky_msgs__rosidl_typesupport_cppExport-noconfig.cmake
[0.555s] -- Up-to-date: /home/ds/your_workspace/install/husky_msgs/share/husky_msgs/cmake/export_husky_msgs__rosidl_generator_pyExport.cmake
[0.555s] -- Up-to-date: /home/ds/your_workspace/install/husky_msgs/share/husky_msgs/cmake/export_husky_msgs__rosidl_generator_pyExport-noconfig.cmake
[0.556s] Invoked command in '/home/ds/your_workspace/build/husky_msgs' returned '0': CMAKE_PREFIX_PATH=${CMAKE_PREFIX_PATH}:/opt/ros/humble /usr/bin/cmake --install /home/ds/your_workspace/build/husky_msgs
