-- The C compiler identification is GNU 11.4.0
-- The CXX compiler identification is GNU 11.4.0
-- Detecting C compiler ABI info
-- Detecting C compiler ABI info - done
-- Check for working C compiler: /usr/bin/cc - skipped
-- Detecting C compile features
-- Detecting C compile features - done
-- Detecting CXX compiler ABI info
-- Detecting CXX compiler ABI info - done
-- Check for working CXX compiler: /usr/bin/c++ - skipped
-- Detecting CXX compile features
-- Detecting CXX compile features - done
-- Found ament_cmake: 1.3.5 (/opt/ros/humble/share/ament_cmake/cmake)
-- Found Python3: /usr/bin/python3.10 (found version "3.10.12") found components: Interpreter 
-- Override CMake install command with custom implementation using symlinks instead of copying resources
-- Configuring done
-- Generating done
-- Build files have been written to: /home/ds/your_workspace/build/husky_bringup
-- Install configuration: ""
-- Execute custom install script
-- Symlinking: /home/ds/your_workspace/install/husky_bringup/share/husky_bringup/config/mag_config_default.yaml
-- Symlinking: /home/ds/your_workspace/install/husky_bringup/share/husky_bringup/launch/accessories.launch.py
-- Symlinking: /home/ds/your_workspace/install/husky_bringup/share/husky_bringup/udev/10-microstrain.rules
-- Symlinking: /home/ds/your_workspace/install/husky_bringup/share/husky_bringup/udev/41-clearpath.rules
-- Symlinking: /home/ds/your_workspace/install/husky_bringup/share/husky_bringup/udev/41-hokuyo.rules
-- Symlinking: /home/ds/your_workspace/install/husky_bringup/share/husky_bringup/udev/41-logitech.rules
-- Symlinking: /home/ds/your_workspace/install/husky_bringup/share/husky_bringup/udev/52-ftdi.rules
-- Symlinking: /home/ds/your_workspace/install/husky_bringup/share/husky_bringup/udev/README.md
-- Symlinking: /home/ds/your_workspace/install/husky_bringup/lib/husky_bringup/install
-- Symlinking: /home/ds/your_workspace/install/husky_bringup/share/ament_index/resource_index/package_run_dependencies/husky_bringup
-- Symlinking: /home/ds/your_workspace/install/husky_bringup/share/ament_index/resource_index/parent_prefix_path/husky_bringup
-- Symlinking: /home/ds/your_workspace/install/husky_bringup/share/husky_bringup/environment/ament_prefix_path.sh
-- Symlinking: /home/ds/your_workspace/install/husky_bringup/share/husky_bringup/environment/ament_prefix_path.dsv
-- Symlinking: /home/ds/your_workspace/install/husky_bringup/share/husky_bringup/environment/path.sh
-- Symlinking: /home/ds/your_workspace/install/husky_bringup/share/husky_bringup/environment/path.dsv
-- Symlinking: /home/ds/your_workspace/install/husky_bringup/share/husky_bringup/local_setup.bash
-- Symlinking: /home/ds/your_workspace/install/husky_bringup/share/husky_bringup/local_setup.sh
-- Symlinking: /home/ds/your_workspace/install/husky_bringup/share/husky_bringup/local_setup.zsh
-- Symlinking: /home/ds/your_workspace/install/husky_bringup/share/husky_bringup/local_setup.dsv
-- Symlinking: /home/ds/your_workspace/install/husky_bringup/share/husky_bringup/package.dsv
-- Symlinking: /home/ds/your_workspace/install/husky_bringup/share/ament_index/resource_index/packages/husky_bringup
-- Symlinking: /home/ds/your_workspace/install/husky_bringup/share/husky_bringup/cmake/husky_bringupConfig.cmake
-- Symlinking: /home/ds/your_workspace/install/husky_bringup/share/husky_bringup/cmake/husky_bringupConfig-version.cmake
-- Symlinking: /home/ds/your_workspace/install/husky_bringup/share/husky_bringup/package.xml
